2025-08-24 07:34:08.516 [info] [main] Log level: Info
2025-08-24 07:34:08.516 [info] [main] Validating found git in: "git"
2025-08-24 07:34:08.516 [info] [main] Using git "2.43.0" from "git"
2025-08-24 07:34:08.516 [info] [Model][doInitialScan] Initial repository scan started
2025-08-24 07:34:08.516 [info] > git rev-parse --show-toplevel [11ms]
2025-08-24 07:34:08.516 [info] > git rev-parse --git-dir --git-common-dir --show-superproject-working-tree [13ms]
2025-08-24 07:34:08.516 [info] [Model][openRepository] Opened repository (path): /home/sarvarbek
2025-08-24 07:34:08.516 [info] [Model][openRepository] Opened repository (real path): /home/sarvarbek
2025-08-24 07:34:08.516 [info] [Model][openRepository] Opened repository (kind): repository
2025-08-24 07:34:08.516 [info] > git config --get commit.template [13ms]
2025-08-24 07:34:08.516 [info] > git rev-parse --show-toplevel [7ms]
2025-08-24 07:34:08.516 [info] [Git][getRemotes] No remotes found in the git config file
2025-08-24 07:34:08.533 [info] > git for-each-ref --format=%(refname)%00%(upstream:short)%00%(objectname)%00%(upstream:track)%00%(upstream:remotename)%00%(upstream:remoteref) refs/heads/master refs/remotes/master [17ms]
2025-08-24 07:34:08.534 [warning] [Git][getBranch] No such branch: master
2025-08-24 07:34:08.572 [info] > git for-each-ref --sort -committerdate --format %(refname)%00%(objectname)%00%(*objectname) [8ms]
2025-08-24 07:34:08.578 [info] > git rev-parse --show-toplevel [50ms]
2025-08-24 07:34:08.610 [info] > git rev-parse --show-toplevel [22ms]
2025-08-24 07:34:08.620 [info] [Model][doInitialScan] Initial repository scan completed - repositories (1), closed repositories (0), parent repositories (0), unsafe repositories (0)
2025-08-24 07:34:09.008 [info] > git show --textconv :Desktop/headphones-figma-main/index.html [31ms]
2025-08-24 07:34:09.037 [info] > git ls-files --stage -- Desktop/headphones-figma-main/index.html [45ms]
2025-08-24 07:34:09.061 [info] > git hash-object -t tree /dev/null [30ms]
2025-08-24 07:34:09.062 [warning] [GitFileSystemProvider][readFile] File not found - git:/home/sarvarbek/Desktop/headphones-figma-main/index.html.git?%7B%22path%22%3A%22%2Fhome%2Fsarvarbek%2FDesktop%2Fheadphones-figma-main%2Findex.html%22%2C%22ref%22%3A%22%22%7D
2025-08-24 07:34:09.069 [info] > git hash-object -t tree /dev/null [16ms]
2025-08-24 07:34:09.069 [warning] [GitFileSystemProvider][stat] File not found - git:/home/sarvarbek/Desktop/headphones-figma-main/index.html.git?%7B%22path%22%3A%22%2Fhome%2Fsarvarbek%2FDesktop%2Fheadphones-figma-main%2Findex.html%22%2C%22ref%22%3A%22%22%7D
2025-08-24 07:34:09.471 [info] > git status -z -uall [922ms] (cancelled)
2025-08-24 07:34:12.079 [info] > git for-each-ref --format=%(refname)%00%(upstream:short)%00%(objectname)%00%(upstream:track)%00%(upstream:remotename)%00%(upstream:remoteref) refs/heads/master refs/remotes/master [2636ms]
2025-08-24 07:34:12.079 [warning] [Git][getBranch] No such branch: master
2025-08-24 07:34:12.080 [error] [GitHistoryProvider][resolveHEADMergeBase] Failed to resolve merge base for master: Error: No such branch: master.
2025-08-24 07:34:12.144 [info] > git check-ignore -v -z --stdin [2653ms]
2025-08-24 07:34:12.147 [info] > git config --get commit.template [71ms]
2025-08-24 07:34:12.157 [info] [Git][getRemotes] No remotes found in the git config file
2025-08-24 07:34:12.164 [info] > git for-each-ref --format=%(refname)%00%(upstream:short)%00%(objectname)%00%(upstream:track)%00%(upstream:remotename)%00%(upstream:remoteref) refs/heads/master refs/remotes/master [8ms]
2025-08-24 07:34:12.164 [warning] [Git][getBranch] No such branch: master
2025-08-24 07:34:12.184 [info] > git for-each-ref --sort -committerdate --format %(refname)%00%(objectname)%00%(*objectname) [4ms]
2025-08-24 07:34:14.825 [info] > git status -z -uall [2653ms] (cancelled)
2025-08-24 07:34:21.709 [info] > git check-ignore -v -z --stdin [35ms]
2025-08-24 07:34:23.424 [info] > git config --get commit.template [13ms]
2025-08-24 07:34:23.448 [info] [Git][getRemotes] No remotes found in the git config file
2025-08-24 07:34:23.457 [info] > git for-each-ref --format=%(refname)%00%(upstream:short)%00%(objectname)%00%(upstream:track)%00%(upstream:remotename)%00%(upstream:remoteref) refs/heads/master refs/remotes/master [9ms]
2025-08-24 07:34:23.457 [warning] [Git][getBranch] No such branch: master
2025-08-24 07:34:23.508 [info] > git for-each-ref --sort -committerdate --format %(refname)%00%(objectname)%00%(*objectname) [6ms]
2025-08-24 07:34:26.269 [info] > git status -z -uall [2791ms] (cancelled)
2025-08-24 07:34:27.132 [info] > git show --textconv :Desktop/headphones-figma-main [18ms]
2025-08-24 07:34:27.133 [warning] [GitFileSystemProvider][readFile] File not found - git:/home/sarvarbek/Desktop/headphones-figma-main.git?%7B%22path%22%3A%22%2Fhome%2Fsarvarbek%2FDesktop%2Fheadphones-figma-main%22%2C%22ref%22%3A%22%22%7D
2025-08-24 07:34:27.134 [info] > git ls-files --stage -- Desktop/headphones-figma-main [3ms]
2025-08-24 07:34:27.135 [warning] [GitFileSystemProvider][stat] File not found - git:/home/sarvarbek/Desktop/headphones-figma-main.git?%7B%22path%22%3A%22%2Fhome%2Fsarvarbek%2FDesktop%2Fheadphones-figma-main%22%2C%22ref%22%3A%22%22%7D
