2025-08-24 13:47:56.216 [info] [main] Log level: Info
2025-08-24 13:47:56.216 [info] [main] Validating found git in: "git"
2025-08-24 13:47:56.216 [info] [main] Using git "2.43.0" from "git"
2025-08-24 13:47:56.216 [info] [Model][doInitialScan] Initial repository scan started
2025-08-24 13:47:56.216 [info] > git rev-parse --show-toplevel [31ms]
2025-08-24 13:47:56.216 [info] > git rev-parse --git-dir --git-common-dir --show-superproject-working-tree [11ms]
2025-08-24 13:47:56.216 [info] [Model][openRepository] Opened repository (path): /home/sarvarbek
2025-08-24 13:47:56.216 [info] [Model][openRepository] Opened repository (real path): /home/sarvarbek
2025-08-24 13:47:56.216 [info] [Model][openRepository] Opened repository (kind): repository
2025-08-24 13:47:56.216 [info] > git rev-parse --show-toplevel [22ms]
2025-08-24 13:47:56.216 [info] [Model][doInitialScan] Initial repository scan completed - repositories (1), closed repositories (0), parent repositories (0), unsafe repositories (0)
2025-08-24 13:47:56.216 [info] > git config --get commit.template [53ms]
2025-08-24 13:47:56.216 [info] > git for-each-ref --format=%(refname)%00%(upstream:short)%00%(objectname)%00%(upstream:track)%00%(upstream:remotename)%00%(upstream:remoteref) refs/heads/master refs/remotes/master [8ms]
2025-08-24 13:47:56.216 [warning] [Git][getBranch] No such branch: master
2025-08-24 13:47:56.216 [info] > git for-each-ref --sort -committerdate --format %(refname)%00%(objectname)%00%(*objectname) [154ms]
2025-08-24 13:48:08.504 [info] > git status -z -uall [12461ms] (cancelled)
2025-08-24 13:48:08.504 [info] > git for-each-ref --format=%(refname)%00%(upstream:short)%00%(objectname)%00%(upstream:track)%00%(upstream:remotename)%00%(upstream:remoteref) refs/heads/master refs/remotes/master [2044ms]
2025-08-24 13:48:08.504 [warning] [Git][getBranch] No such branch: master
2025-08-24 13:48:08.506 [error] [GitHistoryProvider][resolveHEADMergeBase] Failed to resolve merge base for master: Error: No such branch: master.
2025-08-24 13:48:08.564 [info] > git config --get commit.template [71ms]
2025-08-24 13:48:08.618 [info] > git for-each-ref --format=%(refname)%00%(upstream:short)%00%(objectname)%00%(upstream:track)%00%(upstream:remotename)%00%(upstream:remoteref) refs/heads/master refs/remotes/master [20ms]
2025-08-24 13:48:08.619 [warning] [Git][getBranch] No such branch: master
2025-08-24 13:48:08.659 [info] > git for-each-ref --sort -committerdate --format %(refname)%00%(objectname)%00%(*objectname) [3ms]
2025-08-24 13:48:11.499 [info] > git status -z -uall [2863ms] (cancelled)
2025-08-24 13:48:11.645 [info] > git log --format=%H%n%aN%n%aE%n%at%n%ct%n%P%n%D%n%B -z --shortstat --diff-merges=first-parent -n50 --skip=0 --topo-order --decorate=full --stdin [88ms]
2025-08-24 13:48:11.645 [info] fatal: bad revision 'refs/heads/master'
2025-08-24 13:48:11.646 [error] [GitHistoryProvider][provideHistoryItems] Failed to get history items with options '{"historyItemRefs":["refs/heads/master"],"limit":50,"skip":0}': Failed to execute git {
  "exitCode": 128,
  "gitCommand": "log",
  "stdout": "",
  "stderr": "fatal: bad revision 'refs/heads/master'\n"
}
2025-08-24 13:48:12.088 [info] > git check-ignore -v -z --stdin [28ms]
2025-08-24 13:48:12.902 [info] > git config --get commit.template [98ms]
2025-08-24 13:48:12.976 [info] > git for-each-ref --format=%(refname)%00%(upstream:short)%00%(objectname)%00%(upstream:track)%00%(upstream:remotename)%00%(upstream:remoteref) refs/heads/master refs/remotes/master [30ms]
2025-08-24 13:48:12.976 [warning] [Git][getBranch] No such branch: master
2025-08-24 13:48:13.052 [info] > git for-each-ref --sort -committerdate --format %(refname)%00%(objectname)%00%(*objectname) [17ms]
2025-08-24 13:48:13.363 [info] > git add -A -- . [5ms]
2025-08-24 13:48:13.363 [info] fatal: Unable to create '/home/sarvarbek/.git/index.lock': File exists.

Another git process seems to be running in this repository, e.g.
an editor opened by 'git commit'. Please make sure all processes
are terminated then try again. If it still fails, a git process
may have crashed in this repository earlier:
remove the file manually to continue.
2025-08-24 13:48:15.761 [info] > git status -z -uall [2755ms] (cancelled)
2025-08-24 13:48:15.762 [info] > git add -A -- . [2221ms]
2025-08-24 13:48:15.762 [info] fatal: Unable to create '/home/sarvarbek/.git/index.lock': File exists.

Another git process seems to be running in this repository, e.g.
an editor opened by 'git commit'. Please make sure all processes
are terminated then try again. If it still fails, a git process
may have crashed in this repository earlier:
remove the file manually to continue.
2025-08-24 13:48:15.992 [info] > git add -A -- . [6ms]
2025-08-24 13:48:15.992 [info] fatal: Unable to create '/home/sarvarbek/.git/index.lock': File exists.

Another git process seems to be running in this repository, e.g.
an editor opened by 'git commit'. Please make sure all processes
are terminated then try again. If it still fails, a git process
may have crashed in this repository earlier:
remove the file manually to continue.
2025-08-24 13:48:16.467 [info] > git add -A -- . [7ms]
2025-08-24 13:48:16.467 [info] fatal: Unable to create '/home/sarvarbek/.git/index.lock': File exists.

Another git process seems to be running in this repository, e.g.
an editor opened by 'git commit'. Please make sure all processes
are terminated then try again. If it still fails, a git process
may have crashed in this repository earlier:
remove the file manually to continue.
2025-08-24 13:48:17.287 [info] > git add -A -- . [3ms]
2025-08-24 13:48:17.287 [info] fatal: Unable to create '/home/sarvarbek/.git/index.lock': File exists.

Another git process seems to be running in this repository, e.g.
an editor opened by 'git commit'. Please make sure all processes
are terminated then try again. If it still fails, a git process
may have crashed in this repository earlier:
remove the file manually to continue.
2025-08-24 13:48:18.569 [info] > git add -A -- . [3ms]
2025-08-24 13:48:18.569 [info] fatal: Unable to create '/home/sarvarbek/.git/index.lock': File exists.

Another git process seems to be running in this repository, e.g.
an editor opened by 'git commit'. Please make sure all processes
are terminated then try again. If it still fails, a git process
may have crashed in this repository earlier:
remove the file manually to continue.
2025-08-24 13:48:20.394 [info] > git add -A -- . [3ms]
2025-08-24 13:48:20.394 [info] fatal: Unable to create '/home/sarvarbek/.git/index.lock': File exists.

Another git process seems to be running in this repository, e.g.
an editor opened by 'git commit'. Please make sure all processes
are terminated then try again. If it still fails, a git process
may have crashed in this repository earlier:
remove the file manually to continue.
2025-08-24 13:48:22.869 [info] > git add -A -- . [7ms]
2025-08-24 13:48:22.869 [info] fatal: Unable to create '/home/sarvarbek/.git/index.lock': File exists.

Another git process seems to be running in this repository, e.g.
an editor opened by 'git commit'. Please make sure all processes
are terminated then try again. If it still fails, a git process
may have crashed in this repository earlier:
remove the file manually to continue.
2025-08-24 13:48:26.091 [info] > git add -A -- . [2ms]
2025-08-24 13:48:26.091 [info] fatal: Unable to create '/home/sarvarbek/.git/index.lock': File exists.

Another git process seems to be running in this repository, e.g.
an editor opened by 'git commit'. Please make sure all processes
are terminated then try again. If it still fails, a git process
may have crashed in this repository earlier:
remove the file manually to continue.
2025-08-24 13:48:27.660 [info] > git add -A -- . [16039ms]
2025-08-24 13:48:27.661 [info] error: '.local/share/Trash/files/12-dars/' does not have a commit checked out
fatal: adding files failed
2025-08-24 13:48:27.710 [info] > git config --get commit.template [24ms]
2025-08-24 13:48:27.711 [info] > git for-each-ref --format=%(refname)%00%(upstream:short)%00%(objectname)%00%(upstream:track)%00%(upstream:remotename)%00%(upstream:remoteref) refs/heads/master refs/remotes/master [2ms]
2025-08-24 13:48:27.712 [warning] [Git][getBranch] No such branch: master
2025-08-24 13:48:27.755 [info] > git for-each-ref --sort -committerdate --format %(refname)%00%(objectname)%00%(*objectname) [3ms]
2025-08-24 13:48:30.453 [info] > git status -z -uall [2723ms] (cancelled)
2025-08-24 13:48:36.007 [info] > git add -A -- . [4ms]
2025-08-24 13:48:36.007 [info] fatal: Unable to create '/home/sarvarbek/.git/index.lock': File exists.

Another git process seems to be running in this repository, e.g.
an editor opened by 'git commit'. Please make sure all processes
are terminated then try again. If it still fails, a git process
may have crashed in this repository earlier:
remove the file manually to continue.
2025-08-24 13:48:36.081 [info] > git add -A -- . [3ms]
2025-08-24 13:48:36.081 [info] fatal: Unable to create '/home/sarvarbek/.git/index.lock': File exists.

Another git process seems to be running in this repository, e.g.
an editor opened by 'git commit'. Please make sure all processes
are terminated then try again. If it still fails, a git process
may have crashed in this repository earlier:
remove the file manually to continue.
2025-08-24 13:48:36.304 [info] > git add -A -- . [3ms]
2025-08-24 13:48:36.304 [info] fatal: Unable to create '/home/sarvarbek/.git/index.lock': File exists.

Another git process seems to be running in this repository, e.g.
an editor opened by 'git commit'. Please make sure all processes
are terminated then try again. If it still fails, a git process
may have crashed in this repository earlier:
remove the file manually to continue.
2025-08-24 13:48:36.777 [info] > git add -A -- . [3ms]
2025-08-24 13:48:36.777 [info] fatal: Unable to create '/home/sarvarbek/.git/index.lock': File exists.

Another git process seems to be running in this repository, e.g.
an editor opened by 'git commit'. Please make sure all processes
are terminated then try again. If it still fails, a git process
may have crashed in this repository earlier:
remove the file manually to continue.
2025-08-24 13:48:37.602 [info] > git add -A -- . [4ms]
2025-08-24 13:48:37.603 [info] fatal: Unable to create '/home/sarvarbek/.git/index.lock': File exists.

Another git process seems to be running in this repository, e.g.
an editor opened by 'git commit'. Please make sure all processes
are terminated then try again. If it still fails, a git process
may have crashed in this repository earlier:
remove the file manually to continue.
2025-08-24 13:48:38.880 [info] > git add -A -- . [3ms]
2025-08-24 13:48:38.881 [info] fatal: Unable to create '/home/sarvarbek/.git/index.lock': File exists.

Another git process seems to be running in this repository, e.g.
an editor opened by 'git commit'. Please make sure all processes
are terminated then try again. If it still fails, a git process
may have crashed in this repository earlier:
remove the file manually to continue.
2025-08-24 13:48:40.702 [info] > git add -A -- . [3ms]
2025-08-24 13:48:40.702 [info] fatal: Unable to create '/home/sarvarbek/.git/index.lock': File exists.

Another git process seems to be running in this repository, e.g.
an editor opened by 'git commit'. Please make sure all processes
are terminated then try again. If it still fails, a git process
may have crashed in this repository earlier:
remove the file manually to continue.
2025-08-24 13:48:43.173 [info] > git add -A -- . [3ms]
2025-08-24 13:48:43.173 [info] fatal: Unable to create '/home/sarvarbek/.git/index.lock': File exists.

Another git process seems to be running in this repository, e.g.
an editor opened by 'git commit'. Please make sure all processes
are terminated then try again. If it still fails, a git process
may have crashed in this repository earlier:
remove the file manually to continue.
2025-08-24 13:48:45.721 [info] > git add -A -- . [15247ms]
2025-08-24 13:48:45.721 [info] error: '.local/share/Trash/files/12-dars/' does not have a commit checked out
fatal: adding files failed
2025-08-24 13:48:45.744 [info] > git config --get commit.template [4ms]
2025-08-24 13:48:45.765 [info] > git for-each-ref --format=%(refname)%00%(upstream:short)%00%(objectname)%00%(upstream:track)%00%(upstream:remotename)%00%(upstream:remoteref) refs/heads/master refs/remotes/master [3ms]
2025-08-24 13:48:45.765 [warning] [Git][getBranch] No such branch: master
2025-08-24 13:48:45.815 [info] > git for-each-ref --sort -committerdate --format %(refname)%00%(objectname)%00%(*objectname) [4ms]
2025-08-24 13:48:46.217 [info] > git status -z -uall [429ms] (cancelled)
2025-08-24 13:48:58.360 [info] > git add -A -- . [3ms]
2025-08-24 13:48:58.360 [info] fatal: Unable to create '/home/sarvarbek/.git/index.lock': File exists.

Another git process seems to be running in this repository, e.g.
an editor opened by 'git commit'. Please make sure all processes
are terminated then try again. If it still fails, a git process
may have crashed in this repository earlier:
remove the file manually to continue.
2025-08-24 13:48:58.434 [info] > git add -A -- . [2ms]
2025-08-24 13:48:58.434 [info] fatal: Unable to create '/home/sarvarbek/.git/index.lock': File exists.

Another git process seems to be running in this repository, e.g.
an editor opened by 'git commit'. Please make sure all processes
are terminated then try again. If it still fails, a git process
may have crashed in this repository earlier:
remove the file manually to continue.
2025-08-24 13:48:58.657 [info] > git add -A -- . [3ms]
2025-08-24 13:48:58.657 [info] fatal: Unable to create '/home/sarvarbek/.git/index.lock': File exists.

Another git process seems to be running in this repository, e.g.
an editor opened by 'git commit'. Please make sure all processes
are terminated then try again. If it still fails, a git process
may have crashed in this repository earlier:
remove the file manually to continue.
2025-08-24 13:48:59.127 [info] > git add -A -- . [4ms]
2025-08-24 13:48:59.127 [info] fatal: Unable to create '/home/sarvarbek/.git/index.lock': File exists.

Another git process seems to be running in this repository, e.g.
an editor opened by 'git commit'. Please make sure all processes
are terminated then try again. If it still fails, a git process
may have crashed in this repository earlier:
remove the file manually to continue.
2025-08-24 13:48:59.948 [info] > git add -A -- . [3ms]
2025-08-24 13:48:59.948 [info] fatal: Unable to create '/home/sarvarbek/.git/index.lock': File exists.

Another git process seems to be running in this repository, e.g.
an editor opened by 'git commit'. Please make sure all processes
are terminated then try again. If it still fails, a git process
may have crashed in this repository earlier:
remove the file manually to continue.
2025-08-24 13:49:01.220 [info] > git add -A -- . [3ms]
2025-08-24 13:49:01.221 [info] fatal: Unable to create '/home/sarvarbek/.git/index.lock': File exists.

Another git process seems to be running in this repository, e.g.
an editor opened by 'git commit'. Please make sure all processes
are terminated then try again. If it still fails, a git process
may have crashed in this repository earlier:
remove the file manually to continue.
2025-08-24 13:49:02.782 [info] > git check-ignore -v -z --stdin [3ms]
2025-08-24 13:49:03.041 [info] > git add -A -- . [3ms]
2025-08-24 13:49:03.041 [info] fatal: Unable to create '/home/sarvarbek/.git/index.lock': File exists.

Another git process seems to be running in this repository, e.g.
an editor opened by 'git commit'. Please make sure all processes
are terminated then try again. If it still fails, a git process
may have crashed in this repository earlier:
remove the file manually to continue.
2025-08-24 13:49:03.474 [info] > git check-ignore -v -z --stdin [4ms]
2025-08-24 13:49:03.657 [info] > git add -A -- . [15277ms]
2025-08-24 13:49:03.657 [info] error: '.local/share/Trash/files/12-dars/' does not have a commit checked out
fatal: adding files failed
2025-08-24 13:49:03.681 [info] > git config --get commit.template [4ms]
2025-08-24 13:49:03.707 [info] > git for-each-ref --format=%(refname)%00%(upstream:short)%00%(objectname)%00%(upstream:track)%00%(upstream:remotename)%00%(upstream:remoteref) refs/heads/master refs/remotes/master [4ms]
2025-08-24 13:49:03.707 [warning] [Git][getBranch] No such branch: master
2025-08-24 13:49:03.754 [info] > git for-each-ref --sort -committerdate --format %(refname)%00%(objectname)%00%(*objectname) [4ms]
2025-08-24 13:49:04.149 [info] > git status -z -uall [424ms] (cancelled)
2025-08-24 13:49:06.822 [info] > git check-ignore -v -z --stdin [3ms]
2025-08-24 13:49:21.197 [info] > git add -A -- . [14906ms]
2025-08-24 13:49:21.198 [info] error: '.local/share/Trash/files/12-dars/' does not have a commit checked out
fatal: adding files failed
2025-08-24 13:49:21.235 [info] > git config --get commit.template [19ms]
2025-08-24 13:49:21.240 [info] > git for-each-ref --format=%(refname)%00%(upstream:short)%00%(objectname)%00%(upstream:track)%00%(upstream:remotename)%00%(upstream:remoteref) refs/heads/master refs/remotes/master [6ms]
2025-08-24 13:49:21.240 [warning] [Git][getBranch] No such branch: master
2025-08-24 13:49:21.283 [info] > git for-each-ref --sort -committerdate --format %(refname)%00%(objectname)%00%(*objectname) [4ms]
2025-08-24 13:49:21.683 [info] > git status -z -uall [424ms] (cancelled)
2025-08-24 13:49:27.024 [info] > git check-ignore -v -z --stdin [3ms]
2025-08-24 13:49:28.126 [info] > git log --format=%H%n%aN%n%aE%n%at%n%ct%n%P%n%D%n%B -z --shortstat --diff-merges=first-parent -n50 --skip=0 --topo-order --decorate=full --stdin [3ms]
2025-08-24 13:49:28.126 [info] fatal: bad revision 'refs/heads/master'
2025-08-24 13:49:28.127 [error] [GitHistoryProvider][provideHistoryItems] Failed to get history items with options '{"historyItemRefs":["refs/heads/master"],"limit":50,"skip":0}': Failed to execute git {
  "exitCode": 128,
  "gitCommand": "log",
  "stdout": "",
  "stderr": "fatal: bad revision 'refs/heads/master'\n"
}
2025-08-24 13:49:30.571 [info] > git log --format=%H%n%aN%n%aE%n%at%n%ct%n%P%n%D%n%B -z --shortstat --diff-merges=first-parent -n50 --skip=0 --topo-order --decorate=full --stdin [3ms]
2025-08-24 13:49:30.571 [info] fatal: bad revision 'refs/heads/master'
2025-08-24 13:49:30.572 [error] [GitHistoryProvider][provideHistoryItems] Failed to get history items with options '{"historyItemRefs":["refs/heads/master"],"limit":50,"skip":0}': Failed to execute git {
  "exitCode": 128,
  "gitCommand": "log",
  "stdout": "",
  "stderr": "fatal: bad revision 'refs/heads/master'\n"
}
2025-08-24 13:49:32.440 [info] > git log --format=%H%n%aN%n%aE%n%at%n%ct%n%P%n%D%n%B -z --shortstat --diff-merges=first-parent -n50 --skip=0 --topo-order --decorate=full --stdin [3ms]
2025-08-24 13:49:32.440 [info] fatal: bad revision 'refs/heads/master'
2025-08-24 13:49:32.441 [error] [GitHistoryProvider][provideHistoryItems] Failed to get history items with options '{"historyItemRefs":["refs/heads/master"],"limit":50,"skip":0}': Failed to execute git {
  "exitCode": 128,
  "gitCommand": "log",
  "stdout": "",
  "stderr": "fatal: bad revision 'refs/heads/master'\n"
}
2025-08-24 13:49:52.614 [info] > git add -A -- . [14835ms]
2025-08-24 13:49:52.614 [info] error: '.local/share/Trash/files/12-dars/' does not have a commit checked out
fatal: adding files failed
2025-08-24 13:49:52.637 [info] > git config --get commit.template [3ms]
2025-08-24 13:49:52.658 [info] > git for-each-ref --format=%(refname)%00%(upstream:short)%00%(objectname)%00%(upstream:track)%00%(upstream:remotename)%00%(upstream:remoteref) refs/heads/master refs/remotes/master [4ms]
2025-08-24 13:49:52.658 [warning] [Git][getBranch] No such branch: master
2025-08-24 13:49:52.703 [info] > git for-each-ref --sort -committerdate --format %(refname)%00%(objectname)%00%(*objectname) [4ms]
2025-08-24 13:49:53.138 [info] > git status -z -uall [457ms] (cancelled)
2025-08-24 13:54:26.038 [info] > git log --format=%H%n%aN%n%aE%n%at%n%ct%n%P%n%D%n%B -z --shortstat --diff-merges=first-parent -n50 --skip=0 --topo-order --decorate=full --stdin [4ms]
2025-08-24 13:54:26.038 [info] fatal: bad revision 'refs/heads/master'
2025-08-24 13:54:26.039 [error] [GitHistoryProvider][provideHistoryItems] Failed to get history items with options '{"historyItemRefs":["refs/heads/master"],"limit":50,"skip":0}': Failed to execute git {
  "exitCode": 128,
  "gitCommand": "log",
  "stdout": "",
  "stderr": "fatal: bad revision 'refs/heads/master'\n"
}
2025-08-24 13:54:37.069 [info] > git log --format=%H%n%aN%n%aE%n%at%n%ct%n%P%n%D%n%B -z --shortstat --diff-merges=first-parent -n50 --skip=0 --topo-order --decorate=full --stdin [6ms]
2025-08-24 13:54:37.069 [info] fatal: bad revision 'refs/heads/master'
2025-08-24 13:54:37.070 [error] [GitHistoryProvider][provideHistoryItems] Failed to get history items with options '{"historyItemRefs":["refs/heads/master"],"limit":50,"skip":0}': Failed to execute git {
  "exitCode": 128,
  "gitCommand": "log",
  "stdout": "",
  "stderr": "fatal: bad revision 'refs/heads/master'\n"
}
2025-08-24 13:54:39.535 [info] > git log --format=%H%n%aN%n%aE%n%at%n%ct%n%P%n%D%n%B -z --shortstat --diff-merges=first-parent -n50 --skip=0 --topo-order --decorate=full --stdin [3ms]
2025-08-24 13:54:39.535 [info] fatal: bad revision 'refs/heads/master'
2025-08-24 13:54:39.536 [error] [GitHistoryProvider][provideHistoryItems] Failed to get history items with options '{"historyItemRefs":["refs/heads/master"],"limit":50,"skip":0}': Failed to execute git {
  "exitCode": 128,
  "gitCommand": "log",
  "stdout": "",
  "stderr": "fatal: bad revision 'refs/heads/master'\n"
}
2025-08-24 13:55:01.606 [info] > git add -A -- . [15659ms]
2025-08-24 13:55:01.606 [info] error: '.local/share/Trash/files/12-dars/' does not have a commit checked out
fatal: adding files failed
2025-08-24 13:55:01.646 [info] > git config --get commit.template [21ms]
2025-08-24 13:55:01.647 [info] > git for-each-ref --format=%(refname)%00%(upstream:short)%00%(objectname)%00%(upstream:track)%00%(upstream:remotename)%00%(upstream:remoteref) refs/heads/master refs/remotes/master [2ms]
2025-08-24 13:55:01.647 [warning] [Git][getBranch] No such branch: master
2025-08-24 13:55:01.686 [info] > git for-each-ref --sort -committerdate --format %(refname)%00%(objectname)%00%(*objectname) [3ms]
2025-08-24 13:55:02.086 [info] > git status -z -uall [421ms] (cancelled)
2025-08-24 13:55:52.101 [info] > git show --textconv :Desktop/4-oy-1-dars-Uyga-vazifa/index.html [36ms]
2025-08-24 13:55:52.132 [info] > git rev-parse --show-toplevel [106ms]
2025-08-24 13:55:52.147 [info] > git hash-object -t tree /dev/null [16ms]
2025-08-24 13:55:52.148 [warning] [GitFileSystemProvider][readFile] File not found - git:/home/sarvarbek/Desktop/4-oy-1-dars-Uyga-vazifa/index.html.git?%7B%22path%22%3A%22%2Fhome%2Fsarvarbek%2FDesktop%2F4-oy-1-dars-Uyga-vazifa%2Findex.html%22%2C%22ref%22%3A%22%22%7D
2025-08-24 13:55:52.157 [info] > git ls-files --stage -- Desktop/4-oy-1-dars-Uyga-vazifa/index.html [59ms]
2025-08-24 13:55:52.159 [warning] [GitFileSystemProvider][stat] File not found - git:/home/sarvarbek/Desktop/4-oy-1-dars-Uyga-vazifa/index.html.git?%7B%22path%22%3A%22%2Fhome%2Fsarvarbek%2FDesktop%2F4-oy-1-dars-Uyga-vazifa%2Findex.html%22%2C%22ref%22%3A%22%22%7D
2025-08-24 13:55:52.194 [info] > git rev-parse --git-dir --git-common-dir --show-superproject-working-tree [11ms]
2025-08-24 13:55:52.252 [info] [Model][openRepository] Opened repository (path): /home/sarvarbek/Desktop/4-oy-1-dars-Uyga-vazifa
2025-08-24 13:55:52.252 [info] [Model][openRepository] Opened repository (real path): /home/sarvarbek/Desktop/4-oy-1-dars-Uyga-vazifa
2025-08-24 13:55:52.252 [info] [Model][openRepository] Opened repository (kind): repository
2025-08-24 13:55:52.315 [info] > git config --get commit.template [21ms]
2025-08-24 13:55:52.369 [info] > git for-each-ref --format=%(refname)%00%(upstream:short)%00%(objectname)%00%(upstream:track)%00%(upstream:remotename)%00%(upstream:remoteref) refs/heads/main refs/remotes/main [4ms]
2025-08-24 13:55:52.425 [info] > git status -z -uall [31ms]
2025-08-24 13:55:52.426 [info] > git for-each-ref --sort -committerdate --format %(refname)%00%(objectname)%00%(*objectname) [12ms]
2025-08-24 13:55:52.597 [info] > git for-each-ref --format=%(refname)%00%(upstream:short)%00%(objectname)%00%(upstream:track)%00%(upstream:remotename)%00%(upstream:remoteref) refs/heads/main refs/remotes/main [139ms]
2025-08-24 13:55:52.734 [info] > git config --get --local branch.main.vscode-merge-base [117ms]
2025-08-24 13:55:52.734 [warning] [Git][config] git config failed: Failed to execute git
2025-08-24 13:55:52.753 [info] > git config --get commit.template [268ms]
2025-08-24 13:55:52.794 [info] > git reflog main --grep-reflog=branch: Created from *. [42ms]
2025-08-24 13:55:52.851 [info] > git for-each-ref --format=%(refname)%00%(upstream:short)%00%(objectname)%00%(upstream:track)%00%(upstream:remotename)%00%(upstream:remoteref) refs/heads/main refs/remotes/main [16ms]
2025-08-24 13:55:52.886 [info] > git symbolic-ref --short refs/remotes/origin/HEAD [70ms]
2025-08-24 13:55:52.886 [info] fatal: ref refs/remotes/origin/HEAD is not a symbolic ref
2025-08-24 13:55:52.886 [warning] [Repository][getDefaultBranch] Failed to get default branch details: Failed to execute git.
2025-08-24 13:55:52.891 [info] > git status -z -uall [23ms]
2025-08-24 13:55:52.891 [info] > git for-each-ref --sort -committerdate --format %(refname)%00%(objectname)%00%(*objectname) [6ms]
2025-08-24 13:55:53.312 [info] > git blame --root --incremental 8e8eb830ea058e5ecfa3edb32d64363879550f88 -- index.html [5ms]
2025-08-24 13:55:53.728 [info] > git check-ignore -v -z --stdin [25ms]
2025-08-24 13:55:53.729 [info] > git check-ignore -v -z --stdin [8ms]
2025-08-24 13:56:04.934 [info] > git push -u origin main [9749ms]
2025-08-24 13:56:04.935 [info] remote: Repository not found.
fatal: repository 'https://github.com/sarvarbekesonaliyev/4-oy-1-dars-Uyga-vazifa.git/' not found
2025-08-24 13:56:04.978 [info] > git config --get commit.template [22ms]
2025-08-24 13:56:04.981 [info] > git for-each-ref --format=%(refname)%00%(upstream:short)%00%(objectname)%00%(upstream:track)%00%(upstream:remotename)%00%(upstream:remoteref) refs/heads/main refs/remotes/main [4ms]
2025-08-24 13:56:05.024 [info] > git status -z -uall [22ms]
2025-08-24 13:56:05.028 [info] > git for-each-ref --sort -committerdate --format %(refname)%00%(objectname)%00%(*objectname) [7ms]
2025-08-24 13:56:10.646 [info] > git push -u origin main [1517ms]
2025-08-24 13:56:10.646 [info] remote: Repository not found.
fatal: repository 'https://github.com/sarvarbekesonaliyev/4-oy-1-dars-Uyga-vazifa.git/' not found
2025-08-24 13:56:10.670 [info] > git config --get commit.template [4ms]
2025-08-24 13:56:10.693 [info] > git for-each-ref --format=%(refname)%00%(upstream:short)%00%(objectname)%00%(upstream:track)%00%(upstream:remotename)%00%(upstream:remoteref) refs/heads/main refs/remotes/main [3ms]
2025-08-24 13:56:10.733 [info] > git status -z -uall [20ms]
2025-08-24 13:56:10.737 [info] > git for-each-ref --sort -committerdate --format %(refname)%00%(objectname)%00%(*objectname) [5ms]
2025-08-24 13:56:16.528 [info] > git for-each-ref --sort -committerdate --format %(refname)%00%(objectname)%00%(*objectname)%00%(parent)%00%(*parent)%00%(authorname)%00%(*authorname)%00%(committerdate:unix)%00%(*committerdate:unix)%00%(subject)%00%(*subject)%00%(upstream:track) [6ms]
2025-08-24 13:56:16.886 [info] > git push -u origin main [1513ms]
2025-08-24 13:56:16.886 [info] remote: Repository not found.
fatal: repository 'https://github.com/sarvarbekesonaliyev/4-oy-1-dars-Uyga-vazifa.git/' not found
2025-08-24 13:56:16.910 [info] > git config --get commit.template [3ms]
2025-08-24 13:56:16.933 [info] > git for-each-ref --format=%(refname)%00%(upstream:short)%00%(objectname)%00%(upstream:track)%00%(upstream:remotename)%00%(upstream:remoteref) refs/heads/main refs/remotes/main [4ms]
2025-08-24 13:56:16.974 [info] > git status -z -uall [22ms]
2025-08-24 13:56:16.978 [info] > git for-each-ref --sort -committerdate --format %(refname)%00%(objectname)%00%(*objectname) [6ms]
2025-08-24 13:56:23.432 [info] > git push -u origin main [1532ms]
2025-08-24 13:56:23.432 [info] remote: Repository not found.
fatal: repository 'https://github.com/sarvarbekesonaliyev/4-oy-1-dars-Uyga-vazifa.git/' not found
2025-08-24 13:56:23.458 [info] > git config --get commit.template [4ms]
2025-08-24 13:56:23.483 [info] > git for-each-ref --format=%(refname)%00%(upstream:short)%00%(objectname)%00%(upstream:track)%00%(upstream:remotename)%00%(upstream:remoteref) refs/heads/main refs/remotes/main [3ms]
2025-08-24 13:56:23.522 [info] > git status -z -uall [21ms]
2025-08-24 13:56:23.526 [info] > git for-each-ref --sort -committerdate --format %(refname)%00%(objectname)%00%(*objectname) [5ms]
2025-08-24 13:57:02.056 [info] > git push -u origin main [1467ms]
2025-08-24 13:57:02.056 [info] remote: Repository not found.
fatal: repository 'https://github.com/sarvarbekesonaliyev/4-oy-1-dars-Uyga-vazifa.git/' not found
2025-08-24 13:57:02.086 [info] > git config --get commit.template [5ms]
2025-08-24 13:57:02.110 [info] > git for-each-ref --format=%(refname)%00%(upstream:short)%00%(objectname)%00%(upstream:track)%00%(upstream:remotename)%00%(upstream:remoteref) refs/heads/main refs/remotes/main [4ms]
2025-08-24 13:57:02.151 [info] > git status -z -uall [22ms]
2025-08-24 13:57:02.154 [info] > git for-each-ref --sort -committerdate --format %(refname)%00%(objectname)%00%(*objectname) [4ms]
2025-08-24 13:57:26.253 [info] > git for-each-ref --sort -committerdate --format %(refname)%00%(objectname)%00%(*objectname)%00%(parent)%00%(*parent)%00%(authorname)%00%(*authorname)%00%(committerdate:unix)%00%(*committerdate:unix)%00%(subject)%00%(*subject)%00%(upstream:track) [3ms]
2025-08-24 13:57:28.283 [info] > git for-each-ref --sort -committerdate --format %(refname)%00%(objectname)%00%(*objectname)%00%(parent)%00%(*parent)%00%(authorname)%00%(*authorname)%00%(committerdate:unix)%00%(*committerdate:unix)%00%(subject)%00%(*subject)%00%(upstream:track) [31ms]
2025-08-24 13:57:30.930 [info] > git for-each-ref --sort -committerdate --format %(refname)%00%(objectname)%00%(*objectname) refs/heads [3ms]
2025-08-24 13:57:36.509 [info] > git checkout -q -b sarvarbekesonaliyev --no-track HEAD [6ms]
2025-08-24 13:57:36.509 [info] fatal: 'HEAD' is not a commit and a branch 'sarvarbekesonaliyev' cannot be created from it
2025-08-24 13:57:36.546 [info] > git config --get commit.template [19ms]
2025-08-24 13:57:36.548 [info] > git for-each-ref --format=%(refname)%00%(upstream:short)%00%(objectname)%00%(upstream:track)%00%(upstream:remotename)%00%(upstream:remoteref) refs/heads/master refs/remotes/master [4ms]
2025-08-24 13:57:36.548 [warning] [Git][getBranch] No such branch: master
2025-08-24 13:57:36.586 [info] > git for-each-ref --sort -committerdate --format %(refname)%00%(objectname)%00%(*objectname) [3ms]
2025-08-24 13:57:39.363 [info] > git status -z -uall [2798ms] (cancelled)
2025-08-24 13:57:44.192 [info] > git check-ignore -v -z --stdin [3ms]
2025-08-24 13:58:32.165 [info] > git log --format=%H%n%aN%n%aE%n%at%n%ct%n%P%n%D%n%B -z --shortstat --diff-merges=first-parent -n50 --skip=0 --topo-order --decorate=full --stdin [5ms]
2025-08-24 13:58:33.750 [info] > git for-each-ref --sort -committerdate --format %(refname)%00%(objectname)%00%(*objectname)%00%(parent)%00%(*parent)%00%(authorname)%00%(*authorname)%00%(committerdate:unix)%00%(*committerdate:unix)%00%(subject)%00%(*subject)%00%(upstream:track) [3ms]
2025-08-24 13:58:38.537 [info] > git push -u origin main [1491ms]
2025-08-24 13:58:38.537 [info] remote: Repository not found.
fatal: repository 'https://github.com/sarvarbekesonaliyev/4-oy-1-dars-Uyga-vazifa.git/' not found
2025-08-24 13:58:38.573 [info] > git config --get commit.template [18ms]
2025-08-24 13:58:38.575 [info] > git for-each-ref --format=%(refname)%00%(upstream:short)%00%(objectname)%00%(upstream:track)%00%(upstream:remotename)%00%(upstream:remoteref) refs/heads/main refs/remotes/main [3ms]
2025-08-24 13:58:38.613 [info] > git status -z -uall [19ms]
2025-08-24 13:58:38.615 [info] > git for-each-ref --sort -committerdate --format %(refname)%00%(objectname)%00%(*objectname) [4ms]
2025-08-24 13:58:49.764 [info] > git show --textconv :index.html [71ms]
2025-08-24 13:58:49.764 [info] > git ls-files --stage -- index.html [4ms]
2025-08-24 13:58:49.790 [info] > git cat-file -s 4c050ca07383e45f91181041e9c78f0ff535dff4 [8ms]
2025-08-24 13:59:38.482 [info] > git show --textconv :index.html [21ms]
2025-08-24 13:59:38.504 [info] > git ls-files --stage -- index.html [23ms]
2025-08-24 13:59:38.569 [info] > git cat-file -s 4c050ca07383e45f91181041e9c78f0ff535dff4 [46ms]
2025-08-24 13:59:42.841 [info] > git show --textconv :index.html [24ms]
2025-08-24 13:59:42.844 [info] > git ls-files --stage -- index.html [4ms]
2025-08-24 13:59:42.867 [info] > git cat-file -s 4c050ca07383e45f91181041e9c78f0ff535dff4 [4ms]
2025-08-24 13:59:43.882 [info] > git log --format=%H%n%aN%n%aE%n%at%n%ct%n%P%n%D%n%B -z --shortstat --diff-merges=first-parent -n50 --skip=0 --topo-order --decorate=full --stdin [5ms]
2025-08-24 14:00:48.754 [info] > git ls-files --stage -- index.html [7ms]
2025-08-24 14:00:48.775 [info] > git cat-file -s 4c050ca07383e45f91181041e9c78f0ff535dff4 [3ms]
2025-08-24 14:00:48.844 [info] > git show --textconv :index.html [3ms]
2025-08-24 14:00:49.445 [info] > git fetch --all [2087ms]
2025-08-24 14:00:49.445 [info] remote: Repository not found.
fatal: repository 'https://github.com/sarvarbekesonaliyev/4-oy-1-dars-Uyga-vazifa.git/' not found
2025-08-24 14:00:49.487 [info] > git config --get commit.template [21ms]
2025-08-24 14:00:49.503 [info] > git for-each-ref --format=%(refname)%00%(upstream:short)%00%(objectname)%00%(upstream:track)%00%(upstream:remotename)%00%(upstream:remoteref) refs/heads/main refs/remotes/main [18ms]
2025-08-24 14:00:49.544 [info] > git status -z -uall [23ms]
2025-08-24 14:00:49.547 [info] > git for-each-ref --sort -committerdate --format %(refname)%00%(objectname)%00%(*objectname) [5ms]
