["2025-08-21T05:12:00.457", "DEBUG", "ubuntupro.config", "parse_config", 476, "Using client configuration file at /etc/ubuntu-advantage/uaclient.conf", {}]
["2025-08-21T05:12:00.460", "DEBUG", "ubuntupro.system", "load_file", 536, "Reading file: /etc/ubuntu-advantage/uaclient.conf", {}]
["2025-08-21T05:12:00.460", "DEBUG", "ubuntupro.files.files", "read", 58, "Tried to load /var/lib/ubuntu-advantage/user-config.json but file does not exist", {}]
["2025-08-21T05:12:00.467", "DEBUG", "ubuntupro.http", "configure_web_proxy", 146, "Setting no_proxy: 169.254.169.254,[fd00:ec2::254],metadata", {}]
["2025-08-21T05:12:00.467", "DEBUG", "ubuntupro.http", "configure_web_proxy", 154, "Setting global proxy dict", {}]
["2025-08-21T05:12:00.467", "DEBUG", "ubuntupro.cli", "main", 283, "Executed with sys.argv: ['/usr/bin/pro', 'api', 'u.pro.attach.magic.initiate.v1']", {}]
["2025-08-21T05:12:00.468", "DEBUG", "ubuntupro.http", "readurl", 348, "URL [POST]: https://contracts.canonical.com/v1/magic-attach, headers: {'accept': 'application/json', 'content-type': 'application/json', 'user-agent': 'UA-Client/34~24.04'}, data: None", {}]
["2025-08-21T05:12:00.468", "DEBUG", "ubuntupro.http", "should_use_pycurl", 208, "Should use pycurl: False", {}]
["2025-08-21T05:12:01.374", "DEBUG", "ubuntupro.http", "readurl", 388, "URL [POST] response: https://contracts.canonical.com/v1/magic-attach, headers: {'accept-ranges': 'bytes', 'cache-control': 'no-store, max-age=0', 'connection': 'close', 'content-length': '114', 'content-type': 'application/json', 'date': 'Thu, 21 Aug 2025 00:12:01 GMT', 'server': 'nginx/1.18.0 (Ubuntu)', 'strict-transport-security': 'max-age=15724800; includeSubDomains', 'x-cache-status': 'from content-cache-il3/0', 'x-trace-id': '12223805-d78c-4d0b-899e-45d99d34f4ff'}, data: {'expires': datetime.datetime(2025, 8, 21, 0, 22, 1, tzinfo=datetime.timezone.utc), 'expiresIn': 600, 'token': '<REDACTED>', 'userCode': '<REDACTED>'}", {}]
["2025-08-21T05:12:01.852", "DEBUG", "ubuntupro.config", "parse_config", 476, "Using client configuration file at /etc/ubuntu-advantage/uaclient.conf", {}]
["2025-08-21T05:12:01.855", "DEBUG", "ubuntupro.system", "load_file", 536, "Reading file: /etc/ubuntu-advantage/uaclient.conf", {}]
["2025-08-21T05:12:01.856", "DEBUG", "ubuntupro.files.files", "read", 58, "Tried to load /var/lib/ubuntu-advantage/user-config.json but file does not exist", {}]
["2025-08-21T05:12:01.862", "DEBUG", "ubuntupro.http", "configure_web_proxy", 146, "Setting no_proxy: 169.254.169.254,[fd00:ec2::254],metadata", {}]
["2025-08-21T05:12:01.862", "DEBUG", "ubuntupro.http", "configure_web_proxy", 154, "Setting global proxy dict", {}]
["2025-08-21T05:12:01.862", "DEBUG", "ubuntupro.cli", "main", 283, "Executed with sys.argv: ['/usr/bin/pro', 'api', 'u.pro.attach.magic.wait.v1', '--args', 'magic_token=<REDACTED>']", {}]
["2025-08-21T05:12:01.862", "DEBUG", "ubuntupro.http", "readurl", 348, "URL [GET]: https://contracts.canonical.com/v1/magic-attach, headers: {'Authorization': 'Bearer <REDACTED>', 'accept': 'application/json', 'content-type': 'application/json', 'user-agent': 'UA-Client/34~24.04'}, data: None", {}]
["2025-08-21T05:12:01.863", "DEBUG", "ubuntupro.http", "should_use_pycurl", 208, "Should use pycurl: False", {}]
["2025-08-21T05:12:02.512", "DEBUG", "ubuntupro.http", "readurl", 388, "URL [GET] response: https://contracts.canonical.com/v1/magic-attach, headers: {'accept-ranges': 'bytes', 'cache-control': 'no-store, max-age=0', 'connection': 'close', 'content-length': '114', 'content-type': 'application/json', 'date': 'Thu, 21 Aug 2025 00:12:02 GMT', 'server': 'nginx/1.18.0 (Ubuntu)', 'strict-transport-security': 'max-age=15724800; includeSubDomains', 'x-cache-status': 'MISS from content-cache-il3/4', 'x-trace-id': '1dd3473d-47fd-417e-8b6f-1c5dce940885'}, data: {'expires': datetime.datetime(2025, 8, 21, 0, 22, 1, tzinfo=datetime.timezone.utc), 'expiresIn': 599, 'token': '<REDACTED>', 'userCode': '<REDACTED>'}", {}]
["2025-08-21T05:12:12.513", "DEBUG", "ubuntupro.http", "readurl", 348, "URL [GET]: https://contracts.canonical.com/v1/magic-attach, headers: {'Authorization': 'Bearer <REDACTED>', 'accept': 'application/json', 'content-type': 'application/json', 'user-agent': 'UA-Client/34~24.04'}, data: None", {}]
["2025-08-21T05:12:12.513", "DEBUG", "ubuntupro.http", "should_use_pycurl", 208, "Should use pycurl: False", {}]
["2025-08-21T05:12:13.103", "DEBUG", "ubuntupro.http", "readurl", 388, "URL [GET] response: https://contracts.canonical.com/v1/magic-attach, headers: {'accept-ranges': 'bytes', 'cache-control': 'no-store, max-age=0', 'connection': 'close', 'content-length': '114', 'content-type': 'application/json', 'date': 'Thu, 21 Aug 2025 00:12:13 GMT', 'server': 'nginx/1.18.0 (Ubuntu)', 'strict-transport-security': 'max-age=15724800; includeSubDomains', 'x-cache-status': 'MISS from content-cache-il3/4', 'x-trace-id': '30aa2a17-bba0-4f7f-afe5-af17e20737a9'}, data: {'expires': datetime.datetime(2025, 8, 21, 0, 22, 1, tzinfo=datetime.timezone.utc), 'expiresIn': 588, 'token': '<REDACTED>', 'userCode': '<REDACTED>'}", {}]
["2025-08-21T07:16:40.775", "DEBUG", "ubuntupro.config", "parse_config", 476, "Using client configuration file at /etc/ubuntu-advantage/uaclient.conf", {}]
["2025-08-21T07:16:40.777", "DEBUG", "ubuntupro.system", "load_file", 536, "Reading file: /etc/ubuntu-advantage/uaclient.conf", {}]
["2025-08-21T07:16:40.777", "DEBUG", "ubuntupro.files.files", "read", 58, "Tried to load /var/lib/ubuntu-advantage/user-config.json but file does not exist", {}]
["2025-08-21T07:16:40.783", "DEBUG", "ubuntupro.http", "configure_web_proxy", 146, "Setting no_proxy: 169.254.169.254,[fd00:ec2::254],metadata", {}]
["2025-08-21T07:16:40.783", "DEBUG", "ubuntupro.http", "configure_web_proxy", 154, "Setting global proxy dict", {}]
["2025-08-21T07:16:40.783", "DEBUG", "ubuntupro.cli", "main", 283, "Executed with sys.argv: ['/usr/bin/pro', 'status', '--format=json']", {}]
["2025-08-21T07:16:40.783", "DEBUG", "ubuntupro.files.files", "read", 58, "Tried to load /var/lib/ubuntu-advantage/machine-token.json but file does not exist", {}]
["2025-08-21T07:16:40.783", "DEBUG", "ubuntupro.files.files", "read", 58, "Tried to load /var/lib/ubuntu-advantage/machine-token.json but file does not exist", {}]
["2025-08-21T07:16:40.783", "DEBUG", "ubuntupro.system", "load_file", 536, "Reading file: /etc/os-release", {}]
["2025-08-21T07:16:40.783", "DEBUG", "ubuntupro.system", "load_file", 536, "Reading file: /proc/version_signature", {}]
["2025-08-21T07:16:40.785", "WARNING", "ubuntupro.system", "_get_kernel_build_date", 140, "Unable to parse build date from uname version", {}]
["2025-08-21T07:16:40.790", "WARNING", "ubuntupro.system", "_get_kernel_changelog_timestamp", 113, "Falling back to using timestamp of kernel changelog", {}]
["2025-08-21T07:16:41.110", "DEBUG", "ubuntupro.system", "load_file", 536, "Reading file: /proc/1/cgroup", {}]
["2025-08-21T07:16:41.110", "DEBUG", "ubuntupro.files.files", "read", 58, "Tried to load /var/lib/ubuntu-advantage/machine-token.json but file does not exist", {}]
["2025-08-21T07:16:41.110", "DEBUG", "ubuntupro.files.files", "read", 58, "Tried to load /var/lib/ubuntu-advantage/machine-token.json but file does not exist", {}]
["2025-08-21T07:16:41.111", "DEBUG", "ubuntupro.http", "readurl", 348, "URL [GET]: https://contracts.canonical.com/v1/resources?architecture=amd64&kernel=6.14.0-28-generic&series=noble&virt=, headers: {'accept': 'application/json', 'content-type': 'application/json', 'user-agent': 'UA-Client/34~24.04'}, data: None", {}]
["2025-08-21T07:16:41.111", "DEBUG", "ubuntupro.http", "should_use_pycurl", 208, "Should use pycurl: False", {}]
["2025-08-21T07:16:41.823", "DEBUG", "ubuntupro.http", "readurl", 388, "URL [GET] response: https://contracts.canonical.com/v1/resources?architecture=amd64&kernel=6.14.0-28-generic&series=noble&virt=, headers: {'accept-ranges': 'bytes', 'cache-control': 'no-store, max-age=0', 'connection': 'close', 'content-length': '883', 'content-type': 'application/json', 'date': 'Thu, 21 Aug 2025 02:16:41 GMT', 'server': 'nginx/1.18.0 (Ubuntu)', 'strict-transport-security': 'max-age=15724800; includeSubDomains', 'x-cache-status': 'MISS from content-cache-il3/0', 'x-trace-id': 'c5300283-0901-4841-9545-3f75270b4515'}, data: {'resources': [{'available': True, 'name': 'anbox-cloud'}, {'available': True, 'name': 'anbox-images'}, {'available': True, 'name': 'cc'}, {'available': False, 'name': 'cc-eal'}, {'available': True, 'name': 'cis', 'presentedAs': 'usg'}, {'available': False, 'name': 'esm'}, {'available': True, 'name': 'esm-apps'}, {'available': False, 'name': 'esm-apps-python'}, {'available': True, 'name': 'esm-infra'}, {'available': False, 'name': 'esm-infra-legacy'}, {'available': False, 'name': 'esm-python'}, {'available': False, 'name': 'esm-ros'}, {'available': False, 'name': 'fips'}, {'available': False, 'name': 'fips-preview'}, {'available': True, 'name': 'fips-updates'}, {'available': True, 'name': 'landscape'}, {'available': True, 'name': 'livepatch'}, {'available': True, 'name': 'livepatch-onprem'}, {'available': True, 'name': 'realtime-kernel'}, {'available': False, 'name': 'ros'}, {'available': False, 'name': 'ros-updates'}, {'available': True, 'name': 'support'}]}", {}]
["2025-08-21T07:16:41.827", "DEBUG", "ubuntupro.status", "_unattached_status", 300, "Ignoring availability of unknown service anbox-images from contract server", {}]
["2025-08-21T07:16:41.827", "DEBUG", "ubuntupro.status", "_unattached_status", 300, "Ignoring availability of unknown service cc from contract server", {}]
["2025-08-21T07:16:41.827", "DEBUG", "ubuntupro.status", "_unattached_status", 300, "Ignoring availability of unknown service esm from contract server", {}]
["2025-08-21T07:16:41.828", "DEBUG", "ubuntupro.status", "_unattached_status", 300, "Ignoring availability of unknown service esm-apps-python from contract server", {}]
["2025-08-21T07:16:41.828", "DEBUG", "ubuntupro.status", "_unattached_status", 300, "Ignoring availability of unknown service esm-infra-legacy from contract server", {}]
["2025-08-21T07:16:41.829", "DEBUG", "ubuntupro.status", "_unattached_status", 300, "Ignoring availability of unknown service esm-python from contract server", {}]
["2025-08-21T07:16:41.829", "DEBUG", "ubuntupro.status", "_unattached_status", 300, "Ignoring availability of unknown service esm-ros from contract server", {}]
["2025-08-21T07:16:41.830", "DEBUG", "ubuntupro.livepatch", "status", 126, "canonical-livepatch is not installed", {}]
["2025-08-21T07:16:41.830", "DEBUG", "ubuntupro.files.files", "read", 58, "Tried to load /home/sarvarbek/.cache/ubuntu-pro/livepatch-kernel-support-cache.json but file does not exist", {}]
["2025-08-21T07:16:41.830", "DEBUG", "ubuntupro.livepatch", "on_supported_kernel", 361, "using livepatch support api", {}]
["2025-08-21T07:16:41.830", "DEBUG", "ubuntupro.config", "parse_config", 476, "Using client configuration file at /etc/ubuntu-advantage/uaclient.conf", {}]
["2025-08-21T07:16:41.830", "DEBUG", "ubuntupro.system", "load_file", 536, "Reading file: /etc/ubuntu-advantage/uaclient.conf", {}]
["2025-08-21T07:16:41.832", "DEBUG", "ubuntupro.files.files", "read", 58, "Tried to load /var/lib/ubuntu-advantage/user-config.json but file does not exist", {}]
["2025-08-21T07:16:41.832", "DEBUG", "ubuntupro.http", "readurl", 348, "URL [GET]: https://livepatch.canonical.com/v1/api/kernels/supported?architecture=amd64&build-date=2025-07-25T09%3A00%3A17%2B00%3A00&codename=noble&flavour=generic&kernel-version=6.14, headers: {'accept': 'application/json', 'content-type': 'application/json', 'user-agent': 'UA-Client/34~24.04'}, data: None", {}]
["2025-08-21T07:16:41.832", "DEBUG", "ubuntupro.http", "should_use_pycurl", 208, "Should use pycurl: False", {}]
["2025-08-21T07:16:42.538", "DEBUG", "ubuntupro.http", "readurl", 388, "URL [GET] response: https://livepatch.canonical.com/v1/api/kernels/supported?architecture=amd64&build-date=2025-07-25T09%3A00%3A17%2B00%3A00&codename=noble&flavour=generic&kernel-version=6.14, headers: {'accept-ranges': 'bytes', 'cache-control': 'no-store, max-age=0', 'connection': 'close', 'content-length': '58', 'content-type': 'application/json', 'date': 'Thu, 21 Aug 2025 02:16:42 GMT', 'server': 'nginx/1.18.0 (Ubuntu)', 'strict-transport-security': 'max-age=15724800; includeSubDomains', 'x-cache-status': 'MISS from content-cache-il3/4'}, data: {'SruDate': datetime.datetime(2026, 4, 25, 9, 0, 17, tzinfo=datetime.timezone.utc), 'Supported': 'supported'}", {}]
["2025-08-21T07:16:42.539", "DEBUG", "ubuntupro.system", "write_file", 580, "Writing file /home/sarvarbek/.cache/ubuntu-pro/livepatch-kernel-support-cache.json atomically via tempfile /home/sarvarbek/.cache/ubuntu-pro/tmpxx14iquf", {}]
["2025-08-21T07:16:42.540", "DEBUG", "ubuntupro.status", "_unattached_status", 300, "Ignoring availability of unknown service livepatch-onprem from contract server", {}]
["2025-08-21T07:16:42.541", "DEBUG", "ubuntupro.status", "_unattached_status", 300, "Ignoring availability of unknown service support from contract server", {}]
["2025-08-21T07:16:42.541", "DEBUG", "ubuntupro.files.files", "read", 58, "Tried to load /var/lib/ubuntu-advantage/lock but file does not exist", {}]
["2025-08-21T07:16:42.541", "DEBUG", "ubuntupro.files.files", "read", 58, "Tried to load /var/lib/ubuntu-advantage/user-config.json but file does not exist", {}]
