2025-08-24 12:10:32.089 [info] Reading sessions from keychain...
2025-08-24 12:10:32.089 [info] Getting sessions for all scopes...
2025-08-24 12:10:32.396 [info] Got stored sessions!
2025-08-24 12:10:32.397 [info] Got 1 verified sessions.
2025-08-24 12:10:32.397 [info] Got 1 sessions for ...
2025-08-24 12:10:32.397 [info] Getting sessions for all scopes...
2025-08-24 12:10:32.397 [info] Got 1 sessions for ...
2025-08-24 12:10:32.397 [info] Getting sessions for all scopes...
2025-08-24 12:10:32.397 [info] Got 1 sessions for ...
2025-08-24 12:10:32.398 [info] Getting sessions for all scopes...
2025-08-24 12:10:32.398 [info] Got 1 sessions for ...
2025-08-24 12:10:32.398 [info] Getting sessions for all scopes...
2025-08-24 12:10:32.398 [info] Got 1 sessions for ...
2025-08-24 12:10:32.398 [info] Getting sessions for all scopes...
2025-08-24 12:10:32.398 [info] Got 1 sessions for ...
2025-08-24 12:10:32.398 [info] Getting sessions for all scopes...
2025-08-24 12:10:32.398 [info] Got 1 sessions for ...
2025-08-24 12:10:32.400 [info] Getting sessions for all scopes...
2025-08-24 12:10:32.401 [info] Got 1 sessions for ...
2025-08-24 12:10:32.402 [info] Getting sessions for all scopes...
2025-08-24 12:10:32.402 [info] Got 1 sessions for ...
2025-08-24 12:10:32.402 [info] Getting sessions for all scopes...
2025-08-24 12:10:32.402 [info] Got 1 sessions for ...
2025-08-24 12:10:32.403 [info] Getting sessions for all scopes...
2025-08-24 12:10:32.403 [info] Got 1 sessions for ...
2025-08-24 12:10:32.403 [info] Getting sessions for all scopes...
2025-08-24 12:10:32.403 [info] Got 1 sessions for ...
2025-08-24 12:10:32.403 [info] Getting sessions for all scopes...
2025-08-24 12:10:32.403 [info] Got 1 sessions for ...
2025-08-24 12:10:41.789 [info] Getting sessions for all scopes...
2025-08-24 12:10:41.789 [info] Got 1 sessions for ...
2025-08-24 12:10:42.570 [info] Getting sessions for all scopes...
2025-08-24 12:10:42.570 [info] Got 1 sessions for ...
2025-08-24 12:10:42.633 [info] Getting sessions for all scopes...
2025-08-24 12:10:42.633 [info] Got 1 sessions for ...
2025-08-24 12:10:42.634 [info] Getting sessions for all scopes...
2025-08-24 12:10:42.634 [info] Got 1 sessions for ...
2025-08-24 12:10:42.635 [info] Getting sessions for all scopes...
2025-08-24 12:10:42.635 [info] Got 1 sessions for ...
2025-08-24 12:10:43.292 [info] Getting sessions for read:user,repo,user:email...
2025-08-24 12:10:43.293 [info] Got 0 sessions for read:user,repo,user:email...
2025-08-24 12:10:43.357 [info] Getting sessions for all scopes...
2025-08-24 12:10:43.357 [info] Got 1 sessions for ...
2025-08-24 12:10:43.358 [info] Getting sessions for all scopes...
2025-08-24 12:10:43.358 [info] Got 1 sessions for ...
2025-08-24 12:10:48.222 [info] Getting sessions for read:user,repo,user:email,workflow...
2025-08-24 12:10:48.223 [info] Got 1 sessions for read:user,repo,user:email,workflow...
2025-08-24 12:10:48.225 [info] Getting sessions for all scopes...
2025-08-24 12:10:48.225 [info] Got 1 sessions for ...
2025-08-24 12:10:48.682 [info] Getting sessions for all scopes...
2025-08-24 12:10:48.682 [info] Got 1 sessions for ...
2025-08-24 12:10:48.683 [info] Getting sessions for read:user,repo,user:email,workflow...
2025-08-24 12:10:48.683 [info] Got 1 sessions for read:user,repo,user:email,workflow...
2025-08-24 12:10:48.683 [info] Getting sessions for read:user,repo,user:email,workflow...
2025-08-24 12:10:48.684 [info] Got 1 sessions for read:user,repo,user:email,workflow...
2025-08-24 12:10:48.817 [info] Getting sessions for all scopes...
2025-08-24 12:10:48.817 [info] Got 1 sessions for ...
2025-08-24 12:10:48.817 [info] Getting sessions for all scopes...
2025-08-24 12:10:48.817 [info] Got 1 sessions for ...
2025-08-24 12:10:49.231 [info] Getting sessions for read:user,repo,user:email,workflow...
2025-08-24 12:10:49.232 [info] Got 1 sessions for read:user,repo,user:email,workflow...
2025-08-24 12:10:52.453 [info] Getting sessions for all scopes...
2025-08-24 12:10:52.454 [info] Got 1 sessions for ...
2025-08-24 12:10:52.469 [info] Getting sessions for read:user,repo,user:email,workflow...
2025-08-24 12:10:52.469 [info] Got 1 sessions for read:user,repo,user:email,workflow...
2025-08-24 12:10:55.958 [info] Getting sessions for all scopes...
2025-08-24 12:10:55.958 [info] Got 1 sessions for ...
2025-08-24 12:10:55.965 [info] Getting sessions for all scopes...
2025-08-24 12:10:55.965 [info] Got 1 sessions for ...
2025-08-24 12:10:55.997 [info] Getting sessions for read:user,repo,user:email,workflow...
2025-08-24 12:10:55.997 [info] Got 1 sessions for read:user,repo,user:email,workflow...
2025-08-24 12:10:56.008 [info] Getting sessions for all scopes...
2025-08-24 12:10:56.008 [info] Got 1 sessions for ...
2025-08-24 12:10:56.011 [info] Getting sessions for read:user,repo,user:email,workflow...
2025-08-24 12:10:56.011 [info] Got 1 sessions for read:user,repo,user:email,workflow...
2025-08-24 12:10:56.163 [info] Getting sessions for all scopes...
2025-08-24 12:10:56.163 [info] Got 1 sessions for ...
2025-08-24 12:10:56.166 [info] Getting sessions for read:user,repo,user:email,workflow...
2025-08-24 12:10:56.166 [info] Got 1 sessions for read:user,repo,user:email,workflow...
2025-08-24 12:10:56.174 [info] Getting sessions for all scopes...
2025-08-24 12:10:56.174 [info] Got 1 sessions for ...
2025-08-24 12:10:56.175 [info] Getting sessions for all scopes...
2025-08-24 12:10:56.175 [info] Got 1 sessions for ...
2025-08-24 12:10:58.136 [info] Getting sessions for all scopes...
2025-08-24 12:10:58.136 [info] Got 1 sessions for ...
2025-08-24 12:36:21.757 [info] Getting sessions for read:user,repo,user:email,workflow...
2025-08-24 12:36:21.757 [info] Got 1 sessions for read:user,repo,user:email,workflow...
2025-08-24 13:42:30.133 [info] Getting sessions for read:user,repo,user:email,workflow...
2025-08-24 13:42:30.133 [info] Got 1 sessions for read:user,repo,user:email,workflow...
2025-08-24 13:46:47.046 [info] Getting sessions for all scopes...
2025-08-24 13:46:47.046 [info] Got 1 sessions for ...
2025-08-24 13:46:47.051 [info] Getting sessions for read:user,repo,user:email,workflow...
2025-08-24 13:46:47.051 [info] Got 1 sessions for read:user,repo,user:email,workflow...
2025-08-24 13:46:47.056 [info] Getting sessions for all scopes...
2025-08-24 13:46:47.056 [info] Got 1 sessions for ...
2025-08-24 13:46:47.059 [info] Getting sessions for read:user,repo,user:email,workflow...
2025-08-24 13:46:47.059 [info] Got 1 sessions for read:user,repo,user:email,workflow...
2025-08-24 13:47:01.865 [info] Getting sessions for all scopes...
2025-08-24 13:47:01.865 [info] Got 1 sessions for ...
2025-08-24 13:47:01.866 [info] Getting sessions for all scopes...
2025-08-24 13:47:01.866 [info] Got 1 sessions for ...
2025-08-24 13:47:44.191 [info] Getting sessions for read:user,repo,user:email,workflow...
2025-08-24 13:47:44.191 [info] Got 1 sessions for read:user,repo,user:email,workflow...
