2025-08-24 14:25:49.504 [info] [2025-08-24 09:25:49.493] [*      2086ms] [/home/sarvarbek] git shortlog -s --all --no-min-parents --since=1.year.ago (slow) • FAILED
2025-08-24 14:25:49.504 [info] 
Canceled: Operation cancelled; command=/usr/bin/git -c core.quotepath=false -c color.ui=false shortlog -s --all --no-min-parents --since=1.year.ago

2025-08-24 14:28:27.018 [info] [2025-08-24 09:28:27.018] [         19ms] [/home/sarvarbek] git rev-parse --abbrev-ref --symbolic-full-name @ @{u} -- • FAILED
2025-08-24 14:28:27.018 [info] 
Error: fatal: bad revision '@'

2025-08-24 14:31:36.493 [info] [2025-08-24 09:31:36.493] [         40ms] (spawn) [/home/sarvarbek] git log --format=%x1E%H%x1D%aN%x1D%aE%x1D%at%x1D%cN%x1D%cE%x1D%ct%x1D%P%x1D%D%x1D%B%x1D --numstat --summary -M --use-mailmap --no-min-parents -n41 master -- • FAILED
2025-08-24 14:31:36.493 [info] 
Error: fatal: bad revision 'master'

2025-08-24 14:31:36.555 [info] [2025-08-24 09:31:36.555] [         58ms] [/home/sarvarbek] git symbolic-ref --short refs/remotes/origin/HEAD • FAILED
2025-08-24 14:31:36.556 [info] 
Error: fatal: ref refs/remotes/origin/HEAD is not a symbolic ref

2025-08-24 14:31:37.294 [info] [2025-08-24 09:31:37.294] [*       738ms] [/home/sarvarbek] git remote set-head -a origin (slow) • FAILED
2025-08-24 14:31:37.294 [info] 
Error: fatal: could not read Username for 'https://github.com': No such device or address

2025-08-24 14:32:03.566 [info] [2025-08-24 09:32:03.566] [         18ms] [/home/sarvarbek/.git] git rev-parse --show-toplevel • FAILED
2025-08-24 14:32:03.567 [info] 
Error: fatal: this operation must be run in a work tree

2025-08-24 14:32:56.121 [info] [2025-08-24 09:32:56.121] [         31ms] [/home/sarvarbek] git blame --root --incremental -- Desktop/headphones/index.html • FAILED
2025-08-24 14:32:56.122 [info] 
Error: fatal: no such ref: HEAD

2025-08-24 14:33:34.120 [info] [2025-08-24 09:33:34.120] [         24ms] [/home/sarvarbek] git blame --root --incremental -- Desktop/headphones/index.html • FAILED
2025-08-24 14:33:34.121 [info] 
Error: fatal: no such ref: HEAD

2025-08-24 14:33:35.556 [info] [2025-08-24 09:33:35.556] [        122ms] [/home/sarvarbek] git log -z --format=%H -n1 HEAD -- • FAILED
2025-08-24 14:33:35.557 [info] 
Error: fatal: bad revision 'HEAD'

2025-08-24 14:33:36.532 [info] [2025-08-24 09:33:36.532] [         41ms] (spawn) [/home/sarvarbek] git log --format=%x1E%H%x1D%aN%x1D%aE%x1D%at%x1D%cN%x1D%cE%x1D%ct%x1D%P%x1D%D%x1D%B%x1D --numstat --summary -M --use-mailmap --no-merges -n41 --follow -- Desktop/headphones/index.html • FAILED
2025-08-24 14:33:36.532 [info] 
Error: fatal: your current branch 'master' does not have any commits yet

2025-08-24 14:34:44.817 [info] [2025-08-24 09:34:44.817] [*      1684ms] [/home/sarvarbek] git blame --root --incremental -- .cache/clipboard-history@alexsaveau.dev/database.log (slow) • FAILED
2025-08-24 14:34:44.817 [info] 
Error: fatal: no such ref: HEAD

2025-08-24 14:34:45.244 [info] [2025-08-24 09:34:45.244] [         46ms] [/home/sarvarbek] git blame --root --incremental -- .bashrc • FAILED
2025-08-24 14:34:45.244 [info] 
Error: fatal: no such ref: HEAD

2025-08-24 14:34:45.492 [info] [2025-08-24 09:34:45.492] [         44ms] [/home/sarvarbek] git blame --root --incremental -- .bashrc • FAILED
2025-08-24 14:34:45.492 [info] 
Error: fatal: no such ref: HEAD

