2025-08-24 14:25:33.164 [info] GitLens v17.4.0 activating in Visual Studio Code (1.103.1) on the desktop; language='en', logLevel='warn', defaultDateLocale='null' (531c16064b4b2b65e2afce4c98340db7dda2ddbc0a34ed21601beadb54967939|baae7754-ccf9-42b9-a044-d2c9f74cd0411756027527003)
To enable debug logging, set `"gitlens.outputLevel": "debug"` or run "GitLens: Enable Debug Logging" from the Command Palette

2025-08-24 14:25:36.086 [info] [2025-08-24 09:25:36.010] Warning(/usr/bin/git -c core.quotepath=false -c color.ui=false rev-list --max-parents=0 HEAD --): fatal: bad revision 'HEAD'


2025-08-24 14:25:44.231 [info] [2025-08-24 09:25:44.216] [GIT    *637ms] [/home/sarvarbek] git remote -v [*637ms] (slow)

2025-08-24 14:25:47.405 [info] [2025-08-24 09:25:47.402] [GIT   *3198ms] [/home/sarvarbek/Desktop/headphones] git ls-files -- index.html [*3198ms] (slow)

2025-08-24 14:25:51.881 [info] [2025-08-24 09:25:49.492] [GIT          ] [/home/sarvarbek] git shortlog -s --all --no-min-parents --since=1.year.ago • cancelled [2086ms] (slow)
[2025-08-24 09:25:49.493] [           11] LocalSharedGkStorageLocationProvider.load 
Canceled: Operation cancelled; command=/usr/bin/git -c core.quotepath=false -c color.ui=false shortlog -s --all --no-min-parents --since=1.year.ago

2025-08-24 14:28:27.518 [info] [2025-08-24 09:28:27.017] Warning(/usr/bin/git -c core.quotepath=false -c color.ui=false rev-parse --abbrev-ref --symbolic-full-name @ @{u} --): fatal: bad revision '@'

[2025-08-24 09:28:27.018] [GIT          ] [/home/sarvarbek] git rev-parse --abbrev-ref --symbolic-full-name @ @{u} -- • bad revision '@' [19ms]
[2025-08-24 09:28:27.057] Warning(/usr/bin/git -c core.quotepath=false -c color.ui=false -c log.showSignature=false log -n1 --format=%ct --): fatal: your current branch 'master' does not have any commits yet


2025-08-24 14:28:41.744 [info] [2025-08-24 09:28:41.243] Warning(/usr/bin/git -c core.quotepath=false -c color.ui=false rev-parse --verify --end-of-options 54240e0^{commit}): fatal: Needed a single revision


2025-08-24 14:31:36.932 [info] [2025-08-24 09:31:36.431] [           13] StashGitCommand.pushCommandInputMessageStep Warning(/usr/bin/git -c core.quotepath=false -c color.ui=false reflog master --grep-reflog=branch: Created from *.): fatal: ambiguous argument 'master': unknown revision or path not in the working tree.
Use '--' to separate paths from revisions, like this:
'git <command> [<revision>...] -- [<file>...]'

[2025-08-24 09:31:36.433] [/home/sarvarbek] Git ambiguous argument 'master': unknown revision or path not in the working tree. • Use '--' to separate paths from revisions, like this: • 'git <command> [<revision>...] -- [<file>...]' [39ms]
[2025-08-24 09:31:36.493] [GIT          ] (spawn) [/home/sarvarbek] git log --format=%x1E%H%x1D%aN%x1D%aE%x1D%at%x1D%cN%x1D%cE%x1D%ct%x1D%P%x1D%D%x1D%B%x1D --numstat --summary -M --use-mailmap --no-min-parents -n41 master -- • bad revision 'master' [40ms]
[2025-08-24 09:31:36.494] [           13] StashGitCommand.pushCommandInputMessageStep 
Error: fatal: bad revision 'master'
[2025-08-24 09:31:36.554] [           13] StashGitCommand.pushCommandInputMessageStep Warning(/usr/bin/git -c core.quotepath=false -c color.ui=false symbolic-ref --short refs/remotes/origin/HEAD): fatal: ref refs/remotes/origin/HEAD is not a symbolic ref

[2025-08-24 09:31:36.555] [GIT          ] [/home/sarvarbek] git symbolic-ref --short refs/remotes/origin/HEAD • ref refs/remotes/origin/HEAD is not a symbolic ref [58ms]
[2025-08-24 09:31:36.576] [           13] StashGitCommand.pushCommandInputMessageStep Warning(/usr/bin/git -c core.quotepath=false -c color.ui=false reflog master --grep-reflog=branch: Created from *.): fatal: ambiguous argument 'master': unknown revision or path not in the working tree.
Use '--' to separate paths from revisions, like this:
'git <command> [<revision>...] -- [<file>...]'

[2025-08-24 09:31:36.577] [/home/sarvarbek] Git ambiguous argument 'master': unknown revision or path not in the working tree. • Use '--' to separate paths from revisions, like this: • 'git <command> [<revision>...] -- [<file>...]' [41ms]

2025-08-24 14:31:37.432 [info] [2025-08-24 09:31:37.293] [           13] StashGitCommand.pushCommandInputMessageStep Warning(/usr/bin/git -c core.quotepath=false -c color.ui=false remote set-head -a origin): fatal: could not read Username for 'https://github.com': No such device or address

[2025-08-24 09:31:37.294] [GIT          ] [/home/sarvarbek] git remote set-head -a origin • could not read Username for 'https://github.com': No such device or address [738ms] (slow)

2025-08-24 14:32:00.264 [info] [2025-08-24 09:31:59.764] [GIT   *2258ms] [/home/sarvarbek/Desktop/headphones] git ls-files -- index.html [*2258ms] (slow)

2025-08-24 14:32:03.774 [info] [2025-08-24 09:32:03.566] Warning(/usr/bin/git -c core.quotepath=false -c color.ui=false rev-parse --show-toplevel): fatal: this operation must be run in a work tree

[2025-08-24 09:32:03.566] [GIT          ] [/home/sarvarbek/.git] git rev-parse --show-toplevel • this operation must be run in a work tree [18ms]

2025-08-24 14:32:59.597 [info] [2025-08-24 09:32:56.121] Warning(/usr/bin/git -c core.quotepath=false -c color.ui=false blame --root --incremental -- Desktop/headphones/index.html): fatal: no such ref: HEAD

[2025-08-24 09:32:56.121] [GIT          ] [/home/sarvarbek] git blame --root --incremental -- Desktop/headphones/index.html • no such ref: HEAD [31ms]

2025-08-24 14:33:34.620 [info] [2025-08-24 09:33:34.120] Warning(/usr/bin/git -c core.quotepath=false -c color.ui=false blame --root --incremental -- Desktop/headphones/index.html): fatal: no such ref: HEAD

[2025-08-24 09:33:34.120] [GIT          ] [/home/sarvarbek] git blame --root --incremental -- Desktop/headphones/index.html • no such ref: HEAD [24ms]

2025-08-24 14:33:35.675 [info] [2025-08-24 09:33:35.556] Warning(/usr/bin/git -c core.quotepath=false -c color.ui=false -c log.showSignature=false log -z --format=%H -n1 HEAD --): fatal: bad revision 'HEAD'

[2025-08-24 09:33:35.556] [GIT          ] [/home/sarvarbek] git log -z --format=%H -n1 HEAD -- • bad revision 'HEAD' [122ms]

2025-08-24 14:33:36.278 [info] [2025-08-24 09:33:36.054] [GIT    *559ms] [/home/sarvarbek] git status --porcelain=v2 --branch -u --find-renames -- [*559ms] (slow)

2025-08-24 14:33:36.778 [info] [2025-08-24 09:33:36.532] [GIT          ] (spawn) [/home/sarvarbek] git log --format=%x1E%H%x1D%aN%x1D%aE%x1D%at%x1D%cN%x1D%cE%x1D%ct%x1D%P%x1D%D%x1D%B%x1D --numstat --summary -M --use-mailmap --no-merges -n41 --follow -- Desktop/headphones/index.html • your current branch 'master' does not have any commits yet [41ms]
[2025-08-24 09:33:36.563] ChildProcess.<anonymous>
Error: fatal: your current branch 'master' does not have any commits yet

2025-08-24 14:33:37.279 [info] [2025-08-24 09:33:37.041] [GIT    *618ms] [/home/sarvarbek] git status --porcelain=v2 --branch -u --find-renames -- [*618ms] (slow)
[2025-08-24 09:33:37.041] [GIT    *553ms] [/home/sarvarbek] git status --porcelain=v2 --branch -u --find-renames -- [*553ms] (slow, waiting)

2025-08-24 14:34:45.390 [info] [2025-08-24 09:34:44.816] Warning(/usr/bin/git -c core.quotepath=false -c color.ui=false blame --root --incremental -- .cache/clipboard-history@alexsaveau.dev/database.log): fatal: no such ref: HEAD

[2025-08-24 09:34:44.817] [GIT          ] [/home/sarvarbek] git blame --root --incremental -- .cache/clipboard-history@alexsaveau.dev/database.log • no such ref: HEAD [1684ms] (slow)
[2025-08-24 09:34:45.244] [           44] GitCodeLensProvider.provideCodeLenses(TextDocument(shellscript, dirty=false, file:///home/sarvarbek/.bashrc)) Warning(/usr/bin/git -c core.quotepath=false -c color.ui=false blame --root --incremental -- .bashrc): fatal: no such ref: HEAD

[2025-08-24 09:34:45.244] [GIT          ] [/home/sarvarbek] git blame --root --incremental -- .bashrc • no such ref: HEAD [46ms]

2025-08-24 14:34:46.012 [info] [2025-08-24 09:34:45.491] Warning(/usr/bin/git -c core.quotepath=false -c color.ui=false blame --root --incremental -- .bashrc): fatal: no such ref: HEAD

[2025-08-24 09:34:45.492] [GIT          ] [/home/sarvarbek] git blame --root --incremental -- .bashrc • no such ref: HEAD [44ms]

2025-08-24 14:35:20.585 [info] [2025-08-24 09:35:20.316] [GIT  *13257ms] [/home/sarvarbek] git status --porcelain=v2 --branch -u --find-renames -- [*13257ms] (slow)

