2025-08-24 14:01:25.541 [info] [main] Log level: Info
2025-08-24 14:01:25.541 [info] [main] Validating found git in: "git"
2025-08-24 14:01:25.542 [info] [main] Using git "2.43.0" from "git"
2025-08-24 14:01:25.542 [info] [Model][doInitialScan] Initial repository scan started
2025-08-24 14:01:25.542 [info] [Model][doInitialScan] Initial repository scan completed - repositories (0), closed repositories (0), parent repositories (0), unsafe repositories (0)
2025-08-24 14:01:52.926 [info] [main] Log level: Info
2025-08-24 14:01:52.927 [info] [main] Validating found git in: "git"
2025-08-24 14:01:52.927 [info] [main] Using git "2.43.0" from "git"
2025-08-24 14:01:52.927 [info] [Model][doInitialScan] Initial repository scan started
2025-08-24 14:01:52.927 [info] > git rev-parse --show-toplevel [3194ms]
2025-08-24 14:01:53.937 [info] > git rev-parse --git-dir --git-common-dir --show-superproject-working-tree [693ms]
2025-08-24 14:01:53.962 [info] [Model][openRepository] Opened repository (path): /home/sarvarbek/Desktop/4-oy-1-dars-Uyga-vazifa
2025-08-24 14:01:53.962 [info] [Model][openRepository] Opened repository (real path): /home/sarvarbek/Desktop/4-oy-1-dars-Uyga-vazifa
2025-08-24 14:01:53.962 [info] [Model][openRepository] Opened repository (kind): repository
2025-08-24 14:01:54.017 [info] > git rev-parse --show-toplevel [16ms]
2025-08-24 14:01:54.025 [info] [Model][doInitialScan] Initial repository scan completed - repositories (1), closed repositories (0), parent repositories (0), unsafe repositories (0)
2025-08-24 14:01:54.028 [info] > git config --get commit.template [42ms]
2025-08-24 14:01:54.086 [info] > git for-each-ref --format=%(refname)%00%(upstream:short)%00%(objectname)%00%(upstream:track)%00%(upstream:remotename)%00%(upstream:remoteref) refs/heads/main refs/remotes/main [6ms]
2025-08-24 14:01:54.134 [info] > git status -z -uall [27ms]
2025-08-24 14:01:54.138 [info] > git for-each-ref --sort -committerdate --format %(refname)%00%(objectname)%00%(*objectname) [12ms]
2025-08-24 14:01:54.195 [info] > git for-each-ref --format=%(refname)%00%(upstream:short)%00%(objectname)%00%(upstream:track)%00%(upstream:remotename)%00%(upstream:remoteref) refs/heads/main refs/remotes/main [27ms]
2025-08-24 14:01:54.231 [info] > git config --get --local branch.main.vscode-merge-base [16ms]
2025-08-24 14:01:54.231 [warning] [Git][config] git config failed: Failed to execute git
2025-08-24 14:01:54.250 [info] > git config --get commit.template [55ms]
2025-08-24 14:01:54.260 [info] > git reflog main --grep-reflog=branch: Created from *. [11ms]
2025-08-24 14:01:54.301 [info] > git symbolic-ref --short refs/remotes/origin/HEAD [22ms]
2025-08-24 14:01:54.301 [info] fatal: ref refs/remotes/origin/HEAD is not a symbolic ref
2025-08-24 14:01:54.301 [warning] [Repository][getDefaultBranch] Failed to get default branch details: Failed to execute git.
2025-08-24 14:01:54.319 [info] > git for-each-ref --format=%(refname)%00%(upstream:short)%00%(objectname)%00%(upstream:track)%00%(upstream:remotename)%00%(upstream:remoteref) refs/heads/main refs/remotes/main [20ms]
2025-08-24 14:01:54.502 [info] > git status -z -uall [167ms]
2025-08-24 14:01:54.561 [info] > git for-each-ref --sort -committerdate --format %(refname)%00%(objectname)%00%(*objectname) [207ms]
2025-08-24 14:01:54.577 [info] > git log --format=%H%n%aN%n%aE%n%at%n%ct%n%P%n%D%n%B -z --shortstat --diff-merges=first-parent -n50 --skip=0 --topo-order --decorate=full --stdin [52ms]
2025-08-24 14:02:08.135 [info] > git push -u origin main [10494ms]
2025-08-24 14:02:08.135 [info] remote: Repository not found.
fatal: repository 'https://github.com/sarvarbekesonaliyev/4-oy-1-dars-Uyga-vazifa.git/' not found
2025-08-24 14:02:08.180 [info] > git config --get commit.template [25ms]
2025-08-24 14:02:08.181 [info] > git for-each-ref --format=%(refname)%00%(upstream:short)%00%(objectname)%00%(upstream:track)%00%(upstream:remotename)%00%(upstream:remoteref) refs/heads/main refs/remotes/main [3ms]
2025-08-24 14:02:08.228 [info] > git status -z -uall [24ms]
2025-08-24 14:02:08.231 [info] > git for-each-ref --sort -committerdate --format %(refname)%00%(objectname)%00%(*objectname) [4ms]
2025-08-24 14:02:28.102 [info] > git push -u origin main [1530ms]
2025-08-24 14:02:28.102 [info] remote: Repository not found.
fatal: repository 'https://github.com/sarvarbekesonaliyev/4-oy-1-dars-Uyga-vazifa.git/' not found
2025-08-24 14:02:28.127 [info] > git config --get commit.template [3ms]
2025-08-24 14:02:28.151 [info] > git for-each-ref --format=%(refname)%00%(upstream:short)%00%(objectname)%00%(upstream:track)%00%(upstream:remotename)%00%(upstream:remoteref) refs/heads/main refs/remotes/main [6ms]
2025-08-24 14:02:28.199 [info] > git status -z -uall [28ms]
2025-08-24 14:02:28.204 [info] > git for-each-ref --sort -committerdate --format %(refname)%00%(objectname)%00%(*objectname) [5ms]
2025-08-24 14:02:42.234 [info] > git check-ignore -v -z --stdin [3ms]
2025-08-24 14:02:43.146 [info] > git show --textconv :index.html [34ms]
2025-08-24 14:02:43.147 [info] > git ls-files --stage -- index.html [12ms]
2025-08-24 14:02:43.331 [info] > git cat-file -s 4c050ca07383e45f91181041e9c78f0ff535dff4 [164ms]
2025-08-24 14:02:46.033 [info] > git log --format=%H%n%aN%n%aE%n%at%n%ct%n%P%n%D%n%B -z --shortstat --diff-merges=first-parent -n50 --skip=0 --topo-order --decorate=full --stdin [4ms]
2025-08-24 14:03:00.869 [info] > git push -u origin main [1558ms]
2025-08-24 14:03:00.869 [info] remote: Repository not found.
fatal: repository 'https://github.com/sarvarbekesonaliyev/4-oy-1-dars-Uyga-vazifa.git/' not found
2025-08-24 14:03:00.898 [info] > git config --get commit.template [4ms]
2025-08-24 14:03:00.927 [info] > git for-each-ref --format=%(refname)%00%(upstream:short)%00%(objectname)%00%(upstream:track)%00%(upstream:remotename)%00%(upstream:remoteref) refs/heads/main refs/remotes/main [4ms]
2025-08-24 14:03:00.971 [info] > git status -z -uall [23ms]
2025-08-24 14:03:00.976 [info] > git for-each-ref --sort -committerdate --format %(refname)%00%(objectname)%00%(*objectname) [7ms]
2025-08-24 14:03:32.051 [info] > git rev-parse --show-toplevel [5ms]
2025-08-24 14:03:38.931 [info] > git rev-parse --show-toplevel [3ms]
2025-08-24 14:03:38.964 [info] > git rev-parse --git-dir --git-common-dir --show-superproject-working-tree [6ms]
2025-08-24 14:03:38.979 [info] [Model][openRepository] Opened repository (path): /home/sarvarbek
2025-08-24 14:03:38.979 [info] [Model][openRepository] Opened repository (real path): /home/sarvarbek
2025-08-24 14:03:38.979 [info] [Model][openRepository] Opened repository (kind): repository
2025-08-24 14:03:39.013 [info] > git config --get commit.template [4ms]
2025-08-24 14:03:39.041 [info] > git for-each-ref --format=%(refname)%00%(upstream:short)%00%(objectname)%00%(upstream:track)%00%(upstream:remotename)%00%(upstream:remoteref) refs/heads/master refs/remotes/master [3ms]
2025-08-24 14:03:39.042 [warning] [Git][getBranch] No such branch: master
2025-08-24 14:03:39.123 [info] > git for-each-ref --sort -committerdate --format %(refname)%00%(objectname)%00%(*objectname) [24ms]
2025-08-24 14:03:39.360 [info] > git show --textconv :.config/Code/User/sync/settings/preview/settings.json [23ms]
2025-08-24 14:03:39.383 [info] > git ls-files --stage -- .config/Code/User/sync/settings/preview/settings.json [24ms]
2025-08-24 14:03:39.407 [info] > git hash-object -t tree /dev/null [26ms]
2025-08-24 14:03:39.407 [warning] [GitFileSystemProvider][readFile] File not found - git:/home/sarvarbek/.config/Code/User/sync/settings/preview/settings.json.git?%7B%22path%22%3A%22%2Fhome%2Fsarvarbek%2F.config%2FCode%2FUser%2Fsync%2Fsettings%2Fpreview%2Fsettings.json%22%2C%22ref%22%3A%22%22%7D
2025-08-24 14:03:39.415 [info] > git hash-object -t tree /dev/null [9ms]
2025-08-24 14:03:39.415 [warning] [GitFileSystemProvider][stat] File not found - git:/home/sarvarbek/.config/Code/User/sync/settings/preview/settings.json.git?%7B%22path%22%3A%22%2Fhome%2Fsarvarbek%2F.config%2FCode%2FUser%2Fsync%2Fsettings%2Fpreview%2Fsettings.json%22%2C%22ref%22%3A%22%22%7D
2025-08-24 14:03:41.943 [info] > git status -z -uall [2877ms] (cancelled)
2025-08-24 14:03:41.943 [info] > git check-ignore -v -z --stdin [2217ms]
2025-08-24 14:03:41.944 [info] > git check-ignore -v -z --stdin [2195ms]
2025-08-24 14:03:41.946 [info] > git for-each-ref --format=%(refname)%00%(upstream:short)%00%(objectname)%00%(upstream:track)%00%(upstream:remotename)%00%(upstream:remoteref) refs/heads/master refs/remotes/master [2290ms]
2025-08-24 14:03:41.946 [warning] [Git][getBranch] No such branch: master
2025-08-24 14:03:41.947 [error] [GitHistoryProvider][resolveHEADMergeBase] Failed to resolve merge base for master: Error: No such branch: master.
2025-08-24 14:03:41.962 [info] > git config --get commit.template [20ms]
2025-08-24 14:03:42.030 [info] > git for-each-ref --format=%(refname)%00%(upstream:short)%00%(objectname)%00%(upstream:track)%00%(upstream:remotename)%00%(upstream:remoteref) refs/heads/master refs/remotes/master [37ms]
2025-08-24 14:03:42.030 [warning] [Git][getBranch] No such branch: master
2025-08-24 14:03:42.117 [info] > git for-each-ref --sort -committerdate --format %(refname)%00%(objectname)%00%(*objectname) [6ms]
2025-08-24 14:03:44.816 [info] > git status -z -uall [2749ms] (cancelled)
2025-08-24 14:03:44.904 [info] > git log --format=%H%n%aN%n%aE%n%at%n%ct%n%P%n%D%n%B -z --shortstat --diff-merges=first-parent -n50 --skip=0 --topo-order --decorate=full --stdin [27ms]
2025-08-24 14:03:47.569 [info] > git check-ignore -v -z --stdin [8ms]
2025-08-24 14:03:52.214 [info] > git push -u origin main [1602ms]
2025-08-24 14:03:52.214 [info] remote: Repository not found.
fatal: repository 'https://github.com/sarvarbekesonaliyev/4-oy-1-dars-Uyga-vazifa.git/' not found
2025-08-24 14:03:52.258 [info] > git config --get commit.template [23ms]
2025-08-24 14:03:52.260 [info] > git for-each-ref --format=%(refname)%00%(upstream:short)%00%(objectname)%00%(upstream:track)%00%(upstream:remotename)%00%(upstream:remoteref) refs/heads/main refs/remotes/main [4ms]
2025-08-24 14:03:52.307 [info] > git status -z -uall [24ms]
2025-08-24 14:03:52.311 [info] > git for-each-ref --sort -committerdate --format %(refname)%00%(objectname)%00%(*objectname) [5ms]
2025-08-24 14:04:15.870 [info] > git show --textconv :index.html [30ms]
2025-08-24 14:04:15.874 [info] > git ls-files --stage -- index.html [7ms]
2025-08-24 14:04:15.900 [info] > git cat-file -s 4c050ca07383e45f91181041e9c78f0ff535dff4 [5ms]
2025-08-24 14:04:39.130 [info] > git add -A -- . [17765ms]
2025-08-24 14:04:39.130 [info] error: '.local/share/Trash/files/12-dars/' does not have a commit checked out
fatal: adding files failed
2025-08-24 14:04:39.173 [info] > git config --get commit.template [22ms]
2025-08-24 14:04:39.175 [info] > git for-each-ref --format=%(refname)%00%(upstream:short)%00%(objectname)%00%(upstream:track)%00%(upstream:remotename)%00%(upstream:remoteref) refs/heads/master refs/remotes/master [3ms]
2025-08-24 14:04:39.175 [warning] [Git][getBranch] No such branch: master
2025-08-24 14:04:39.218 [info] > git for-each-ref --sort -committerdate --format %(refname)%00%(objectname)%00%(*objectname) [3ms]
2025-08-24 14:04:42.099 [info] > git status -z -uall [2905ms] (cancelled)
2025-08-24 14:04:53.033 [info] > git log --format=%H%n%aN%n%aE%n%at%n%ct%n%P%n%D%n%B -z --shortstat --diff-merges=first-parent -n50 --skip=0 --topo-order --decorate=full --stdin [6ms]
2025-08-24 14:04:56.590 [info] > git push -u origin main [1509ms]
2025-08-24 14:04:56.590 [info] remote: Repository not found.
fatal: repository 'https://github.com/sarvarbekesonaliyev/4-oy-1-dars-Uyga-vazifa.git/' not found
2025-08-24 14:04:56.623 [info] > git config --get commit.template [5ms]
2025-08-24 14:04:56.648 [info] > git for-each-ref --format=%(refname)%00%(upstream:short)%00%(objectname)%00%(upstream:track)%00%(upstream:remotename)%00%(upstream:remoteref) refs/heads/main refs/remotes/main [4ms]
2025-08-24 14:04:56.696 [info] > git status -z -uall [25ms]
2025-08-24 14:04:56.702 [info] > git for-each-ref --sort -committerdate --format %(refname)%00%(objectname)%00%(*objectname) [7ms]
