2025-08-24 14:25:30.880 [info] Reading sessions from keychain...
2025-08-24 14:25:30.880 [info] Getting sessions for all scopes...
2025-08-24 14:25:30.964 [info] Got stored sessions!
2025-08-24 14:25:30.965 [info] Got 2 verified sessions.
2025-08-24 14:25:30.965 [info] Got 2 sessions for ...
2025-08-24 14:25:30.965 [info] Getting sessions for all scopes...
2025-08-24 14:25:30.965 [info] Got 2 sessions for ...
2025-08-24 14:25:30.966 [info] Getting sessions for all scopes...
2025-08-24 14:25:30.966 [info] Got 2 sessions for ...
2025-08-24 14:25:30.966 [info] Getting sessions for all scopes...
2025-08-24 14:25:30.966 [info] Got 2 sessions for ...
2025-08-24 14:25:30.966 [info] Getting sessions for all scopes...
2025-08-24 14:25:30.968 [info] Got 2 sessions for ...
2025-08-24 14:25:30.968 [info] Getting sessions for all scopes...
2025-08-24 14:25:30.968 [info] Got 2 sessions for ...
2025-08-24 14:25:30.969 [info] Getting sessions for all scopes...
2025-08-24 14:25:30.969 [info] Got 2 sessions for ...
2025-08-24 14:25:30.969 [info] Getting sessions for all scopes...
2025-08-24 14:25:30.969 [info] Got 2 sessions for ...
2025-08-24 14:25:31.007 [info] Getting sessions for all scopes...
2025-08-24 14:25:31.008 [info] Got 2 sessions for ...
2025-08-24 14:25:31.009 [info] Getting sessions for all scopes...
2025-08-24 14:25:31.009 [info] Got 2 sessions for ...
2025-08-24 14:25:31.010 [info] Getting sessions for all scopes...
2025-08-24 14:25:31.010 [info] Got 2 sessions for ...
2025-08-24 14:25:31.010 [info] Getting sessions for all scopes...
2025-08-24 14:25:31.010 [info] Got 2 sessions for ...
2025-08-24 14:25:31.011 [info] Getting sessions for all scopes...
2025-08-24 14:25:31.011 [info] Got 2 sessions for ...
2025-08-24 14:25:31.011 [info] Getting sessions for all scopes...
2025-08-24 14:25:31.011 [info] Got 2 sessions for ...
2025-08-24 14:25:33.233 [info] Getting sessions for read:user,repo,user:email...
2025-08-24 14:25:33.233 [info] Got 0 sessions for read:user,repo,user:email...
2025-08-24 14:25:33.881 [info] Getting sessions for user:email...
2025-08-24 14:25:33.881 [info] Got 1 sessions for user:email...
2025-08-24 14:25:34.173 [info] Getting sessions for all scopes...
2025-08-24 14:25:34.173 [info] Got 2 sessions for ...
2025-08-24 14:25:34.752 [info] Getting sessions for all scopes...
2025-08-24 14:25:34.752 [info] Got 2 sessions for ...
2025-08-24 14:25:34.753 [info] Getting sessions for all scopes...
2025-08-24 14:25:34.753 [info] Got 2 sessions for ...
2025-08-24 14:25:34.763 [info] Getting sessions for all scopes...
2025-08-24 14:25:34.763 [info] Got 2 sessions for ...
2025-08-24 14:25:36.568 [info] Getting sessions for read:user,repo,user:email...
2025-08-24 14:25:36.569 [info] Got 0 sessions for read:user,repo,user:email...
2025-08-24 14:25:47.423 [info] Getting sessions for all scopes...
2025-08-24 14:25:47.424 [info] Got 2 sessions for ...
2025-08-24 14:25:47.424 [info] Getting sessions for all scopes...
2025-08-24 14:25:47.424 [info] Got 2 sessions for ...
2025-08-24 14:25:48.772 [info] Getting sessions for read:user,repo,user:email,workflow...
2025-08-24 14:25:48.772 [info] Got 1 sessions for read:user,repo,user:email,workflow...
2025-08-24 14:25:48.815 [info] Getting sessions for all scopes...
2025-08-24 14:25:48.815 [info] Got 2 sessions for ...
2025-08-24 14:25:49.043 [info] Getting sessions for all scopes...
2025-08-24 14:25:49.043 [info] Got 2 sessions for ...
2025-08-24 14:25:49.075 [info] Getting sessions for read:user,repo,user:email,workflow...
2025-08-24 14:25:49.075 [info] Got 1 sessions for read:user,repo,user:email,workflow...
2025-08-24 14:25:49.237 [info] Getting sessions for all scopes...
2025-08-24 14:25:49.237 [info] Got 2 sessions for ...
2025-08-24 14:25:49.502 [info] Getting sessions for read:user,repo,user:email,workflow...
2025-08-24 14:25:49.502 [info] Got 1 sessions for read:user,repo,user:email,workflow...
2025-08-24 14:25:52.009 [info] Getting sessions for all scopes...
2025-08-24 14:25:52.009 [info] Got 2 sessions for ...
2025-08-24 14:25:52.014 [info] Getting sessions for read:user,repo,user:email,workflow...
2025-08-24 14:25:52.014 [info] Got 1 sessions for read:user,repo,user:email,workflow...
2025-08-24 14:25:52.064 [info] Getting sessions for read:user,repo,user:email,workflow...
2025-08-24 14:25:52.064 [info] Got 1 sessions for read:user,repo,user:email,workflow...
2025-08-24 14:25:52.162 [info] Getting sessions for all scopes...
2025-08-24 14:25:52.162 [info] Got 2 sessions for ...
2025-08-24 14:25:52.165 [info] Getting sessions for read:user,repo,user:email,workflow...
2025-08-24 14:25:52.165 [info] Got 1 sessions for read:user,repo,user:email,workflow...
2025-08-24 14:25:57.318 [info] Getting sessions for all scopes...
2025-08-24 14:25:57.318 [info] Got 2 sessions for ...
2025-08-24 14:25:57.328 [info] Getting sessions for all scopes...
2025-08-24 14:25:57.328 [info] Got 2 sessions for ...
2025-08-24 14:25:57.388 [info] Getting sessions for read:user,repo,user:email,workflow...
2025-08-24 14:25:57.388 [info] Got 1 sessions for read:user,repo,user:email,workflow...
2025-08-24 14:25:57.425 [info] Getting sessions for all scopes...
2025-08-24 14:25:57.425 [info] Got 2 sessions for ...
2025-08-24 14:25:57.431 [info] Getting sessions for read:user,repo,user:email,workflow...
2025-08-24 14:25:57.431 [info] Got 1 sessions for read:user,repo,user:email,workflow...
2025-08-24 14:25:57.630 [info] Getting sessions for all scopes...
2025-08-24 14:25:57.630 [info] Got 2 sessions for ...
2025-08-24 14:25:57.638 [info] Getting sessions for read:user,repo,user:email,workflow...
2025-08-24 14:25:57.638 [info] Got 1 sessions for read:user,repo,user:email,workflow...
2025-08-24 14:25:57.645 [info] Getting sessions for all scopes...
2025-08-24 14:25:57.645 [info] Got 2 sessions for ...
2025-08-24 14:25:57.648 [info] Getting sessions for all scopes...
2025-08-24 14:25:57.648 [info] Got 2 sessions for ...
2025-08-24 14:25:59.308 [info] Getting sessions for all scopes...
2025-08-24 14:25:59.308 [info] Got 2 sessions for ...
2025-08-24 14:28:39.667 [info] Getting sessions for read:user,repo,user:email,workflow...
2025-08-24 14:28:39.668 [info] Got 1 sessions for read:user,repo,user:email,workflow...
2025-08-24 14:31:10.415 [info] Getting sessions for read:user,repo,user:email,workflow...
2025-08-24 14:31:10.415 [info] Got 1 sessions for read:user,repo,user:email,workflow...
2025-08-24 14:32:33.222 [info] Getting sessions for all scopes...
2025-08-24 14:32:33.222 [info] Got 2 sessions for ...
2025-08-24 14:32:33.225 [info] Getting sessions for read:user,repo,user:email,workflow...
2025-08-24 14:32:33.225 [info] Got 1 sessions for read:user,repo,user:email,workflow...
2025-08-24 14:33:33.948 [info] Getting sessions for all scopes...
2025-08-24 14:33:33.948 [info] Got 2 sessions for ...
2025-08-24 14:33:34.722 [info] Getting sessions for read:user,repo,user:email...
2025-08-24 14:33:34.722 [info] Got 0 sessions for read:user,repo,user:email...
2025-08-24 14:33:35.745 [info] Getting sessions for read:user,repo,user:email,workflow...
2025-08-24 14:33:35.746 [info] Got 1 sessions for read:user,repo,user:email,workflow...
2025-08-24 14:33:35.804 [info] Getting sessions for read:user,repo,user:email...
2025-08-24 14:33:35.804 [info] Got 0 sessions for read:user,repo,user:email...
2025-08-24 14:33:35.996 [info] Getting sessions for read:user,repo,user:email...
2025-08-24 14:33:35.997 [info] Got 0 sessions for read:user,repo,user:email...
2025-08-24 14:33:36.700 [info] Getting sessions for all scopes...
2025-08-24 14:33:36.700 [info] Got 2 sessions for ...
2025-08-24 14:33:36.723 [info] Getting sessions for read:user,repo,user:email,workflow...
2025-08-24 14:33:36.723 [info] Got 1 sessions for read:user,repo,user:email,workflow...
2025-08-24 14:35:22.047 [info] Getting sessions for all scopes...
2025-08-24 14:35:22.047 [info] Got 2 sessions for ...
2025-08-24 14:35:22.098 [info] Getting sessions for read:user,repo,user:email,workflow...
2025-08-24 14:35:22.098 [info] Got 1 sessions for read:user,repo,user:email,workflow...
