2025-08-24 13:48:08.562 [info] GitLens v17.4.0 activating in Visual Studio Code (1.103.1) on the desktop; language='en', logLevel='warn', defaultDateLocale='null' (531c16064b4b2b65e2afce4c98340db7dda2ddbc0a34ed21601beadb54967939|0433277f-3cba-4999-9433-54fe13cefc4b1756025271292)
To enable debug logging, set `"gitlens.outputLevel": "debug"` or run "GitLens: Enable Debug Logging" from the Command Palette

2025-08-24 13:48:08.562 [info] [2025-08-24 08:48:08.507] [GIT   *2931ms] [/home/sarvarbek] git rev-parse --git-dir --git-common-dir [*2931ms] (slow)

2025-08-24 13:48:09.126 [info] [2025-08-24 08:48:08.579] Warning(/usr/bin/git -c core.quotepath=false -c color.ui=false rev-list --max-parents=0 HEAD --): fatal: bad revision 'HEAD'


2025-08-24 13:48:19.731 [info] [2025-08-24 08:48:19.231] Warning(/usr/bin/git -c core.quotepath=false -c color.ui=false -c log.showSignature=false log -z --format=%H -n1 HEAD --): fatal: bad revision 'HEAD'

[2025-08-24 08:48:19.232] [GIT          ] [/home/sarvarbek] git log -z --format=%H -n1 HEAD -- • bad revision 'HEAD' [194ms]
[2025-08-24 08:48:19.290] Warning(/usr/bin/git -c core.quotepath=false -c color.ui=false rev-parse --abbrev-ref --symbolic-full-name @ @{u} --): fatal: bad revision '@'

[2025-08-24 08:48:19.291] [GIT          ] [/home/sarvarbek] git rev-parse --abbrev-ref --symbolic-full-name @ @{u} -- • bad revision '@' [98ms]
[2025-08-24 08:48:19.365] Warning(/usr/bin/git -c core.quotepath=false -c color.ui=false -c log.showSignature=false log -n1 --format=%ct --): fatal: your current branch 'master' does not have any commits yet


2025-08-24 13:48:20.732 [info] [2025-08-24 08:48:20.551] [GIT          ] [/home/sarvarbek] git shortlog -s --all --no-min-parents --since=1.year.ago • cancelled [2019ms] (slow)
[2025-08-24 08:48:20.552] Git.exec
Canceled: Operation cancelled; command=/usr/bin/git -c core.quotepath=false -c color.ui=false shortlog -s --all --no-min-parents --since=1.year.ago

2025-08-24 13:51:51.906 [info] [2025-08-24 08:51:51.406] [           17] StashGitCommand.pushCommandInputMessageStep Warning(/usr/bin/git -c core.quotepath=false -c color.ui=false rev-parse --verify --end-of-options 8e8eb83^{commit}): fatal: Needed a single revision


2025-08-24 13:51:52.407 [info] [2025-08-24 08:51:52.086] [           17] StashGitCommand.pushCommandInputMessageStep Warning(/usr/bin/git -c core.quotepath=false -c color.ui=false rev-parse --verify --end-of-options 8e8eb83^{commit}): fatal: Needed a single revision


2025-08-24 13:52:01.668 [info] [2025-08-24 08:52:01.167] [           17] StashGitCommand.pushCommandInputMessageStep Warning(/usr/bin/git -c core.quotepath=false -c color.ui=false rev-parse --verify --end-of-options 8e8eb83^{commit}): fatal: Needed a single revision


2025-08-24 13:52:03.168 [info] [2025-08-24 08:52:03.032] [           17] StashGitCommand.pushCommandInputMessageStep Warning(/usr/bin/git -c core.quotepath=false -c color.ui=false rev-parse --verify --end-of-options 8e8eb83^{commit}): fatal: Needed a single revision


2025-08-24 13:52:08.676 [info] [2025-08-24 08:52:08.258] [           17] StashGitCommand.pushCommandInputMessageStep Warning(/usr/bin/git -c core.quotepath=false -c color.ui=false rev-parse --verify --end-of-options 8e8eb83^{commit}): fatal: Needed a single revision


2025-08-24 13:52:23.643 [info] [2025-08-24 08:52:23.142] [           17] StashGitCommand.pushCommandInputMessageStep Warning(/usr/bin/git -c core.quotepath=false -c color.ui=false rev-parse --verify --end-of-options 8e8eb83^{commit}): fatal: Needed a single revision


2025-08-24 13:52:53.243 [info] [2025-08-24 08:52:52.741] [           17] StashGitCommand.pushCommandInputMessageStep Warning(/usr/bin/git -c core.quotepath=false -c color.ui=false rev-parse --verify --end-of-options 8e8eb83^{commit}): fatal: Needed a single revision


2025-08-24 13:55:53.230 [info] [2025-08-24 08:55:52.730] Warning(/usr/bin/git -c core.quotepath=false -c color.ui=false log --format=%x1E%H%x1D --summary -n1 8e8eb830ea058e5ecfa3edb32d64363879550f88^ -- index.html): fatal: bad revision '8e8eb830ea058e5ecfa3edb32d64363879550f88^'


2025-08-24 13:59:39.069 [info] [2025-08-24 08:59:38.568] Warning(/usr/bin/git -c core.quotepath=false -c color.ui=false log --format=%x1E%H%x1D --summary -n1 8e8eb830ea058e5ecfa3edb32d64363879550f88^ -- index.html): fatal: bad revision '8e8eb830ea058e5ecfa3edb32d64363879550f88^'


2025-08-24 13:59:43.072 [info] [2025-08-24 08:59:42.945] Warning(/usr/bin/git -c core.quotepath=false -c color.ui=false log --format=%x1E%H%x1D --summary -n1 8e8eb830ea058e5ecfa3edb32d64363879550f88^ -- index.html): fatal: bad revision '8e8eb830ea058e5ecfa3edb32d64363879550f88^'


