2025-08-24 14:01:25.236 [info] Reading sessions from keychain...
2025-08-24 14:01:25.236 [info] Getting sessions for all scopes...
2025-08-24 14:01:25.236 [info] Got 0 sessions for ...
2025-08-24 14:01:25.236 [info] Getting sessions for all scopes...
2025-08-24 14:01:25.236 [info] Got 0 sessions for ...
2025-08-24 14:01:25.236 [info] Getting sessions for all scopes...
2025-08-24 14:01:25.236 [info] Got 0 sessions for ...
2025-08-24 14:01:25.236 [info] Getting sessions for all scopes...
2025-08-24 14:01:25.236 [info] Got 0 sessions for ...
2025-08-24 14:01:25.236 [info] Getting sessions for all scopes...
2025-08-24 14:01:25.236 [info] Got 0 sessions for ...
2025-08-24 14:01:25.236 [info] Getting sessions for all scopes...
2025-08-24 14:01:25.236 [info] Got 0 sessions for ...
2025-08-24 14:01:25.236 [info] Getting sessions for all scopes...
2025-08-24 14:01:25.236 [info] Got 0 sessions for ...
2025-08-24 14:01:25.236 [info] Getting sessions for all scopes...
2025-08-24 14:01:25.236 [info] Got 0 sessions for ...
2025-08-24 14:01:25.236 [info] Getting sessions for all scopes...
2025-08-24 14:01:25.236 [info] Got 0 sessions for ...
2025-08-24 14:01:25.236 [info] Getting sessions for all scopes...
2025-08-24 14:01:25.236 [info] Got 0 sessions for ...
2025-08-24 14:01:25.236 [info] Getting sessions for all scopes...
2025-08-24 14:01:25.236 [info] Got 0 sessions for ...
2025-08-24 14:01:25.236 [info] Getting sessions for all scopes...
2025-08-24 14:01:25.236 [info] Got 0 sessions for ...
2025-08-24 14:01:25.236 [info] Getting sessions for all scopes...
2025-08-24 14:01:25.236 [info] Got 0 sessions for ...
2025-08-24 14:01:25.236 [info] Getting sessions for all scopes...
2025-08-24 14:01:25.236 [info] Got 0 sessions for ...
2025-08-24 14:01:25.236 [info] Getting sessions for all scopes...
2025-08-24 14:01:25.236 [info] Got 0 sessions for ...
2025-08-24 14:01:25.236 [info] Getting sessions for all scopes...
2025-08-24 14:01:25.236 [info] Got 0 sessions for ...
2025-08-24 14:01:33.231 [info] Getting sessions for all scopes...
2025-08-24 14:01:33.231 [info] Got 0 sessions for ...
2025-08-24 14:01:33.232 [info] Getting sessions for all scopes...
2025-08-24 14:01:33.232 [info] Got 0 sessions for ...
2025-08-24 14:01:33.233 [info] Getting sessions for all scopes...
2025-08-24 14:01:33.233 [info] Got 0 sessions for ...
2025-08-24 14:01:33.962 [info] Getting sessions for read:user,repo,user:email...
2025-08-24 14:01:33.962 [info] Got 0 sessions for read:user,repo,user:email...
2025-08-24 14:01:33.963 [info] Getting sessions for all scopes...
2025-08-24 14:01:33.963 [info] Got 0 sessions for ...
2025-08-24 14:01:33.963 [info] Getting sessions for all scopes...
2025-08-24 14:01:33.963 [info] Got 0 sessions for ...
2025-08-24 14:01:34.888 [info] Getting sessions for all scopes...
2025-08-24 14:01:34.888 [info] Got 0 sessions for ...
2025-08-24 14:01:34.892 [info] Getting sessions for read:user,repo,user:email...
2025-08-24 14:01:34.893 [info] Got 0 sessions for read:user,repo,user:email...
2025-08-24 14:01:34.893 [info] Getting sessions for user:email...
2025-08-24 14:01:34.893 [info] Got 0 sessions for user:email...
2025-08-24 14:01:34.893 [info] Getting sessions for read:user,repo,user:email,workflow...
2025-08-24 14:01:34.893 [info] Got 0 sessions for read:user,repo,user:email,workflow...
2025-08-24 14:01:34.893 [info] Getting sessions for all scopes...
2025-08-24 14:01:34.893 [info] Got 0 sessions for ...
2025-08-24 14:01:34.894 [info] Getting sessions for read:user,repo,user:email,workflow...
2025-08-24 14:01:34.894 [info] Got 0 sessions for read:user,repo,user:email,workflow...
2025-08-24 14:01:34.907 [info] Getting sessions for all scopes...
2025-08-24 14:01:34.907 [info] Got 0 sessions for ...
2025-08-24 14:01:34.909 [info] Getting sessions for read:user...
2025-08-24 14:01:34.909 [info] Got 0 sessions for read:user...
2025-08-24 14:01:34.913 [info] Getting sessions for user:email...
2025-08-24 14:01:34.913 [info] Got 0 sessions for user:email...
2025-08-24 14:01:34.913 [info] Getting sessions for user:email...
2025-08-24 14:01:34.913 [info] Got 0 sessions for user:email...
2025-08-24 14:01:34.932 [info] Getting sessions for all scopes...
2025-08-24 14:01:34.932 [info] Got 0 sessions for ...
2025-08-24 14:01:35.179 [info] Getting sessions for user:email...
2025-08-24 14:01:35.179 [info] Got 0 sessions for user:email...
2025-08-24 14:01:39.007 [info] Reading sessions from keychain...
2025-08-24 14:01:39.007 [info] Getting sessions for all scopes...
2025-08-24 14:01:39.007 [info] Got 0 sessions for ...
2025-08-24 14:01:39.007 [info] Getting sessions for all scopes...
2025-08-24 14:01:39.007 [info] Got 0 sessions for ...
2025-08-24 14:01:39.007 [info] Getting sessions for all scopes...
2025-08-24 14:01:39.007 [info] Got 0 sessions for ...
2025-08-24 14:01:39.007 [info] Getting sessions for all scopes...
2025-08-24 14:01:39.007 [info] Got 0 sessions for ...
2025-08-24 14:01:39.007 [info] Getting sessions for all scopes...
2025-08-24 14:01:39.007 [info] Got 0 sessions for ...
2025-08-24 14:01:39.007 [info] Getting sessions for all scopes...
2025-08-24 14:01:39.007 [info] Got 0 sessions for ...
2025-08-24 14:01:39.008 [info] Getting sessions for all scopes...
2025-08-24 14:01:39.008 [info] Got 0 sessions for ...
2025-08-24 14:01:39.008 [info] Getting sessions for all scopes...
2025-08-24 14:01:39.008 [info] Got 0 sessions for ...
2025-08-24 14:01:39.008 [info] Getting sessions for all scopes...
2025-08-24 14:01:39.008 [info] Got 0 sessions for ...
2025-08-24 14:01:39.008 [info] Getting sessions for all scopes...
2025-08-24 14:01:39.008 [info] Got 0 sessions for ...
2025-08-24 14:01:39.008 [info] Getting sessions for all scopes...
2025-08-24 14:01:39.008 [info] Got 0 sessions for ...
2025-08-24 14:01:39.008 [info] Getting sessions for all scopes...
2025-08-24 14:01:39.008 [info] Got 0 sessions for ...
2025-08-24 14:01:39.008 [info] Getting sessions for all scopes...
2025-08-24 14:01:39.008 [info] Got 0 sessions for ...
2025-08-24 14:01:39.008 [info] Getting sessions for all scopes...
2025-08-24 14:01:39.008 [info] Got 0 sessions for ...
2025-08-24 14:01:40.661 [info] Getting sessions for all scopes...
2025-08-24 14:01:40.661 [info] Got 0 sessions for ...
2025-08-24 14:01:40.754 [info] Getting sessions for read:user,repo,user:email...
2025-08-24 14:01:40.755 [info] Got 0 sessions for read:user,repo,user:email...
2025-08-24 14:01:40.956 [info] Getting sessions for all scopes...
2025-08-24 14:01:40.957 [info] Got 0 sessions for ...
2025-08-24 14:01:40.957 [info] Getting sessions for all scopes...
2025-08-24 14:01:40.957 [info] Got 0 sessions for ...
2025-08-24 14:01:40.965 [info] Getting sessions for all scopes...
2025-08-24 14:01:40.965 [info] Got 0 sessions for ...
2025-08-24 14:01:42.774 [info] Getting sessions for read:user,repo,user:email...
2025-08-24 14:01:42.774 [info] Got 0 sessions for read:user,repo,user:email...
2025-08-24 14:01:52.926 [info] Getting sessions for all scopes...
2025-08-24 14:01:52.926 [info] Got 0 sessions for ...
2025-08-24 14:01:52.926 [info] Getting sessions for all scopes...
2025-08-24 14:01:52.926 [info] Got 0 sessions for ...
2025-08-24 14:01:54.004 [info] Getting sessions for all scopes...
2025-08-24 14:01:54.004 [info] Got 0 sessions for ...
2025-08-24 14:01:54.175 [info] Getting sessions for user:email...
2025-08-24 14:01:54.175 [info] Got 0 sessions for user:email...
2025-08-24 14:01:54.175 [info] Getting sessions for read:user,repo,user:email,workflow...
2025-08-24 14:01:54.175 [info] Got 0 sessions for read:user,repo,user:email,workflow...
2025-08-24 14:01:54.176 [info] Getting sessions for all scopes...
2025-08-24 14:01:54.176 [info] Got 0 sessions for ...
2025-08-24 14:01:54.176 [info] Getting sessions for read:user,repo,user:email,workflow...
2025-08-24 14:01:54.176 [info] Got 0 sessions for read:user,repo,user:email,workflow...
2025-08-24 14:01:54.354 [info] Getting sessions for read:user,repo,user:email,workflow...
2025-08-24 14:01:54.355 [info] Got 0 sessions for read:user,repo,user:email,workflow...
2025-08-24 14:01:54.568 [info] Getting sessions for all scopes...
2025-08-24 14:01:54.568 [info] Got 0 sessions for ...
2025-08-24 14:01:54.569 [info] Getting sessions for read:user...
2025-08-24 14:01:54.569 [info] Got 0 sessions for read:user...
2025-08-24 14:01:54.590 [info] Getting sessions for read:user,repo,user:email,workflow...
2025-08-24 14:01:54.590 [info] Got 0 sessions for read:user,repo,user:email,workflow...
2025-08-24 14:01:54.590 [info] Getting sessions for user:email...
2025-08-24 14:01:54.590 [info] Got 0 sessions for user:email...
2025-08-24 14:01:54.591 [info] Getting sessions for user:email...
2025-08-24 14:01:54.591 [info] Got 0 sessions for user:email...
2025-08-24 14:01:54.772 [info] Getting sessions for all scopes...
2025-08-24 14:01:54.772 [info] Got 0 sessions for ...
2025-08-24 14:01:54.773 [info] Getting sessions for all scopes...
2025-08-24 14:01:54.773 [info] Got 0 sessions for ...
2025-08-24 14:01:54.775 [info] Getting sessions for user:email...
2025-08-24 14:01:54.775 [info] Got 0 sessions for user:email...
2025-08-24 14:01:54.793 [info] Getting sessions for all scopes...
2025-08-24 14:01:54.793 [info] Got 0 sessions for ...
2025-08-24 14:01:54.796 [info] Getting sessions for user:email...
2025-08-24 14:01:54.796 [info] Got 0 sessions for user:email...
2025-08-24 14:01:54.799 [info] Getting sessions for all scopes...
2025-08-24 14:01:54.799 [info] Got 0 sessions for ...
2025-08-24 14:01:54.801 [info] Getting sessions for user:email...
2025-08-24 14:01:54.801 [info] Got 0 sessions for user:email...
2025-08-24 14:01:54.809 [info] Getting sessions for all scopes...
2025-08-24 14:01:54.809 [info] Got 0 sessions for ...
2025-08-24 14:01:54.812 [info] Getting sessions for all scopes...
2025-08-24 14:01:54.812 [info] Got 0 sessions for ...
2025-08-24 14:01:58.576 [info] Getting sessions for read:user,repo,user:email,workflow...
2025-08-24 14:01:58.576 [info] Got 0 sessions for read:user,repo,user:email,workflow...
2025-08-24 14:02:01.695 [info] Logging in with 'any' account...
2025-08-24 14:02:01.695 [info] Logging in for the following scopes: read:user repo user:email workflow
2025-08-24 14:02:01.755 [info] Trying with local server... (read:user repo user:email workflow)
2025-08-24 14:02:06.136 [info] Exchanging code for token...
2025-08-24 14:02:06.678 [info] Token exchange success!
2025-08-24 14:02:06.680 [info] Getting user info...
2025-08-24 14:02:07.348 [info] Got account info!
2025-08-24 14:02:07.349 [info] Storing 1 sessions...
2025-08-24 14:02:07.354 [info] Reading sessions from keychain...
2025-08-24 14:02:07.354 [info] Stored 1 sessions!
2025-08-24 14:02:07.354 [info] Login success!
2025-08-24 14:02:07.356 [info] Getting sessions for all scopes...
2025-08-24 14:02:07.362 [info] Got stored sessions!
2025-08-24 14:02:07.362 [info] Got 1 verified sessions.
2025-08-24 14:02:07.362 [info] Got 1 sessions for ...
2025-08-24 14:02:07.363 [info] Getting sessions for all scopes...
2025-08-24 14:02:07.363 [info] Got 1 sessions for ...
2025-08-24 14:02:07.363 [info] Getting sessions for all scopes...
2025-08-24 14:02:07.363 [info] Got 1 sessions for ...
2025-08-24 14:02:07.365 [info] Getting sessions for all scopes...
2025-08-24 14:02:07.365 [info] Got 1 sessions for ...
2025-08-24 14:02:07.369 [info] Getting sessions for all scopes...
2025-08-24 14:02:07.369 [info] Got 1 sessions for ...
2025-08-24 14:02:07.370 [info] Getting sessions for all scopes...
2025-08-24 14:02:07.370 [info] Got 1 sessions for ...
2025-08-24 14:02:07.370 [info] Getting sessions for all scopes...
2025-08-24 14:02:07.370 [info] Got 1 sessions for ...
2025-08-24 14:02:07.371 [info] Getting sessions for all scopes...
2025-08-24 14:02:07.371 [info] Got 1 sessions for ...
2025-08-24 14:02:07.371 [info] Getting sessions for read:user,repo,user:email,workflow...
2025-08-24 14:02:07.371 [info] Got 1 sessions for read:user,repo,user:email,workflow...
2025-08-24 14:02:07.372 [info] Getting sessions for read:user,repo,user:email,workflow...
2025-08-24 14:02:07.372 [info] Got 1 sessions for read:user,repo,user:email,workflow...
2025-08-24 14:02:07.372 [info] Getting sessions for read:user,repo,user:email...
2025-08-24 14:02:07.372 [info] Got 0 sessions for read:user,repo,user:email...
2025-08-24 14:02:07.541 [info] Getting sessions for read:user,repo,user:email,workflow...
2025-08-24 14:02:07.541 [info] Got 1 sessions for read:user,repo,user:email,workflow...
2025-08-24 14:02:07.547 [info] Getting sessions for read:user,repo,user:email...
2025-08-24 14:02:07.547 [info] Got 0 sessions for read:user,repo,user:email...
2025-08-24 14:02:07.590 [info] Getting sessions for all scopes...
2025-08-24 14:02:07.590 [info] Got 1 sessions for ...
2025-08-24 14:02:07.721 [info] Getting sessions for read:user,repo,user:email...
2025-08-24 14:02:07.721 [info] Got 0 sessions for read:user,repo,user:email...
2025-08-24 14:02:07.787 [info] Getting sessions for read:user,repo,user:email,workflow...
2025-08-24 14:02:07.787 [info] Got 1 sessions for read:user,repo,user:email,workflow...
2025-08-24 14:02:07.787 [info] Getting sessions for read:user,repo,user:email...
2025-08-24 14:02:07.787 [info] Got 0 sessions for read:user,repo,user:email...
2025-08-24 14:02:07.790 [info] Getting sessions for all scopes...
2025-08-24 14:02:07.790 [info] Got 1 sessions for ...
2025-08-24 14:02:07.791 [info] Getting sessions for read:user,repo,user:email...
2025-08-24 14:02:07.791 [info] Got 0 sessions for read:user,repo,user:email...
2025-08-24 14:02:07.793 [info] Getting sessions for read:user,repo,user:email,workflow...
2025-08-24 14:02:07.793 [info] Got 1 sessions for read:user,repo,user:email,workflow...
2025-08-24 14:02:09.019 [info] Getting sessions for all scopes...
2025-08-24 14:02:09.019 [info] Got 1 sessions for ...
2025-08-24 14:02:09.020 [info] Getting sessions for all scopes...
2025-08-24 14:02:09.020 [info] Got 1 sessions for ...
2025-08-24 14:02:09.044 [info] Getting sessions for read:user,repo,user:email,workflow...
2025-08-24 14:02:09.044 [info] Got 1 sessions for read:user,repo,user:email,workflow...
2025-08-24 14:02:09.047 [info] Getting sessions for all scopes...
2025-08-24 14:02:09.047 [info] Got 1 sessions for ...
2025-08-24 14:02:09.049 [info] Getting sessions for read:user,repo,user:email,workflow...
2025-08-24 14:02:09.049 [info] Got 1 sessions for read:user,repo,user:email,workflow...
2025-08-24 14:02:09.256 [info] Getting sessions for all scopes...
2025-08-24 14:02:09.256 [info] Got 1 sessions for ...
2025-08-24 14:02:09.279 [info] Getting sessions for all scopes...
2025-08-24 14:02:09.279 [info] Got 1 sessions for ...
2025-08-24 14:02:09.405 [info] Getting sessions for read:user,repo,user:email,workflow...
2025-08-24 14:02:09.405 [info] Got 1 sessions for read:user,repo,user:email,workflow...
2025-08-24 14:02:27.551 [info] Getting sessions for read:user,repo,user:email,workflow...
2025-08-24 14:02:27.551 [info] Got 1 sessions for read:user,repo,user:email,workflow...
2025-08-24 14:03:00.321 [info] Getting sessions for read:user,repo,user:email,workflow...
2025-08-24 14:03:00.321 [info] Got 1 sessions for read:user,repo,user:email,workflow...
2025-08-24 14:03:12.439 [info] Getting sessions for all scopes...
2025-08-24 14:03:12.439 [info] Got 1 sessions for ...
2025-08-24 14:03:12.445 [info] Getting sessions for read:user,repo,user:email,workflow...
2025-08-24 14:03:12.445 [info] Got 1 sessions for read:user,repo,user:email,workflow...
2025-08-24 14:03:13.253 [info] Getting sessions for all scopes...
2025-08-24 14:03:13.253 [info] Got 1 sessions for ...
2025-08-24 14:03:13.255 [info] Getting sessions for read:user,repo,user:email,workflow...
2025-08-24 14:03:13.255 [info] Got 1 sessions for read:user,repo,user:email,workflow...
2025-08-24 14:03:17.840 [info] Getting sessions for all scopes...
2025-08-24 14:03:17.840 [info] Got 1 sessions for ...
2025-08-24 14:03:17.844 [info] Getting sessions for read:user,repo,user:email,workflow...
2025-08-24 14:03:17.844 [info] Got 1 sessions for read:user,repo,user:email,workflow...
2025-08-24 14:03:18.672 [info] Getting sessions for all scopes...
2025-08-24 14:03:18.672 [info] Got 1 sessions for ...
2025-08-24 14:03:18.675 [info] Getting sessions for read:user,repo,user:email,workflow...
2025-08-24 14:03:18.675 [info] Got 1 sessions for read:user,repo,user:email,workflow...
2025-08-24 14:03:19.223 [info] Getting sessions for all scopes...
2025-08-24 14:03:19.223 [info] Got 1 sessions for ...
2025-08-24 14:03:19.227 [info] Getting sessions for read:user,repo,user:email,workflow...
2025-08-24 14:03:19.227 [info] Got 1 sessions for read:user,repo,user:email,workflow...
2025-08-24 14:03:19.684 [info] Getting sessions for all scopes...
2025-08-24 14:03:19.685 [info] Got 1 sessions for ...
2025-08-24 14:03:19.690 [info] Getting sessions for read:user,repo,user:email,workflow...
2025-08-24 14:03:19.690 [info] Got 1 sessions for read:user,repo,user:email,workflow...
2025-08-24 14:03:20.946 [info] Getting sessions for user:email...
2025-08-24 14:03:20.946 [info] Got 0 sessions for user:email...
2025-08-24 14:03:21.642 [info] Getting sessions for all scopes...
2025-08-24 14:03:21.642 [info] Got 1 sessions for ...
2025-08-24 14:03:23.070 [info] Logging in with 'any' account...
2025-08-24 14:03:23.070 [info] Logging in for the following scopes: user:email
2025-08-24 14:03:23.079 [info] Trying with local server... (user:email)
2025-08-24 14:03:26.844 [info] Exchanging code for token...
2025-08-24 14:03:27.362 [info] Token exchange success!
2025-08-24 14:03:27.363 [info] Getting user info...
2025-08-24 14:03:27.857 [info] Got account info!
2025-08-24 14:03:27.857 [info] Storing 2 sessions...
2025-08-24 14:03:27.861 [info] Reading sessions from keychain...
2025-08-24 14:03:27.861 [info] Stored 2 sessions!
2025-08-24 14:03:27.861 [info] Login success!
2025-08-24 14:03:27.862 [info] Getting sessions for all scopes...
2025-08-24 14:03:27.869 [info] Got stored sessions!
2025-08-24 14:03:27.869 [info] Got 2 verified sessions.
2025-08-24 14:03:27.869 [info] Got 2 sessions for ...
2025-08-24 14:03:27.869 [info] Getting sessions for all scopes...
2025-08-24 14:03:27.870 [info] Got 2 sessions for ...
2025-08-24 14:03:27.870 [info] Getting sessions for all scopes...
2025-08-24 14:03:27.870 [info] Got 2 sessions for ...
2025-08-24 14:03:27.872 [info] Getting sessions for user:email...
2025-08-24 14:03:27.872 [info] Got 1 sessions for user:email...
2025-08-24 14:03:27.875 [info] Getting sessions for all scopes...
2025-08-24 14:03:27.875 [info] Got 2 sessions for ...
2025-08-24 14:03:27.879 [info] Getting sessions for all scopes...
2025-08-24 14:03:27.879 [info] Got 2 sessions for ...
2025-08-24 14:03:27.879 [info] Getting sessions for read:user,repo,user:email,workflow...
2025-08-24 14:03:27.879 [info] Got 1 sessions for read:user,repo,user:email,workflow...
2025-08-24 14:03:27.880 [info] Getting sessions for read:user,repo,user:email,workflow...
2025-08-24 14:03:27.880 [info] Got 1 sessions for read:user,repo,user:email,workflow...
2025-08-24 14:03:27.881 [info] Getting sessions for read:user,repo,user:email...
2025-08-24 14:03:27.881 [info] Got 0 sessions for read:user,repo,user:email...
2025-08-24 14:03:27.945 [info] Getting sessions for read:user,repo,user:email,workflow...
2025-08-24 14:03:27.945 [info] Got 1 sessions for read:user,repo,user:email,workflow...
2025-08-24 14:03:27.947 [info] Getting sessions for read:user,repo,user:email...
2025-08-24 14:03:27.947 [info] Got 0 sessions for read:user,repo,user:email...
2025-08-24 14:03:27.983 [info] Getting sessions for all scopes...
2025-08-24 14:03:27.983 [info] Got 2 sessions for ...
2025-08-24 14:03:27.986 [info] Getting sessions for read:user,repo,user:email,workflow...
2025-08-24 14:03:27.986 [info] Got 1 sessions for read:user,repo,user:email,workflow...
2025-08-24 14:03:27.987 [info] Getting sessions for read:user,repo,user:email...
2025-08-24 14:03:27.987 [info] Got 0 sessions for read:user,repo,user:email...
2025-08-24 14:03:32.349 [info] Getting sessions for read:user,repo,user:email...
2025-08-24 14:03:32.350 [info] Got 0 sessions for read:user,repo,user:email...
2025-08-24 14:03:34.925 [info] Getting sessions for all scopes...
2025-08-24 14:03:34.925 [info] Got 2 sessions for ...
2025-08-24 14:03:34.927 [info] Getting sessions for read:user,repo,user:email,workflow...
2025-08-24 14:03:34.927 [info] Got 1 sessions for read:user,repo,user:email,workflow...
2025-08-24 14:03:35.270 [info] Getting sessions for all scopes...
2025-08-24 14:03:35.270 [info] Got 2 sessions for ...
2025-08-24 14:03:35.273 [info] Getting sessions for read:user,repo,user:email,workflow...
2025-08-24 14:03:35.273 [info] Got 1 sessions for read:user,repo,user:email,workflow...
2025-08-24 14:03:51.641 [info] Getting sessions for read:user,repo,user:email,workflow...
2025-08-24 14:03:51.641 [info] Got 1 sessions for read:user,repo,user:email,workflow...
2025-08-24 14:04:36.869 [info] Getting sessions for read:user,repo,user:email...
2025-08-24 14:04:36.869 [info] Got 0 sessions for read:user,repo,user:email...
2025-08-24 14:04:39.549 [info] Getting sessions for read:user,repo,user:email...
2025-08-24 14:04:39.549 [info] Got 0 sessions for read:user,repo,user:email...
2025-08-24 14:04:42.090 [info] Getting sessions for read:user,repo,user:email...
2025-08-24 14:04:42.090 [info] Got 0 sessions for read:user,repo,user:email...
2025-08-24 14:04:42.432 [info] Getting sessions for read:user,repo,user:email...
2025-08-24 14:04:42.432 [info] Got 0 sessions for read:user,repo,user:email...
2025-08-24 14:04:42.676 [info] Getting sessions for read:user,repo,user:email...
2025-08-24 14:04:42.676 [info] Got 0 sessions for read:user,repo,user:email...
2025-08-24 14:04:56.039 [info] Getting sessions for read:user,repo,user:email,workflow...
2025-08-24 14:04:56.039 [info] Got 1 sessions for read:user,repo,user:email,workflow...
