2025-08-24 14:01:25.667 [info] Log level: Info
2025-08-24 14:01:39.316 [info] Log level: Info
2025-08-24 14:01:54.568 [warning] [GitHubBranchProtectionProvider][updateRepositoryBranchProtection] Failed to update repository branch protection: No GitHub authentication session available.
2025-08-24 14:01:54.592 [warning] [GitHubSourceControlHistoryItemDetailsProvider][_loadAssignableUsers] Failed to load assignable user(s) for sarvarbekesonaliyev/4-oy-1-dars-Uyga-vazifa: Error: No GitHub authentication session available.
2025-08-24 14:02:08.286 [warning] [GitHubBranchProtectionProvider][updateRepositoryBranchProtection] Failed to update repository branch protection: Request failed due to following response errors:
 - Could not resolve to a Repository with the name 'sarvarbekesonaliyev/4-oy-1-dars-Uyga-vazifa'.
2025-08-24 14:02:08.304 [warning] [GitHubBranchProtectionProvider][updateRepositoryBranchProtection] Failed to update repository branch protection: Request failed due to following response errors:
 - Could not resolve to a Repository with the name 'sarvarbekesonaliyev/4-oy-1-dars-Uyga-vazifa'.
2025-08-24 14:02:08.328 [warning] [GitHubBranchProtectionProvider][updateRepositoryBranchProtection] Failed to update repository branch protection: Request failed due to following response errors:
 - Could not resolve to a Repository with the name 'sarvarbekesonaliyev/4-oy-1-dars-Uyga-vazifa'.
2025-08-24 14:02:46.716 [warning] [GitHubSourceControlHistoryItemDetailsProvider][_loadAssignableUsers] Failed to load assignable user(s) for sarvarbekesonaliyev/4-oy-1-dars-Uyga-vazifa: GraphqlResponseError: Request failed due to following response errors:
 - Could not resolve to a Repository with the name 'sarvarbekesonaliyev/4-oy-1-dars-Uyga-vazifa'.
2025-08-24 14:03:28.471 [warning] [GitHubBranchProtectionProvider][updateRepositoryBranchProtection] Failed to update repository branch protection: Request failed due to following response errors:
 - Could not resolve to a Repository with the name 'sarvarbekesonaliyev/4-oy-1-dars-Uyga-vazifa'.
2025-08-24 14:03:44.967 [warning] [GitHubBranchProtectionProvider][updateRepositoryBranchProtection] Failed to update repository branch protection: Request failed due to following response errors:
 - Could not resolve to a Repository with the name 'sarvarbekesonaliyev/sarvarbek'.
2025-08-24 14:03:45.595 [warning] [GitHubSourceControlHistoryItemDetailsProvider][_loadAssignableUsers] Failed to load assignable user(s) for sarvarbekesonaliyev/4-oy-1-dars-Uyga-vazifa: GraphqlResponseError: Request failed due to following response errors:
 - Could not resolve to a Repository with the name 'sarvarbekesonaliyev/4-oy-1-dars-Uyga-vazifa'.
2025-08-24 14:04:53.754 [warning] [GitHubSourceControlHistoryItemDetailsProvider][_loadAssignableUsers] Failed to load assignable user(s) for sarvarbekesonaliyev/4-oy-1-dars-Uyga-vazifa: GraphqlResponseError: Request failed due to following response errors:
 - Could not resolve to a Repository with the name 'sarvarbekesonaliyev/4-oy-1-dars-Uyga-vazifa'.
