2025-08-24 07:34:03.207 [warning] Via 'product.json#extensionEnabledApiProposals' extension 'ms-vsliveshare.vsliveshare' wants API proposal 'notebookCellExecutionState' but that proposal DOES NOT EXIST. Likely, the proposal has been finalized (check 'vscode.d.ts') or was abandoned.
2025-08-24 07:34:03.246 [warning] Via 'product.json#extensionEnabledApiProposals' extension 'ms-python.gather' wants API proposal 'notebookCellExecutionState' but that proposal DOES NOT EXIST. Likely, the proposal has been finalized (check 'vscode.d.ts') or was abandoned.
2025-08-24 07:34:03.247 [warning] Via 'product.json#extensionEnabledApiProposals' extension 'ms-python.vscode-pylance' wants API proposal 'mcpConfigurationProvider' but that proposal DOES NOT EXIST. Likely, the proposal has been finalized (check 'vscode.d.ts') or was abandoned.
2025-08-24 07:34:04.454 [info] Started local extension host with pid 64493.
2025-08-24 07:34:07.693 [error] [Extension Host] (node:64493) [DEP0040] DeprecationWarning: The `punycode` module is deprecated. Please use a userland alternative instead.
(Use `exe --trace-deprecation ...` to show where the warning was created)
2025-08-24 07:34:10.027 [info] Settings Sync: Account status changed from uninitialized to unavailable
2025-08-24 07:34:19.949 [info] Extension host (LocalProcess pid: 64493) is unresponsive.
2025-08-24 07:34:20.209 [error] [File Watcher ('parcel')] Unexpected error: inotify_add_watch on '/home/sarvarbek/Desktop/headphones-figma-main' failed: No such file or directory (EUNKNOWN) (path: /home/sarvarbek)
2025-08-24 07:34:20.210 [error] [File Watcher (universal)] inotify_add_watch on '/home/sarvarbek/Desktop/headphones-figma-main' failed: No such file or directory
2025-08-24 07:34:20.226 [error] [Extension Host] (node:64493) ExperimentalWarning: SQLite is an experimental feature and might change at any time
2025-08-24 07:34:20.777 [info] Extension host (LocalProcess pid: 64493) is responsive.
2025-08-24 07:34:21.188 [error] Unable to resolve nonexistent file '/home/sarvarbek/Desktop/headphones-figma-main': Error: Unable to resolve nonexistent file '/home/sarvarbek/Desktop/headphones-figma-main'
    at h1t.resolve (vscode-file://vscode-app/snap/code/204/usr/share/code/resources/app/out/vs/workbench/workbench.desktop.main.js:3605:61395)
    at async Y0t.j (vscode-file://vscode-app/snap/code/204/usr/share/code/resources/app/out/vs/workbench/workbench.desktop.main.js:3568:27373)
2025-08-24 07:34:21.213 [info] [perf] Render performance baseline is 106ms
2025-08-24 07:34:22.914 [error] Error: The editor could not be opened because the file was not found.
    at GEe.gc (vscode-file://vscode-app/snap/code/204/usr/share/code/resources/app/out/vs/workbench/workbench.desktop.main.js:2598:81151)
    at async GEe.setInput (vscode-file://vscode-app/snap/code/204/usr/share/code/resources/app/out/vs/workbench/workbench.desktop.main.js:2598:80309)
    at async jqe.S (vscode-file://vscode-app/snap/code/204/usr/share/code/resources/app/out/vs/workbench/workbench.desktop.main.js:610:58567)
    at async jqe.L (vscode-file://vscode-app/snap/code/204/usr/share/code/resources/app/out/vs/workbench/workbench.desktop.main.js:610:57122)
    at async jqe.openEditor (vscode-file://vscode-app/snap/code/204/usr/share/code/resources/app/out/vs/workbench/workbench.desktop.main.js:610:56204)
    at async vscode-file://vscode-app/snap/code/204/usr/share/code/resources/app/out/vs/workbench/workbench.desktop.main.js:722:23350
    at async yae.value (vscode-file://vscode-app/snap/code/204/usr/share/code/resources/app/out/vs/workbench/workbench.desktop.main.js:1549:33803)
2025-08-24 07:34:29.266 [error] Unable to read file '/home/sarvarbek/Desktop/headphones-figma-main/index.html' (EntryNotADirectory (FileSystemError): Error: ENOTDIR: not a directory, stat '/home/sarvarbek/Desktop/headphones-figma-main/index.html'): Error: Unable to read file '/home/sarvarbek/Desktop/headphones-figma-main/index.html' (EntryNotADirectory (FileSystemError): Error: ENOTDIR: not a directory, stat '/home/sarvarbek/Desktop/headphones-figma-main/index.html')
    at h1t.G (vscode-file://vscode-app/snap/code/204/usr/share/code/resources/app/out/vs/workbench/workbench.desktop.main.js:3605:65912)
    at h1t.F (vscode-file://vscode-app/snap/code/204/usr/share/code/resources/app/out/vs/workbench/workbench.desktop.main.js:3605:65737)
    at async E1t.L (vscode-file://vscode-app/snap/code/204/usr/share/code/resources/app/out/vs/workbench/workbench.desktop.main.js:3606:9345)
    at async E1t.readStream (vscode-file://vscode-app/snap/code/204/usr/share/code/resources/app/out/vs/workbench/workbench.desktop.main.js:3606:9120)
    at async _ve.Eb (vscode-file://vscode-app/snap/code/204/usr/share/code/resources/app/out/vs/workbench/workbench.desktop.main.js:1226:12357)
    at async _ve.resolve (vscode-file://vscode-app/snap/code/204/usr/share/code/resources/app/out/vs/workbench/workbench.desktop.main.js:1226:10832)
    at async vscode-file://vscode-app/snap/code/204/usr/share/code/resources/app/out/vs/workbench/workbench.desktop.main.js:3606:5702
