2025-08-24 13:47:56.329 [info] Log level: Info
2025-08-24 13:48:15.805 [warning] [GitHubBranchProtectionProvider][updateRepositoryBranchProtection] Failed to update repository branch protection: Request failed due to following response errors:
 - Could not resolve to a Repository with the name 'sarvarbekesonaliyev/sarvarbek'.
2025-08-24 13:49:15.075 [warning] [GitHubBranchProtectionProvider][updateRepositoryBranchProtection] Failed to update repository branch protection: Request failed due to following response errors:
 - Could not resolve to a Repository with the name 'sarvarbekesonaliyev/sarvarbek'.
2025-08-24 13:49:15.168 [warning] [GitHubBranchProtectionProvider][updateRepositoryBranchProtection] Failed to update repository branch protection: Request failed due to following response errors:
 - Could not resolve to a Repository with the name 'sarvarbekesonaliyev/sarvarbek'.
2025-08-24 13:49:15.186 [warning] [GitHubBranchProtectionProvider][updateRepositoryBranchProtection] Failed to update repository branch protection: Request failed due to following response errors:
 - Could not resolve to a Repository with the name 'sarvarbekesonaliyev/sarvarbek'.
2025-08-24 13:54:34.803 [warning] [GitHubBranchProtectionProvider][updateRepositoryBranchProtection] Failed to update repository branch protection: No GitHub authentication session available.
2025-08-24 13:54:34.843 [warning] [GitHubBranchProtectionProvider][updateRepositoryBranchProtection] Failed to update repository branch protection: No GitHub authentication session available.
2025-08-24 13:55:53.723 [warning] [GitHubBranchProtectionProvider][updateRepositoryBranchProtection] Failed to update repository branch protection: No GitHub authentication session available.
2025-08-24 13:56:05.056 [warning] [GitHubBranchProtectionProvider][updateRepositoryBranchProtection] Failed to update repository branch protection: Request failed due to following response errors:
 - Could not resolve to a Repository with the name 'sarvarbekesonaliyev/sarvarbek'.
2025-08-24 13:56:05.104 [warning] [GitHubBranchProtectionProvider][updateRepositoryBranchProtection] Failed to update repository branch protection: Request failed due to following response errors:
 - Could not resolve to a Repository with the name 'sarvarbekesonaliyev/4-oy-1-dars-Uyga-vazifa'.
2025-08-24 13:56:05.106 [warning] [GitHubBranchProtectionProvider][updateRepositoryBranchProtection] Failed to update repository branch protection: Request failed due to following response errors:
 - Could not resolve to a Repository with the name 'sarvarbekesonaliyev/sarvarbek'.
2025-08-24 13:56:05.111 [warning] [GitHubBranchProtectionProvider][updateRepositoryBranchProtection] Failed to update repository branch protection: Request failed due to following response errors:
 - Could not resolve to a Repository with the name 'sarvarbekesonaliyev/4-oy-1-dars-Uyga-vazifa'.
2025-08-24 13:56:05.118 [warning] [GitHubBranchProtectionProvider][updateRepositoryBranchProtection] Failed to update repository branch protection: Request failed due to following response errors:
 - Could not resolve to a Repository with the name 'sarvarbekesonaliyev/4-oy-1-dars-Uyga-vazifa'.
2025-08-24 13:56:05.119 [warning] [GitHubBranchProtectionProvider][updateRepositoryBranchProtection] Failed to update repository branch protection: Request failed due to following response errors:
 - Could not resolve to a Repository with the name 'sarvarbekesonaliyev/sarvarbek'.
2025-08-24 13:58:33.046 [warning] [GitHubSourceControlHistoryItemDetailsProvider][_loadAssignableUsers] Failed to load assignable user(s) for sarvarbekesonaliyev/4-oy-1-dars-Uyga-vazifa: GraphqlResponseError: Request failed due to following response errors:
 - Could not resolve to a Repository with the name 'sarvarbekesonaliyev/4-oy-1-dars-Uyga-vazifa'.
2025-08-24 13:59:44.479 [warning] [GitHubSourceControlHistoryItemDetailsProvider][_loadAssignableUsers] Failed to load assignable user(s) for sarvarbekesonaliyev/4-oy-1-dars-Uyga-vazifa: GraphqlResponseError: Request failed due to following response errors:
 - Could not resolve to a Repository with the name 'sarvarbekesonaliyev/4-oy-1-dars-Uyga-vazifa'.
