2025-08-24 13:47:54.888 [info] Reading sessions from keychain...
2025-08-24 13:47:54.888 [info] Getting sessions for all scopes...
2025-08-24 13:47:55.359 [info] Got stored sessions!
2025-08-24 13:47:55.359 [info] Got 1 verified sessions.
2025-08-24 13:47:55.359 [info] Got 1 sessions for ...
2025-08-24 13:47:55.360 [info] Getting sessions for all scopes...
2025-08-24 13:47:55.360 [info] Got 1 sessions for ...
2025-08-24 13:47:55.361 [info] Getting sessions for all scopes...
2025-08-24 13:47:55.361 [info] Got 1 sessions for ...
2025-08-24 13:47:55.361 [info] Getting sessions for all scopes...
2025-08-24 13:47:55.361 [info] Got 1 sessions for ...
2025-08-24 13:47:55.361 [info] Getting sessions for all scopes...
2025-08-24 13:47:55.361 [info] Got 1 sessions for ...
2025-08-24 13:47:55.361 [info] Getting sessions for all scopes...
2025-08-24 13:47:55.361 [info] Got 1 sessions for ...
2025-08-24 13:47:55.362 [info] Getting sessions for all scopes...
2025-08-24 13:47:55.362 [info] Got 1 sessions for ...
2025-08-24 13:47:55.376 [info] Getting sessions for all scopes...
2025-08-24 13:47:55.376 [info] Got 1 sessions for ...
2025-08-24 13:47:55.617 [info] Getting sessions for all scopes...
2025-08-24 13:47:55.617 [info] Got 1 sessions for ...
2025-08-24 13:47:55.618 [info] Getting sessions for all scopes...
2025-08-24 13:47:55.618 [info] Got 1 sessions for ...
2025-08-24 13:47:55.618 [info] Getting sessions for all scopes...
2025-08-24 13:47:55.618 [info] Got 1 sessions for ...
2025-08-24 13:47:55.618 [info] Getting sessions for all scopes...
2025-08-24 13:47:55.618 [info] Got 1 sessions for ...
2025-08-24 13:47:55.619 [info] Getting sessions for all scopes...
2025-08-24 13:47:55.619 [info] Got 1 sessions for ...
2025-08-24 13:47:55.619 [info] Getting sessions for all scopes...
2025-08-24 13:47:55.619 [info] Got 1 sessions for ...
2025-08-24 13:48:04.547 [info] Getting sessions for all scopes...
2025-08-24 13:48:04.547 [info] Got 1 sessions for ...
2025-08-24 13:48:04.577 [info] Getting sessions for all scopes...
2025-08-24 13:48:04.577 [info] Got 1 sessions for ...
2025-08-24 13:48:04.578 [info] Getting sessions for all scopes...
2025-08-24 13:48:04.578 [info] Got 1 sessions for ...
2025-08-24 13:48:04.579 [info] Getting sessions for all scopes...
2025-08-24 13:48:04.579 [info] Got 1 sessions for ...
2025-08-24 13:48:05.116 [info] Getting sessions for read:user,repo,user:email...
2025-08-24 13:48:05.117 [info] Got 0 sessions for read:user,repo,user:email...
2025-08-24 13:48:05.214 [info] Getting sessions for all scopes...
2025-08-24 13:48:05.214 [info] Got 1 sessions for ...
2025-08-24 13:48:05.215 [info] Getting sessions for all scopes...
2025-08-24 13:48:05.215 [info] Got 1 sessions for ...
2025-08-24 13:48:08.512 [info] Getting sessions for all scopes...
2025-08-24 13:48:08.512 [info] Got 1 sessions for ...
2025-08-24 13:48:11.557 [info] Getting sessions for read:user,repo,user:email,workflow...
2025-08-24 13:48:11.557 [info] Got 1 sessions for read:user,repo,user:email,workflow...
2025-08-24 13:48:11.557 [info] Getting sessions for all scopes...
2025-08-24 13:48:11.557 [info] Got 1 sessions for ...
2025-08-24 13:48:11.558 [info] Getting sessions for read:user,repo,user:email,workflow...
2025-08-24 13:48:11.558 [info] Got 1 sessions for read:user,repo,user:email,workflow...
2025-08-24 13:48:12.083 [info] Getting sessions for read:user,repo,user:email,workflow...
2025-08-24 13:48:12.083 [info] Got 1 sessions for read:user,repo,user:email,workflow...
2025-08-24 13:48:12.660 [info] Getting sessions for all scopes...
2025-08-24 13:48:12.660 [info] Got 1 sessions for ...
2025-08-24 13:48:12.660 [info] Getting sessions for all scopes...
2025-08-24 13:48:12.660 [info] Got 1 sessions for ...
2025-08-24 13:48:13.039 [info] Getting sessions for read:user,repo,user:email,workflow...
2025-08-24 13:48:13.039 [info] Got 1 sessions for read:user,repo,user:email,workflow...
2025-08-24 13:48:16.259 [info] Getting sessions for all scopes...
2025-08-24 13:48:16.259 [info] Got 1 sessions for ...
2025-08-24 13:48:16.273 [info] Getting sessions for read:user,repo,user:email,workflow...
2025-08-24 13:48:16.273 [info] Got 1 sessions for read:user,repo,user:email,workflow...
2025-08-24 13:48:16.392 [info] Getting sessions for all scopes...
2025-08-24 13:48:16.392 [info] Got 1 sessions for ...
2025-08-24 13:48:16.393 [info] Getting sessions for all scopes...
2025-08-24 13:48:16.393 [info] Got 1 sessions for ...
2025-08-24 13:48:16.461 [info] Getting sessions for read:user,repo,user:email,workflow...
2025-08-24 13:48:16.461 [info] Got 1 sessions for read:user,repo,user:email,workflow...
2025-08-24 13:48:16.469 [info] Getting sessions for all scopes...
2025-08-24 13:48:16.469 [info] Got 1 sessions for ...
2025-08-24 13:48:16.472 [info] Getting sessions for read:user,repo,user:email,workflow...
2025-08-24 13:48:16.472 [info] Got 1 sessions for read:user,repo,user:email,workflow...
2025-08-24 13:48:16.651 [info] Getting sessions for all scopes...
2025-08-24 13:48:16.651 [info] Got 1 sessions for ...
2025-08-24 13:48:16.656 [info] Getting sessions for read:user,repo,user:email,workflow...
2025-08-24 13:48:16.656 [info] Got 1 sessions for read:user,repo,user:email,workflow...
2025-08-24 13:48:16.663 [info] Getting sessions for all scopes...
2025-08-24 13:48:16.663 [info] Got 1 sessions for ...
2025-08-24 13:48:16.667 [info] Getting sessions for all scopes...
2025-08-24 13:48:16.667 [info] Got 1 sessions for ...
2025-08-24 13:48:18.390 [info] Getting sessions for all scopes...
2025-08-24 13:48:18.390 [info] Got 1 sessions for ...
2025-08-24 13:49:14.390 [info] Getting sessions for all scopes...
2025-08-24 13:49:14.390 [info] Got 1 sessions for ...
2025-08-24 13:49:14.394 [info] Getting sessions for all scopes...
2025-08-24 13:49:14.394 [info] Got 1 sessions for ...
2025-08-24 13:49:14.394 [info] Getting sessions for all scopes...
2025-08-24 13:49:14.394 [info] Got 1 sessions for ...
2025-08-24 13:49:14.395 [info] Getting sessions for all scopes...
2025-08-24 13:49:14.395 [info] Got 1 sessions for ...
2025-08-24 13:49:14.396 [info] Getting sessions for all scopes...
2025-08-24 13:49:14.396 [info] Got 1 sessions for ...
2025-08-24 13:49:14.397 [info] Getting sessions for all scopes...
2025-08-24 13:49:14.397 [info] Got 1 sessions for ...
2025-08-24 13:49:14.409 [info] Getting sessions for all scopes...
2025-08-24 13:49:14.409 [info] Got 1 sessions for ...
2025-08-24 13:49:14.411 [info] Getting sessions for all scopes...
2025-08-24 13:49:14.411 [info] Got 1 sessions for ...
2025-08-24 13:49:14.412 [info] Getting sessions for all scopes...
2025-08-24 13:49:14.412 [info] Got 1 sessions for ...
2025-08-24 13:49:14.413 [info] Getting sessions for all scopes...
2025-08-24 13:49:14.413 [info] Got 1 sessions for ...
2025-08-24 13:49:14.414 [info] Getting sessions for all scopes...
2025-08-24 13:49:14.414 [info] Got 1 sessions for ...
2025-08-24 13:49:14.414 [info] Getting sessions for read:user,repo,user:email,workflow...
2025-08-24 13:49:14.414 [info] Got 1 sessions for read:user,repo,user:email,workflow...
2025-08-24 13:49:14.414 [info] Getting sessions for read:user,repo,user:email,workflow...
2025-08-24 13:49:14.414 [info] Got 1 sessions for read:user,repo,user:email,workflow...
2025-08-24 13:49:14.415 [info] Getting sessions for read:user,repo,user:email...
2025-08-24 13:49:14.415 [info] Got 0 sessions for read:user,repo,user:email...
2025-08-24 13:49:14.563 [info] Getting sessions for read:user,repo,user:email,workflow...
2025-08-24 13:49:14.563 [info] Got 1 sessions for read:user,repo,user:email,workflow...
2025-08-24 13:49:14.564 [info] Getting sessions for read:user,repo,user:email...
2025-08-24 13:49:14.564 [info] Got 0 sessions for read:user,repo,user:email...
2025-08-24 13:49:14.566 [info] Getting sessions for all scopes...
2025-08-24 13:49:14.566 [info] Got 1 sessions for ...
2025-08-24 13:49:14.567 [info] Getting sessions for read:user,repo,user:email...
2025-08-24 13:49:14.567 [info] Got 0 sessions for read:user,repo,user:email...
2025-08-24 13:49:14.569 [info] Getting sessions for read:user,repo,user:email,workflow...
2025-08-24 13:49:14.569 [info] Got 1 sessions for read:user,repo,user:email,workflow...
2025-08-24 13:49:14.570 [info] Getting sessions for read:user,repo,user:email...
2025-08-24 13:49:14.570 [info] Got 0 sessions for read:user,repo,user:email...
2025-08-24 13:49:14.573 [info] Getting sessions for read:user,repo,user:email...
2025-08-24 13:49:14.573 [info] Got 0 sessions for read:user,repo,user:email...
2025-08-24 13:49:14.576 [info] Getting sessions for read:user,repo,user:email...
2025-08-24 13:49:14.576 [info] Got 0 sessions for read:user,repo,user:email...
2025-08-24 13:51:51.416 [info] Getting sessions for read:user,repo,user:email,workflow...
2025-08-24 13:51:51.417 [info] Got 1 sessions for read:user,repo,user:email,workflow...
2025-08-24 13:53:22.734 [info] Getting sessions for read:user,repo,user:email,workflow...
2025-08-24 13:53:22.734 [info] Got 1 sessions for read:user,repo,user:email,workflow...
2025-08-24 13:54:32.774 [info] Getting sessions for all scopes...
2025-08-24 13:54:32.774 [info] Got 1 sessions for ...
2025-08-24 13:54:33.964 [info] Logging out of d521c5cfc1474451
2025-08-24 13:54:33.965 [info] Storing 0 sessions...
2025-08-24 13:54:33.972 [info] Reading sessions from keychain...
2025-08-24 13:54:33.972 [info] Stored 0 sessions!
2025-08-24 13:54:33.985 [info] Got stored sessions!
2025-08-24 13:54:33.985 [info] Got 0 verified sessions.
2025-08-24 13:54:34.712 [info] Getting sessions for all scopes...
2025-08-24 13:54:34.712 [info] Got 0 sessions for ...
2025-08-24 13:54:34.715 [info] Getting sessions for all scopes...
2025-08-24 13:54:34.715 [info] Got 0 sessions for ...
2025-08-24 13:54:34.735 [info] Getting sessions for all scopes...
2025-08-24 13:54:34.735 [info] Got 0 sessions for ...
2025-08-24 13:54:34.736 [info] Getting sessions for all scopes...
2025-08-24 13:54:34.737 [info] Got 0 sessions for ...
2025-08-24 13:54:34.737 [info] Getting sessions for all scopes...
2025-08-24 13:54:34.737 [info] Got 0 sessions for ...
2025-08-24 13:54:34.764 [info] Getting sessions for all scopes...
2025-08-24 13:54:34.764 [info] Got 0 sessions for ...
2025-08-24 13:54:34.765 [info] Getting sessions for all scopes...
2025-08-24 13:54:34.765 [info] Got 0 sessions for ...
2025-08-24 13:54:34.766 [info] Getting sessions for all scopes...
2025-08-24 13:54:34.766 [info] Got 0 sessions for ...
2025-08-24 13:54:34.766 [info] Getting sessions for read:user,repo,user:email,workflow...
2025-08-24 13:54:34.766 [info] Got 0 sessions for read:user,repo,user:email,workflow...
2025-08-24 13:54:34.766 [info] Getting sessions for read:user,repo,user:email,workflow...
2025-08-24 13:54:34.767 [info] Got 0 sessions for read:user,repo,user:email,workflow...
2025-08-24 13:54:34.767 [info] Getting sessions for read:user,repo,user:email...
2025-08-24 13:54:34.767 [info] Got 0 sessions for read:user,repo,user:email...
2025-08-24 13:54:34.840 [info] Getting sessions for user:email...
2025-08-24 13:54:34.840 [info] Got 0 sessions for user:email...
2025-08-24 13:54:34.840 [info] Getting sessions for read:user,repo,user:email,workflow...
2025-08-24 13:54:34.840 [info] Got 0 sessions for read:user,repo,user:email,workflow...
2025-08-24 13:54:34.840 [info] Getting sessions for read:user...
2025-08-24 13:54:34.840 [info] Got 0 sessions for read:user...
2025-08-24 13:54:34.841 [info] Getting sessions for read:user,repo,user:email,workflow...
2025-08-24 13:54:34.841 [info] Got 0 sessions for read:user,repo,user:email,workflow...
2025-08-24 13:54:34.841 [info] Getting sessions for read:user,repo,user:email...
2025-08-24 13:54:34.841 [info] Got 0 sessions for read:user,repo,user:email...
2025-08-24 13:54:34.860 [info] Getting sessions for all scopes...
2025-08-24 13:54:34.860 [info] Got 0 sessions for ...
2025-08-24 13:54:34.860 [info] Getting sessions for user:email...
2025-08-24 13:54:34.860 [info] Got 0 sessions for user:email...
2025-08-24 13:54:34.861 [info] Getting sessions for read:user,repo,user:email...
2025-08-24 13:54:34.861 [info] Got 0 sessions for read:user,repo,user:email...
2025-08-24 13:54:34.868 [info] Getting sessions for user:email...
2025-08-24 13:54:34.868 [info] Got 0 sessions for user:email...
2025-08-24 13:54:34.868 [info] Getting sessions for read:user,repo,user:email...
2025-08-24 13:54:34.868 [info] Got 0 sessions for read:user,repo,user:email...
2025-08-24 13:54:34.871 [info] Getting sessions for all scopes...
2025-08-24 13:54:34.871 [info] Got 0 sessions for ...
2025-08-24 13:54:34.873 [info] Getting sessions for user:email...
2025-08-24 13:54:34.873 [info] Got 0 sessions for user:email...
2025-08-24 13:54:34.921 [info] Getting sessions for all scopes...
2025-08-24 13:54:34.921 [info] Got 0 sessions for ...
2025-08-24 13:54:34.921 [info] Getting sessions for all scopes...
2025-08-24 13:54:34.921 [info] Got 0 sessions for ...
2025-08-24 13:54:34.952 [info] Getting sessions for user:email...
2025-08-24 13:54:34.952 [info] Got 0 sessions for user:email...
2025-08-24 13:54:34.953 [info] Getting sessions for read:user,repo,user:email,workflow...
2025-08-24 13:54:34.953 [info] Got 0 sessions for read:user,repo,user:email,workflow...
2025-08-24 13:54:34.955 [info] Getting sessions for all scopes...
2025-08-24 13:54:34.956 [info] Got 0 sessions for ...
2025-08-24 13:54:34.957 [info] Getting sessions for user:email...
2025-08-24 13:54:34.958 [info] Got 0 sessions for user:email...
2025-08-24 13:54:34.961 [info] Getting sessions for all scopes...
2025-08-24 13:54:34.961 [info] Got 0 sessions for ...
2025-08-24 13:54:34.964 [info] Getting sessions for user:email...
2025-08-24 13:54:34.964 [info] Got 0 sessions for user:email...
2025-08-24 13:54:35.056 [info] Getting sessions for all scopes...
2025-08-24 13:54:35.057 [info] Got 0 sessions for ...
2025-08-24 13:54:35.057 [info] Getting sessions for all scopes...
2025-08-24 13:54:35.057 [info] Got 0 sessions for ...
2025-08-24 13:54:35.082 [info] Getting sessions for user:email...
2025-08-24 13:54:35.083 [info] Got 0 sessions for user:email...
2025-08-24 13:54:35.083 [info] Getting sessions for read:user,repo,user:email,workflow...
2025-08-24 13:54:35.083 [info] Got 0 sessions for read:user,repo,user:email,workflow...
2025-08-24 13:54:35.085 [info] Getting sessions for all scopes...
2025-08-24 13:54:35.085 [info] Got 0 sessions for ...
2025-08-24 13:54:35.086 [info] Getting sessions for all scopes...
2025-08-24 13:54:35.086 [info] Got 0 sessions for ...
2025-08-24 13:54:35.088 [info] Getting sessions for user:email...
2025-08-24 13:54:35.088 [info] Got 0 sessions for user:email...
2025-08-24 13:55:53.611 [info] Getting sessions for read:user,repo,user:email,workflow...
2025-08-24 13:55:53.611 [info] Got 0 sessions for read:user,repo,user:email,workflow...
2025-08-24 13:55:53.662 [info] Getting sessions for all scopes...
2025-08-24 13:55:53.662 [info] Got 0 sessions for ...
2025-08-24 13:55:53.788 [info] Getting sessions for read:user,repo,user:email,workflow...
2025-08-24 13:55:53.788 [info] Got 0 sessions for read:user,repo,user:email,workflow...
2025-08-24 13:55:53.827 [info] Getting sessions for all scopes...
2025-08-24 13:55:53.827 [info] Got 0 sessions for ...
2025-08-24 13:55:53.844 [info] Getting sessions for user:email...
2025-08-24 13:55:53.844 [info] Got 0 sessions for user:email...
2025-08-24 13:55:56.138 [info] Getting sessions for read:user,repo,user:email,workflow...
2025-08-24 13:55:56.138 [info] Got 0 sessions for read:user,repo,user:email,workflow...
2025-08-24 13:55:57.783 [info] Logging in with 'any' account...
2025-08-24 13:55:57.783 [info] Logging in for the following scopes: read:user repo user:email workflow
2025-08-24 13:55:57.840 [info] Trying with local server... (read:user repo user:email workflow)
2025-08-24 13:56:03.037 [info] Exchanging code for token...
2025-08-24 13:56:03.567 [info] Token exchange success!
2025-08-24 13:56:03.569 [info] Getting user info...
2025-08-24 13:56:04.165 [info] Got account info!
2025-08-24 13:56:04.166 [info] Storing 1 sessions...
2025-08-24 13:56:04.173 [info] Reading sessions from keychain...
2025-08-24 13:56:04.173 [info] Stored 1 sessions!
2025-08-24 13:56:04.173 [info] Login success!
2025-08-24 13:56:04.175 [info] Getting sessions for all scopes...
2025-08-24 13:56:04.186 [info] Got stored sessions!
2025-08-24 13:56:04.186 [info] Got 1 verified sessions.
2025-08-24 13:56:04.187 [info] Got 1 sessions for ...
2025-08-24 13:56:04.188 [info] Getting sessions for all scopes...
2025-08-24 13:56:04.188 [info] Got 1 sessions for ...
2025-08-24 13:56:04.188 [info] Getting sessions for all scopes...
2025-08-24 13:56:04.189 [info] Got 1 sessions for ...
2025-08-24 13:56:04.190 [info] Getting sessions for all scopes...
2025-08-24 13:56:04.190 [info] Got 1 sessions for ...
2025-08-24 13:56:04.194 [info] Getting sessions for all scopes...
2025-08-24 13:56:04.194 [info] Got 1 sessions for ...
2025-08-24 13:56:04.195 [info] Getting sessions for all scopes...
2025-08-24 13:56:04.195 [info] Got 1 sessions for ...
2025-08-24 13:56:04.197 [info] Getting sessions for all scopes...
2025-08-24 13:56:04.197 [info] Got 1 sessions for ...
2025-08-24 13:56:04.198 [info] Getting sessions for all scopes...
2025-08-24 13:56:04.198 [info] Got 1 sessions for ...
2025-08-24 13:56:04.198 [info] Getting sessions for read:user,repo,user:email,workflow...
2025-08-24 13:56:04.198 [info] Got 1 sessions for read:user,repo,user:email,workflow...
2025-08-24 13:56:04.199 [info] Getting sessions for read:user,repo,user:email,workflow...
2025-08-24 13:56:04.199 [info] Got 1 sessions for read:user,repo,user:email,workflow...
2025-08-24 13:56:04.200 [info] Getting sessions for read:user,repo,user:email...
2025-08-24 13:56:04.200 [info] Got 0 sessions for read:user,repo,user:email...
2025-08-24 13:56:04.601 [info] Getting sessions for read:user,repo,user:email,workflow...
2025-08-24 13:56:04.601 [info] Got 1 sessions for read:user,repo,user:email,workflow...
2025-08-24 13:56:04.601 [info] Getting sessions for read:user,repo,user:email...
2025-08-24 13:56:04.601 [info] Got 0 sessions for read:user,repo,user:email...
2025-08-24 13:56:04.604 [info] Getting sessions for all scopes...
2025-08-24 13:56:04.604 [info] Got 1 sessions for ...
2025-08-24 13:56:04.605 [info] Getting sessions for read:user,repo,user:email...
2025-08-24 13:56:04.605 [info] Got 0 sessions for read:user,repo,user:email...
2025-08-24 13:56:04.608 [info] Getting sessions for read:user,repo,user:email,workflow...
2025-08-24 13:56:04.608 [info] Got 1 sessions for read:user,repo,user:email,workflow...
2025-08-24 13:56:04.609 [info] Getting sessions for read:user,repo,user:email...
2025-08-24 13:56:04.609 [info] Got 0 sessions for read:user,repo,user:email...
2025-08-24 13:56:04.611 [info] Getting sessions for all scopes...
2025-08-24 13:56:04.611 [info] Got 1 sessions for ...
2025-08-24 13:56:04.615 [info] Getting sessions for read:user,repo,user:email,workflow...
2025-08-24 13:56:04.615 [info] Got 1 sessions for read:user,repo,user:email,workflow...
2025-08-24 13:56:05.789 [info] Getting sessions for all scopes...
2025-08-24 13:56:05.789 [info] Got 1 sessions for ...
2025-08-24 13:56:05.790 [info] Getting sessions for all scopes...
2025-08-24 13:56:05.790 [info] Got 1 sessions for ...
2025-08-24 13:56:05.792 [info] Getting sessions for read:user,repo,user:email,workflow...
2025-08-24 13:56:05.792 [info] Got 1 sessions for read:user,repo,user:email,workflow...
2025-08-24 13:56:05.794 [info] Getting sessions for all scopes...
2025-08-24 13:56:05.794 [info] Got 1 sessions for ...
2025-08-24 13:56:05.797 [info] Getting sessions for read:user,repo,user:email,workflow...
2025-08-24 13:56:05.797 [info] Got 1 sessions for read:user,repo,user:email,workflow...
2025-08-24 13:56:05.889 [info] Getting sessions for all scopes...
2025-08-24 13:56:05.889 [info] Got 1 sessions for ...
2025-08-24 13:56:05.903 [info] Getting sessions for all scopes...
2025-08-24 13:56:05.903 [info] Got 1 sessions for ...
2025-08-24 13:56:05.920 [info] Getting sessions for read:user,repo,user:email,workflow...
2025-08-24 13:56:05.920 [info] Got 1 sessions for read:user,repo,user:email,workflow...
2025-08-24 13:56:10.087 [info] Getting sessions for read:user,repo,user:email,workflow...
2025-08-24 13:56:10.087 [info] Got 1 sessions for read:user,repo,user:email,workflow...
2025-08-24 13:56:16.307 [info] Getting sessions for read:user,repo,user:email,workflow...
2025-08-24 13:56:16.307 [info] Got 1 sessions for read:user,repo,user:email,workflow...
2025-08-24 13:56:22.878 [info] Getting sessions for read:user,repo,user:email,workflow...
2025-08-24 13:56:22.878 [info] Got 1 sessions for read:user,repo,user:email,workflow...
2025-08-24 13:57:01.514 [info] Getting sessions for read:user,repo,user:email,workflow...
2025-08-24 13:57:01.514 [info] Got 1 sessions for read:user,repo,user:email,workflow...
2025-08-24 13:58:37.940 [info] Getting sessions for read:user,repo,user:email,workflow...
2025-08-24 13:58:37.941 [info] Got 1 sessions for read:user,repo,user:email,workflow...
2025-08-24 14:00:48.753 [info] Getting sessions for read:user,repo,user:email,workflow...
2025-08-24 14:00:48.753 [info] Got 1 sessions for read:user,repo,user:email,workflow...
