2025-08-24 10:23:24.150 [info] Reading sessions from keychain...
2025-08-24 10:23:24.150 [info] Getting sessions for all scopes...
2025-08-24 10:23:24.682 [info] Got stored sessions!
2025-08-24 10:23:24.682 [info] Got 1 verified sessions.
2025-08-24 10:23:24.682 [info] Got 1 sessions for ...
2025-08-24 10:23:24.682 [info] Getting sessions for all scopes...
2025-08-24 10:23:24.682 [info] Got 1 sessions for ...
2025-08-24 10:23:24.683 [info] Getting sessions for all scopes...
2025-08-24 10:23:24.683 [info] Got 1 sessions for ...
2025-08-24 10:23:24.683 [info] Getting sessions for all scopes...
2025-08-24 10:23:24.683 [info] Got 1 sessions for ...
2025-08-24 10:23:24.683 [info] Getting sessions for all scopes...
2025-08-24 10:23:24.683 [info] Got 1 sessions for ...
2025-08-24 10:23:24.683 [info] Getting sessions for all scopes...
2025-08-24 10:23:24.683 [info] Got 1 sessions for ...
2025-08-24 10:23:24.683 [info] Getting sessions for all scopes...
2025-08-24 10:23:24.683 [info] Got 1 sessions for ...
2025-08-24 10:23:25.071 [info] Getting sessions for all scopes...
2025-08-24 10:23:25.071 [info] Got 1 sessions for ...
2025-08-24 10:23:25.072 [info] Getting sessions for all scopes...
2025-08-24 10:23:25.072 [info] Got 1 sessions for ...
2025-08-24 10:23:25.074 [info] Getting sessions for all scopes...
2025-08-24 10:23:25.074 [info] Got 1 sessions for ...
2025-08-24 10:23:25.074 [info] Getting sessions for all scopes...
2025-08-24 10:23:25.074 [info] Got 1 sessions for ...
2025-08-24 10:23:25.075 [info] Getting sessions for all scopes...
2025-08-24 10:23:25.075 [info] Got 1 sessions for ...
2025-08-24 10:23:25.075 [info] Getting sessions for all scopes...
2025-08-24 10:23:25.075 [info] Got 1 sessions for ...
2025-08-24 10:23:26.557 [info] Getting sessions for all scopes...
2025-08-24 10:23:26.557 [info] Got 1 sessions for ...
2025-08-24 10:23:31.051 [info] Getting sessions for all scopes...
2025-08-24 10:23:31.051 [info] Got 1 sessions for ...
2025-08-24 10:23:31.083 [info] Getting sessions for all scopes...
2025-08-24 10:23:31.083 [info] Got 1 sessions for ...
2025-08-24 10:23:31.083 [info] Getting sessions for all scopes...
2025-08-24 10:23:31.083 [info] Got 1 sessions for ...
2025-08-24 10:23:31.085 [info] Getting sessions for all scopes...
2025-08-24 10:23:31.085 [info] Got 1 sessions for ...
2025-08-24 10:23:39.550 [info] Getting sessions for read:user,repo,user:email...
2025-08-24 10:23:39.550 [info] Got 0 sessions for read:user,repo,user:email...
2025-08-24 10:23:39.551 [info] Getting sessions for all scopes...
2025-08-24 10:23:39.551 [info] Got 1 sessions for ...
2025-08-24 10:23:39.551 [info] Getting sessions for all scopes...
2025-08-24 10:23:39.551 [info] Got 1 sessions for ...
2025-08-24 10:23:42.751 [info] Getting sessions for all scopes...
2025-08-24 10:23:42.751 [info] Got 1 sessions for ...
2025-08-24 10:23:42.878 [info] Getting sessions for read:user,repo,user:email,workflow...
2025-08-24 10:23:42.878 [info] Got 1 sessions for read:user,repo,user:email,workflow...
2025-08-24 10:23:42.879 [info] Getting sessions for read:user,repo,user:email,workflow...
2025-08-24 10:23:42.879 [info] Got 1 sessions for read:user,repo,user:email,workflow...
2025-08-24 10:23:42.880 [info] Getting sessions for all scopes...
2025-08-24 10:23:42.880 [info] Got 1 sessions for ...
2025-08-24 10:23:42.880 [info] Getting sessions for read:user,repo,user:email,workflow...
2025-08-24 10:23:42.881 [info] Got 1 sessions for read:user,repo,user:email,workflow...
2025-08-24 10:23:43.238 [info] Getting sessions for all scopes...
2025-08-24 10:23:43.238 [info] Got 1 sessions for ...
2025-08-24 10:23:43.482 [info] Getting sessions for read:user,repo,user:email,workflow...
2025-08-24 10:23:43.482 [info] Got 1 sessions for read:user,repo,user:email,workflow...
2025-08-24 10:23:43.490 [info] Getting sessions for all scopes...
2025-08-24 10:23:43.490 [info] Got 1 sessions for ...
2025-08-24 10:23:43.514 [info] Getting sessions for read:user,repo,user:email,workflow...
2025-08-24 10:23:43.514 [info] Got 1 sessions for read:user,repo,user:email,workflow...
2025-08-24 10:23:44.104 [info] Getting sessions for all scopes...
2025-08-24 10:23:44.104 [info] Got 1 sessions for ...
2025-08-24 10:23:44.106 [info] Getting sessions for read:user,repo,user:email,workflow...
2025-08-24 10:23:44.106 [info] Got 1 sessions for read:user,repo,user:email,workflow...
2025-08-24 10:23:46.843 [info] Getting sessions for all scopes...
2025-08-24 10:23:46.843 [info] Got 1 sessions for ...
2025-08-24 10:23:46.864 [info] Getting sessions for read:user,repo,user:email,workflow...
2025-08-24 10:23:46.864 [info] Got 1 sessions for read:user,repo,user:email,workflow...
2025-08-24 10:23:47.046 [info] Getting sessions for all scopes...
2025-08-24 10:23:47.046 [info] Got 1 sessions for ...
2025-08-24 10:23:47.046 [info] Getting sessions for all scopes...
2025-08-24 10:23:47.046 [info] Got 1 sessions for ...
2025-08-24 10:23:47.068 [info] Getting sessions for read:user,repo,user:email,workflow...
2025-08-24 10:23:47.068 [info] Got 1 sessions for read:user,repo,user:email,workflow...
2025-08-24 10:23:47.072 [info] Getting sessions for all scopes...
2025-08-24 10:23:47.072 [info] Got 1 sessions for ...
2025-08-24 10:23:47.075 [info] Getting sessions for read:user,repo,user:email,workflow...
2025-08-24 10:23:47.075 [info] Got 1 sessions for read:user,repo,user:email,workflow...
2025-08-24 10:23:47.234 [info] Getting sessions for all scopes...
2025-08-24 10:23:47.235 [info] Got 1 sessions for ...
2025-08-24 10:23:47.237 [info] Getting sessions for read:user,repo,user:email,workflow...
2025-08-24 10:23:47.237 [info] Got 1 sessions for read:user,repo,user:email,workflow...
2025-08-24 10:23:47.244 [info] Getting sessions for all scopes...
2025-08-24 10:23:47.244 [info] Got 1 sessions for ...
2025-08-24 10:23:47.246 [info] Getting sessions for all scopes...
2025-08-24 10:23:47.246 [info] Got 1 sessions for ...
2025-08-24 10:23:49.076 [info] Getting sessions for all scopes...
2025-08-24 10:23:49.076 [info] Got 1 sessions for ...
