2025-08-24 12:10:33.832 [info] [main] Log level: Info
2025-08-24 12:10:33.832 [info] [main] Validating found git in: "git"
2025-08-24 12:10:33.832 [info] [main] Using git "2.43.0" from "git"
2025-08-24 12:10:33.832 [info] [Model][doInitialScan] Initial repository scan started
2025-08-24 12:10:33.832 [info] > git rev-parse --show-toplevel [68ms]
2025-08-24 12:10:33.832 [info] > git rev-parse --git-dir --git-common-dir --show-superproject-working-tree [7ms]
2025-08-24 12:10:33.832 [info] [Model][openRepository] Opened repository (path): /home/sarvarbek
2025-08-24 12:10:33.832 [info] [Model][openRepository] Opened repository (real path): /home/sarvarbek
2025-08-24 12:10:33.832 [info] [Model][openRepository] Opened repository (kind): repository
2025-08-24 12:10:33.832 [info] > git rev-parse --show-toplevel [23ms]
2025-08-24 12:10:33.832 [info] [Model][doInitialScan] Initial repository scan completed - repositories (1), closed repositories (0), parent repositories (0), unsafe repositories (0)
2025-08-24 12:10:33.832 [info] > git config --get commit.template [40ms]
2025-08-24 12:10:33.832 [info] > git for-each-ref --format=%(refname)%00%(upstream:short)%00%(objectname)%00%(upstream:track)%00%(upstream:remotename)%00%(upstream:remoteref) refs/heads/master refs/remotes/master [10ms]
2025-08-24 12:10:33.833 [warning] [Git][getBranch] No such branch: master
2025-08-24 12:10:33.833 [info] > git for-each-ref --sort -committerdate --format %(refname)%00%(objectname)%00%(*objectname) [10ms]
2025-08-24 12:10:42.800 [info] > git check-ignore -v -z --stdin [974ms]
2025-08-24 12:10:43.747 [info] > git show --textconv :Desktop/4-oy-1-dars-Uyga-vazifa/index.html [366ms]
2025-08-24 12:10:43.747 [info] > git ls-files --stage -- Desktop/4-oy-1-dars-Uyga-vazifa/index.html [348ms]
2025-08-24 12:10:43.791 [info] > git hash-object -t tree /dev/null [27ms]
2025-08-24 12:10:43.792 [warning] [GitFileSystemProvider][stat] File not found - git:/home/sarvarbek/Desktop/4-oy-1-dars-Uyga-vazifa/index.html.git?%7B%22path%22%3A%22%2Fhome%2Fsarvarbek%2FDesktop%2F4-oy-1-dars-Uyga-vazifa%2Findex.html%22%2C%22ref%22%3A%22%22%7D
2025-08-24 12:10:44.838 [info] > git hash-object -t tree /dev/null [1059ms]
2025-08-24 12:10:44.838 [warning] [GitFileSystemProvider][readFile] File not found - git:/home/sarvarbek/Desktop/4-oy-1-dars-Uyga-vazifa/index.html.git?%7B%22path%22%3A%22%2Fhome%2Fsarvarbek%2FDesktop%2F4-oy-1-dars-Uyga-vazifa%2Findex.html%22%2C%22ref%22%3A%22%22%7D
2025-08-24 12:10:48.205 [info] > git status -z -uall [14402ms] (cancelled)
2025-08-24 12:10:48.207 [info] > git for-each-ref --format=%(refname)%00%(upstream:short)%00%(objectname)%00%(upstream:track)%00%(upstream:remotename)%00%(upstream:remoteref) refs/heads/master refs/remotes/master [3374ms]
2025-08-24 12:10:48.207 [warning] [Git][getBranch] No such branch: master
2025-08-24 12:10:48.211 [error] [GitHistoryProvider][resolveHEADMergeBase] Failed to resolve merge base for master: Error: No such branch: master.
2025-08-24 12:10:48.248 [info] > git config --get commit.template [59ms]
2025-08-24 12:10:48.602 [info] > git for-each-ref --format=%(refname)%00%(upstream:short)%00%(objectname)%00%(upstream:track)%00%(upstream:remotename)%00%(upstream:remoteref) refs/heads/master refs/remotes/master [235ms]
2025-08-24 12:10:48.602 [warning] [Git][getBranch] No such branch: master
2025-08-24 12:10:48.779 [info] > git for-each-ref --sort -committerdate --format %(refname)%00%(objectname)%00%(*objectname) [126ms]
2025-08-24 12:10:49.327 [info] > git status -z -uall [704ms] (cancelled)
2025-08-24 12:10:52.338 [info] > git config --get commit.template [33ms]
2025-08-24 12:10:52.360 [info] > git for-each-ref --format=%(refname)%00%(upstream:short)%00%(objectname)%00%(upstream:track)%00%(upstream:remotename)%00%(upstream:remoteref) refs/heads/master refs/remotes/master [4ms]
2025-08-24 12:10:52.360 [warning] [Git][getBranch] No such branch: master
2025-08-24 12:10:52.408 [info] > git for-each-ref --sort -committerdate --format %(refname)%00%(objectname)%00%(*objectname) [3ms]
2025-08-24 12:10:55.668 [info] > git status -z -uall [3286ms] (cancelled)
2025-08-24 12:12:49.904 [info] > git check-ignore -v -z --stdin [3ms]
2025-08-24 12:12:56.139 [info] > git check-ignore -v -z --stdin [2ms]
2025-08-24 12:12:58.379 [info] > git show --textconv :Desktop/4-oy-1-dars-Uyga-vazifa/index.html [19ms]
2025-08-24 12:12:58.381 [warning] [GitFileSystemProvider][readFile] File not found - git:/home/sarvarbek/Desktop/4-oy-1-dars-Uyga-vazifa/index.html.git?%7B%22path%22%3A%22%2Fhome%2Fsarvarbek%2FDesktop%2F4-oy-1-dars-Uyga-vazifa%2Findex.html%22%2C%22ref%22%3A%22%22%7D
2025-08-24 12:12:58.382 [info] > git ls-files --stage -- Desktop/4-oy-1-dars-Uyga-vazifa/index.html [5ms]
2025-08-24 12:12:58.383 [warning] [GitFileSystemProvider][stat] File not found - git:/home/sarvarbek/Desktop/4-oy-1-dars-Uyga-vazifa/index.html.git?%7B%22path%22%3A%22%2Fhome%2Fsarvarbek%2FDesktop%2F4-oy-1-dars-Uyga-vazifa%2Findex.html%22%2C%22ref%22%3A%22%22%7D
2025-08-24 12:14:26.991 [info] > git check-ignore -v -z --stdin [4ms]
2025-08-24 12:14:28.541 [info] > git show --textconv :Desktop/4-oy-1-dars-Uyga-vazifa/index.html [22ms]
2025-08-24 12:14:28.542 [warning] [GitFileSystemProvider][readFile] File not found - git:/home/sarvarbek/Desktop/4-oy-1-dars-Uyga-vazifa/index.html.git?%7B%22path%22%3A%22%2Fhome%2Fsarvarbek%2FDesktop%2F4-oy-1-dars-Uyga-vazifa%2Findex.html%22%2C%22ref%22%3A%22%22%7D
2025-08-24 12:14:28.544 [info] > git ls-files --stage -- Desktop/4-oy-1-dars-Uyga-vazifa/index.html [5ms]
2025-08-24 12:14:28.544 [warning] [GitFileSystemProvider][stat] File not found - git:/home/sarvarbek/Desktop/4-oy-1-dars-Uyga-vazifa/index.html.git?%7B%22path%22%3A%22%2Fhome%2Fsarvarbek%2FDesktop%2F4-oy-1-dars-Uyga-vazifa%2Findex.html%22%2C%22ref%22%3A%22%22%7D
2025-08-24 12:21:43.072 [info] > git check-ignore -v -z --stdin [4ms]
2025-08-24 12:21:44.288 [info] > git show --textconv :Desktop/4-oy-1-dars-Uyga-vazifa/index.html [29ms]
2025-08-24 12:21:44.288 [info] > git ls-files --stage -- Desktop/4-oy-1-dars-Uyga-vazifa/index.html [8ms]
2025-08-24 12:21:44.289 [warning] [GitFileSystemProvider][stat] File not found - git:/home/sarvarbek/Desktop/4-oy-1-dars-Uyga-vazifa/index.html.git?%7B%22path%22%3A%22%2Fhome%2Fsarvarbek%2FDesktop%2F4-oy-1-dars-Uyga-vazifa%2Findex.html%22%2C%22ref%22%3A%22%22%7D
2025-08-24 12:21:44.290 [warning] [GitFileSystemProvider][readFile] File not found - git:/home/sarvarbek/Desktop/4-oy-1-dars-Uyga-vazifa/index.html.git?%7B%22path%22%3A%22%2Fhome%2Fsarvarbek%2FDesktop%2F4-oy-1-dars-Uyga-vazifa%2Findex.html%22%2C%22ref%22%3A%22%22%7D
2025-08-24 12:33:17.217 [info] > git show --textconv :Desktop/4-oy-1-dars-Uyga-vazifa/s.css [22ms]
2025-08-24 12:33:17.218 [warning] [GitFileSystemProvider][readFile] File not found - git:/home/sarvarbek/Desktop/4-oy-1-dars-Uyga-vazifa/s.css.git?%7B%22path%22%3A%22%2Fhome%2Fsarvarbek%2FDesktop%2F4-oy-1-dars-Uyga-vazifa%2Fs.css%22%2C%22ref%22%3A%22%22%7D
2025-08-24 12:33:17.219 [info] > git ls-files --stage -- Desktop/4-oy-1-dars-Uyga-vazifa/s.css [6ms]
2025-08-24 12:33:17.220 [warning] [GitFileSystemProvider][stat] File not found - git:/home/sarvarbek/Desktop/4-oy-1-dars-Uyga-vazifa/s.css.git?%7B%22path%22%3A%22%2Fhome%2Fsarvarbek%2FDesktop%2F4-oy-1-dars-Uyga-vazifa%2Fs.css%22%2C%22ref%22%3A%22%22%7D
2025-08-24 12:33:17.247 [info] > git check-ignore -v -z --stdin [3ms]
2025-08-24 12:33:54.114 [info] > git show --textconv :Desktop/4-oy-1-dars-Uyga-vazifa/index.html [47ms]
2025-08-24 12:33:54.115 [info] > git ls-files --stage -- Desktop/4-oy-1-dars-Uyga-vazifa/index.html [12ms]
2025-08-24 12:33:54.118 [warning] [GitFileSystemProvider][stat] File not found - git:/home/sarvarbek/Desktop/4-oy-1-dars-Uyga-vazifa/index.html.git?%7B%22path%22%3A%22%2Fhome%2Fsarvarbek%2FDesktop%2F4-oy-1-dars-Uyga-vazifa%2Findex.html%22%2C%22ref%22%3A%22%22%7D
2025-08-24 12:33:54.120 [warning] [GitFileSystemProvider][readFile] File not found - git:/home/sarvarbek/Desktop/4-oy-1-dars-Uyga-vazifa/index.html.git?%7B%22path%22%3A%22%2Fhome%2Fsarvarbek%2FDesktop%2F4-oy-1-dars-Uyga-vazifa%2Findex.html%22%2C%22ref%22%3A%22%22%7D
2025-08-24 12:35:28.695 [info] > git show --textconv :Desktop/4-oy-1-dars-Uyga-vazifa/s.css [36ms]
2025-08-24 12:35:28.696 [warning] [GitFileSystemProvider][readFile] File not found - git:/home/sarvarbek/Desktop/4-oy-1-dars-Uyga-vazifa/s.css.git?%7B%22path%22%3A%22%2Fhome%2Fsarvarbek%2FDesktop%2F4-oy-1-dars-Uyga-vazifa%2Fs.css%22%2C%22ref%22%3A%22%22%7D
2025-08-24 12:35:28.698 [info] > git ls-files --stage -- Desktop/4-oy-1-dars-Uyga-vazifa/s.css [4ms]
2025-08-24 12:35:28.699 [warning] [GitFileSystemProvider][stat] File not found - git:/home/sarvarbek/Desktop/4-oy-1-dars-Uyga-vazifa/s.css.git?%7B%22path%22%3A%22%2Fhome%2Fsarvarbek%2FDesktop%2F4-oy-1-dars-Uyga-vazifa%2Fs.css%22%2C%22ref%22%3A%22%22%7D
2025-08-24 12:36:14.564 [info] > git show --textconv :Desktop/4-oy-1-dars-Uyga-vazifa/index.html [24ms]
2025-08-24 12:36:14.564 [info] > git ls-files --stage -- Desktop/4-oy-1-dars-Uyga-vazifa/index.html [4ms]
2025-08-24 12:36:14.565 [warning] [GitFileSystemProvider][stat] File not found - git:/home/sarvarbek/Desktop/4-oy-1-dars-Uyga-vazifa/index.html.git?%7B%22path%22%3A%22%2Fhome%2Fsarvarbek%2FDesktop%2F4-oy-1-dars-Uyga-vazifa%2Findex.html%22%2C%22ref%22%3A%22%22%7D
2025-08-24 12:36:14.566 [warning] [GitFileSystemProvider][readFile] File not found - git:/home/sarvarbek/Desktop/4-oy-1-dars-Uyga-vazifa/index.html.git?%7B%22path%22%3A%22%2Fhome%2Fsarvarbek%2FDesktop%2F4-oy-1-dars-Uyga-vazifa%2Findex.html%22%2C%22ref%22%3A%22%22%7D
2025-08-24 13:43:12.981 [info] > git show --textconv :Desktop/4-oy-1-dars-Uyga-vazifa/s.css [20ms]
2025-08-24 13:43:12.983 [warning] [GitFileSystemProvider][readFile] File not found - git:/home/sarvarbek/Desktop/4-oy-1-dars-Uyga-vazifa/s.css.git?%7B%22path%22%3A%22%2Fhome%2Fsarvarbek%2FDesktop%2F4-oy-1-dars-Uyga-vazifa%2Fs.css%22%2C%22ref%22%3A%22%22%7D
2025-08-24 13:43:12.985 [info] > git ls-files --stage -- Desktop/4-oy-1-dars-Uyga-vazifa/s.css [5ms]
2025-08-24 13:43:12.986 [warning] [GitFileSystemProvider][stat] File not found - git:/home/sarvarbek/Desktop/4-oy-1-dars-Uyga-vazifa/s.css.git?%7B%22path%22%3A%22%2Fhome%2Fsarvarbek%2FDesktop%2F4-oy-1-dars-Uyga-vazifa%2Fs.css%22%2C%22ref%22%3A%22%22%7D
2025-08-24 13:43:18.497 [info] > git log --format=%H%n%aN%n%aE%n%at%n%ct%n%P%n%D%n%B -z --shortstat --diff-merges=first-parent -n50 --skip=0 --topo-order --decorate=full --stdin [3ms]
2025-08-24 13:43:18.497 [info] fatal: bad revision 'refs/heads/master'
2025-08-24 13:43:18.499 [error] [GitHistoryProvider][provideHistoryItems] Failed to get history items with options '{"historyItemRefs":["refs/heads/master"],"limit":50,"skip":0}': Failed to execute git {
  "exitCode": 128,
  "gitCommand": "log",
  "stdout": "",
  "stderr": "fatal: bad revision 'refs/heads/master'\n"
}
2025-08-24 13:43:20.325 [info] > git check-ignore -v -z --stdin [3ms]
2025-08-24 13:43:20.997 [info] > git log --format=%H%n%aN%n%aE%n%at%n%ct%n%P%n%D%n%B -z --shortstat --diff-merges=first-parent -n50 --skip=0 --topo-order --decorate=full --stdin [3ms]
2025-08-24 13:43:20.997 [info] fatal: bad revision 'refs/heads/master'
2025-08-24 13:43:20.998 [error] [GitHistoryProvider][provideHistoryItems] Failed to get history items with options '{"historyItemRefs":["refs/heads/master"],"limit":50,"skip":0}': Failed to execute git {
  "exitCode": 128,
  "gitCommand": "log",
  "stdout": "",
  "stderr": "fatal: bad revision 'refs/heads/master'\n"
}
2025-08-24 13:43:35.197 [info] > git show --textconv :Desktop/4-oy-1-dars-Uyga-vazifa/index.html [25ms]
2025-08-24 13:43:35.198 [warning] [GitFileSystemProvider][readFile] File not found - git:/home/sarvarbek/Desktop/4-oy-1-dars-Uyga-vazifa/index.html.git?%7B%22path%22%3A%22%2Fhome%2Fsarvarbek%2FDesktop%2F4-oy-1-dars-Uyga-vazifa%2Findex.html%22%2C%22ref%22%3A%22%22%7D
2025-08-24 13:43:35.200 [info] > git ls-files --stage -- Desktop/4-oy-1-dars-Uyga-vazifa/index.html [4ms]
2025-08-24 13:43:35.201 [warning] [GitFileSystemProvider][stat] File not found - git:/home/sarvarbek/Desktop/4-oy-1-dars-Uyga-vazifa/index.html.git?%7B%22path%22%3A%22%2Fhome%2Fsarvarbek%2FDesktop%2F4-oy-1-dars-Uyga-vazifa%2Findex.html%22%2C%22ref%22%3A%22%22%7D
2025-08-24 13:43:35.775 [info] > git show --textconv :Desktop/4-oy-1-dars-Uyga-vazifa/s.css [19ms]
2025-08-24 13:43:35.777 [warning] [GitFileSystemProvider][readFile] File not found - git:/home/sarvarbek/Desktop/4-oy-1-dars-Uyga-vazifa/s.css.git?%7B%22path%22%3A%22%2Fhome%2Fsarvarbek%2FDesktop%2F4-oy-1-dars-Uyga-vazifa%2Fs.css%22%2C%22ref%22%3A%22%22%7D
2025-08-24 13:43:35.779 [info] > git ls-files --stage -- Desktop/4-oy-1-dars-Uyga-vazifa/s.css [5ms]
2025-08-24 13:43:35.780 [warning] [GitFileSystemProvider][stat] File not found - git:/home/sarvarbek/Desktop/4-oy-1-dars-Uyga-vazifa/s.css.git?%7B%22path%22%3A%22%2Fhome%2Fsarvarbek%2FDesktop%2F4-oy-1-dars-Uyga-vazifa%2Fs.css%22%2C%22ref%22%3A%22%22%7D
2025-08-24 13:43:41.480 [info] > git show --textconv :Desktop/4-oy-1-dars-Uyga-vazifa/index.html [26ms]
2025-08-24 13:43:41.481 [warning] [GitFileSystemProvider][readFile] File not found - git:/home/sarvarbek/Desktop/4-oy-1-dars-Uyga-vazifa/index.html.git?%7B%22path%22%3A%22%2Fhome%2Fsarvarbek%2FDesktop%2F4-oy-1-dars-Uyga-vazifa%2Findex.html%22%2C%22ref%22%3A%22%22%7D
2025-08-24 13:43:41.485 [info] > git ls-files --stage -- Desktop/4-oy-1-dars-Uyga-vazifa/index.html [7ms]
2025-08-24 13:43:41.486 [warning] [GitFileSystemProvider][stat] File not found - git:/home/sarvarbek/Desktop/4-oy-1-dars-Uyga-vazifa/index.html.git?%7B%22path%22%3A%22%2Fhome%2Fsarvarbek%2FDesktop%2F4-oy-1-dars-Uyga-vazifa%2Findex.html%22%2C%22ref%22%3A%22%22%7D
2025-08-24 13:44:16.882 [info] > git log --format=%H%n%aN%n%aE%n%at%n%ct%n%P%n%D%n%B -z --shortstat --diff-merges=first-parent -n50 --skip=0 --topo-order --decorate=full --stdin [3ms]
2025-08-24 13:44:16.882 [info] fatal: bad revision 'refs/heads/master'
2025-08-24 13:44:16.883 [error] [GitHistoryProvider][provideHistoryItems] Failed to get history items with options '{"historyItemRefs":["refs/heads/master"],"limit":50,"skip":0}': Failed to execute git {
  "exitCode": 128,
  "gitCommand": "log",
  "stdout": "",
  "stderr": "fatal: bad revision 'refs/heads/master'\n"
}
2025-08-24 13:45:42.860 [info] > git add -A -- . [75134ms]
2025-08-24 13:45:42.860 [info] fatal: unable to stat '.config/google-chrome/BrowserMetrics-spare.pma': No such file or directory
2025-08-24 13:45:42.903 [info] > git config --get commit.template [18ms]
2025-08-24 13:45:42.904 [info] > git for-each-ref --format=%(refname)%00%(upstream:short)%00%(objectname)%00%(upstream:track)%00%(upstream:remotename)%00%(upstream:remoteref) refs/heads/master refs/remotes/master [3ms]
2025-08-24 13:45:42.905 [warning] [Git][getBranch] No such branch: master
2025-08-24 13:45:42.941 [info] > git for-each-ref --sort -committerdate --format %(refname)%00%(objectname)%00%(*objectname) [3ms]
2025-08-24 13:45:45.754 [info] > git status -z -uall [2833ms] (cancelled)
2025-08-24 13:46:08.419 [info] > git push [5ms]
2025-08-24 13:46:08.419 [info] fatal: The current branch master has no upstream branch.
To push the current branch and set the remote as upstream, use

    git push --set-upstream origin master

To have this happen automatically for branches without a tracking
upstream, see 'push.autoSetupRemote' in 'git help config'.
2025-08-24 13:46:08.458 [info] > git config --get commit.template [20ms]
2025-08-24 13:46:08.460 [info] > git for-each-ref --format=%(refname)%00%(upstream:short)%00%(objectname)%00%(upstream:track)%00%(upstream:remotename)%00%(upstream:remoteref) refs/heads/master refs/remotes/master [3ms]
2025-08-24 13:46:08.460 [warning] [Git][getBranch] No such branch: master
2025-08-24 13:46:08.504 [info] > git for-each-ref --sort -committerdate --format %(refname)%00%(objectname)%00%(*objectname) [4ms]
2025-08-24 13:46:11.122 [info] > git status -z -uall [2642ms] (cancelled)
2025-08-24 13:46:11.785 [info] > git push -u origin master [23ms]
2025-08-24 13:46:11.785 [info] error: src refspec master does not match any
error: failed to push some refs to 'https://github.com/sarvarbekesonaliyev/sarvarbek.git'
2025-08-24 13:46:11.838 [info] > git config --get commit.template [25ms]
2025-08-24 13:46:11.840 [info] > git for-each-ref --format=%(refname)%00%(upstream:short)%00%(objectname)%00%(upstream:track)%00%(upstream:remotename)%00%(upstream:remoteref) refs/heads/master refs/remotes/master [3ms]
2025-08-24 13:46:11.840 [warning] [Git][getBranch] No such branch: master
2025-08-24 13:46:11.887 [info] > git for-each-ref --sort -committerdate --format %(refname)%00%(objectname)%00%(*objectname) [4ms]
2025-08-24 13:46:12.342 [info] > git status -z -uall [483ms] (cancelled)
2025-08-24 13:46:17.871 [info] > git -c user.useConfigOnly=true commit --quiet --allow-empty-message --file - --amend [3ms]
2025-08-24 13:46:17.871 [info] fatal: You have nothing to amend.
2025-08-24 13:46:17.897 [info] > git config --get-all user.name [4ms]
2025-08-24 13:46:17.919 [info] > git config --get-all user.email [4ms]
2025-08-24 13:46:17.955 [info] > git config --get commit.template [19ms]
2025-08-24 13:46:17.957 [info] > git for-each-ref --format=%(refname)%00%(upstream:short)%00%(objectname)%00%(upstream:track)%00%(upstream:remotename)%00%(upstream:remoteref) refs/heads/master refs/remotes/master [3ms]
2025-08-24 13:46:17.957 [warning] [Git][getBranch] No such branch: master
2025-08-24 13:46:18.002 [info] > git for-each-ref --sort -committerdate --format %(refname)%00%(objectname)%00%(*objectname) [3ms]
2025-08-24 13:46:18.418 [info] > git status -z -uall [443ms] (cancelled)
2025-08-24 13:46:43.604 [info] > git add -A -- . [19618ms]
2025-08-24 13:46:43.605 [info] error: '.local/share/Trash/files/12-dars/' does not have a commit checked out
fatal: adding files failed
2025-08-24 13:46:43.627 [info] > git config --get commit.template [4ms]
2025-08-24 13:46:43.649 [info] > git for-each-ref --format=%(refname)%00%(upstream:short)%00%(objectname)%00%(upstream:track)%00%(upstream:remotename)%00%(upstream:remoteref) refs/heads/master refs/remotes/master [3ms]
2025-08-24 13:46:43.650 [warning] [Git][getBranch] No such branch: master
2025-08-24 13:46:43.692 [info] > git for-each-ref --sort -committerdate --format %(refname)%00%(objectname)%00%(*objectname) [5ms]
2025-08-24 13:46:44.117 [info] > git status -z -uall [448ms] (cancelled)
2025-08-24 13:46:49.680 [info] > git show --textconv HEAD:.bash_logout [44ms]
2025-08-24 13:46:49.681 [info] > git show --textconv HEAD:.cache/Microsoft/DeveloperTools/deviceid [15ms]
2025-08-24 13:46:50.485 [info] > git show --textconv HEAD:.cache/fontconfig/CACHEDIR.TAG [4ms]
2025-08-24 13:46:56.087 [info] > git show --textconv HEAD:.bash_history [6ms]
2025-08-24 13:46:56.750 [info] > git show --textconv HEAD:.bashrc [33ms]
2025-08-24 13:46:56.754 [info] > git show --textconv HEAD:.cache/clipboard-history@alexsaveau.dev/database.log [5ms]
