2025-08-24 10:23:26.048 [info] [main] Log level: Info
2025-08-24 10:23:26.048 [info] [main] Validating found git in: "git"
2025-08-24 10:23:26.048 [info] [main] Using git "2.43.0" from "git"
2025-08-24 10:23:26.048 [info] [Model][doInitialScan] Initial repository scan started
2025-08-24 10:23:26.048 [info] > git rev-parse --show-toplevel [5ms]
2025-08-24 10:23:26.048 [info] > git rev-parse --git-dir --git-common-dir --show-superproject-working-tree [8ms]
2025-08-24 10:23:26.048 [info] [Model][openRepository] Opened repository (path): /home/sarvarbek
2025-08-24 10:23:26.048 [info] [Model][openRepository] Opened repository (real path): /home/sarvarbek
2025-08-24 10:23:26.048 [info] [Model][openRepository] Opened repository (kind): repository
2025-08-24 10:23:26.048 [info] > git config --get commit.template [13ms]
2025-08-24 10:23:26.048 [info] > git rev-parse --show-toplevel [5ms]
2025-08-24 10:23:26.048 [info] > git for-each-ref --format=%(refname)%00%(upstream:short)%00%(objectname)%00%(upstream:track)%00%(upstream:remotename)%00%(upstream:remoteref) refs/heads/master refs/remotes/master [14ms]
2025-08-24 10:23:26.048 [warning] [Git][getBranch] No such branch: master
2025-08-24 10:23:26.048 [info] > git rev-parse --show-toplevel [36ms]
2025-08-24 10:23:26.048 [info] [Model][doInitialScan] Initial repository scan completed - repositories (1), closed repositories (0), parent repositories (0), unsafe repositories (0)
2025-08-24 10:23:26.048 [info] > git for-each-ref --sort -committerdate --format %(refname)%00%(objectname)%00%(*objectname) [18ms]
2025-08-24 10:23:26.559 [info] > git show --textconv :Desktop/headphones/index.html [24ms]
2025-08-24 10:23:26.559 [info] > git ls-files --stage -- Desktop/headphones/index.html [9ms]
2025-08-24 10:23:26.621 [info] > git hash-object -t tree /dev/null [33ms]
2025-08-24 10:23:26.622 [warning] [GitFileSystemProvider][readFile] File not found - git:/home/sarvarbek/Desktop/headphones/index.html.git?%7B%22path%22%3A%22%2Fhome%2Fsarvarbek%2FDesktop%2Fheadphones%2Findex.html%22%2C%22ref%22%3A%22%22%7D
2025-08-24 10:23:26.628 [info] > git hash-object -t tree /dev/null [58ms]
2025-08-24 10:23:26.628 [warning] [GitFileSystemProvider][stat] File not found - git:/home/sarvarbek/Desktop/headphones/index.html.git?%7B%22path%22%3A%22%2Fhome%2Fsarvarbek%2FDesktop%2Fheadphones%2Findex.html%22%2C%22ref%22%3A%22%22%7D
2025-08-24 10:23:26.682 [info] > git check-ignore -v -z --stdin [14ms]
2025-08-24 10:23:27.033 [info] > git status -z -uall [1388ms] (cancelled)
2025-08-24 10:23:30.887 [info] > git for-each-ref --format=%(refname)%00%(upstream:short)%00%(objectname)%00%(upstream:track)%00%(upstream:remotename)%00%(upstream:remoteref) refs/heads/master refs/remotes/master [3859ms]
2025-08-24 10:23:30.887 [warning] [Git][getBranch] No such branch: master
2025-08-24 10:23:30.892 [error] [GitHistoryProvider][resolveHEADMergeBase] Failed to resolve merge base for master: Error: No such branch: master.
2025-08-24 10:23:31.098 [info] > git config --get commit.template [216ms]
2025-08-24 10:23:31.324 [info] > git for-each-ref --format=%(refname)%00%(upstream:short)%00%(objectname)%00%(upstream:track)%00%(upstream:remotename)%00%(upstream:remoteref) refs/heads/master refs/remotes/master [11ms]
2025-08-24 10:23:31.324 [warning] [Git][getBranch] No such branch: master
2025-08-24 10:23:31.352 [info] > git for-each-ref --sort -committerdate --format %(refname)%00%(objectname)%00%(*objectname) [7ms]
2025-08-24 10:23:42.707 [info] > git status -z -uall [11372ms] (cancelled)
2025-08-24 10:23:43.699 [info] > git check-ignore -v -z --stdin [3ms]
2025-08-24 10:23:44.016 [info] > git config --get commit.template [12ms]
2025-08-24 10:23:44.055 [info] > git for-each-ref --format=%(refname)%00%(upstream:short)%00%(objectname)%00%(upstream:track)%00%(upstream:remotename)%00%(upstream:remoteref) refs/heads/master refs/remotes/master [4ms]
2025-08-24 10:23:44.055 [warning] [Git][getBranch] No such branch: master
2025-08-24 10:23:44.093 [info] > git for-each-ref --sort -committerdate --format %(refname)%00%(objectname)%00%(*objectname) [3ms]
2025-08-24 10:23:46.645 [info] > git status -z -uall [2573ms] (cancelled)
