2025-08-24 13:47:50.261 [info] update#setState idle
2025-08-24 13:48:19.983 [info] update#setState checking for updates
2025-08-24 13:48:19.987 [info] update#setState idle
2025-08-24 13:59:19.639 [warning] [File Watcher (node.js)] Watcher shutdown because watched path got deleted
2025-08-24 13:59:19.642 [warning] [File Watcher (node.js)] Watcher shutdown because watched path got deleted
2025-08-24 13:59:19.768 [error] [storage state.vscdb] prepare(): Error: SQLITE_READONLY_DBMOVED: attempt to write a readonly database (INSERT INTO ItemTable VALUES (?,?),(?,?)). Details: Keys: terminal.history.entries.commands, terminal.history.timestamp.commands Length: 2375
2025-08-24 13:59:20.203 [error] [storage state.vscdb] prepare(): Error: SQLITE_READONLY_DBMOVED: attempt to write a readonly database (INSERT INTO ItemTable VALUES (?,?)). Details: Keys: iconThemeData Length: 96354
2025-08-24 13:59:35.039 [error] [storage state.vscdb] prepare(): Error: SQLITE_READONLY_DBMOVED: attempt to write a readonly database (INSERT INTO ItemTable VALUES (?,?)). Details: Keys: terminal.integrated.layoutInfo Length: 60
2025-08-24 13:59:35.674 [error] [storage state.vscdb] prepare(): Error: SQLITE_READONLY_DBMOVED: attempt to write a readonly database (INSERT INTO ItemTable VALUES (?,?),(?,?)). Details: Keys: __$__targetStorageMarker, workbench.explorer.treeViewState Length: 2619
2025-08-24 13:59:35.675 [error] [storage state.vscdb] prepare(): Error: SQLITE_READONLY_DBMOVED: attempt to write a readonly database (DELETE FROM ItemTable WHERE key IN (?)). Details: Keys: workbench.sidebar.activeviewletid
2025-08-24 13:59:42.012 [error] [storage state.vscdb] prepare(): Error: SQLITE_READONLY_DBMOVED: attempt to write a readonly database (INSERT INTO ItemTable VALUES (?,?)). Details: Keys: workbench.explorer.treeViewState Length: 308
2025-08-24 13:59:44.055 [error] [storage state.vscdb] prepare(): Error: SQLITE_READONLY_DBMOVED: attempt to write a readonly database (INSERT INTO ItemTable VALUES (?,?),(?,?)). Details: Keys: __$__targetStorageMarker, workbench.sidebar.activeviewletid Length: 2504
2025-08-24 13:59:48.866 [error] [storage state.vscdb] prepare(): Error: SQLITE_READONLY_DBMOVED: attempt to write a readonly database (INSERT INTO ItemTable VALUES (?,?)). Details: Keys: workbench.scm.views.state.hidden Length: 587
2025-08-24 13:59:51.375 [error] [storage state.vscdb] prepare(): Error: SQLITE_READONLY_DBMOVED: attempt to write a readonly database (INSERT INTO ItemTable VALUES (?,?),(?,?),(?,?),(?,?),(?,?),(?,?),(?,?)). Details: Keys: __$__targetStorageMarker, memento/workbench.parts.editor, history.entries, workbench.panel.hidden, workbench.explorer.treeViewState, workbench.view.scm.numberOfVisibleViews, scm.viewState2 Length: 4137
2025-08-24 13:59:51.740 [error] [storage state.vscdb] prepare(): Error: SQLITE_READONLY_DBMOVED: attempt to write a readonly database (INSERT INTO ItemTable VALUES (?,?)). Details: Keys: workbench.scm.views.state.hidden Length: 586
2025-08-24 13:59:54.572 [error] [storage state.vscdb] prepare(): Error: SQLITE_READONLY_DBMOVED: attempt to write a readonly database (INSERT INTO ItemTable VALUES (?,?)). Details: Keys: workbench.scm.views.state.hidden Length: 587
2025-08-24 13:59:56.090 [error] [storage state.vscdb] prepare(): Error: SQLITE_READONLY_DBMOVED: attempt to write a readonly database (INSERT INTO ItemTable VALUES (?,?)). Details: Keys: workbench.scm.views.state.hidden Length: 586
2025-08-24 14:00:48.957 [error] [storage state.vscdb] prepare(): Error: SQLITE_READONLY_DBMOVED: attempt to write a readonly database (INSERT INTO ItemTable VALUES (?,?)). Details: Keys: github-sarvarbekesonaliyev-usages Length: 437
2025-08-24 14:00:49.823 [error] [storage state.vscdb] prepare(): Error: SQLITE_READONLY_DBMOVED: attempt to write a readonly database (INSERT INTO ItemTable VALUES (?,?),(?,?),(?,?)). Details: Keys: workbench.view.scm.numberOfVisibleViews, memento/workbench.editors.files.textFileEditor, scm.viewState2 Length: 1028
2025-08-24 14:01:13.786 [error] [storage state.vscdb] prepare(): Error: SQLITE_READONLY_DBMOVED: attempt to write a readonly database (INSERT INTO ItemTable VALUES (?,?),(?,?),(?,?)). Details: Keys: __$__targetStorageMarker, commandPalette.mru.cache, commandPalette.mru.counter Length: 3892
2025-08-24 14:01:13.789 [error] [storage state.vscdb] prepare(): Error: SQLITE_READONLY_DBMOVED: attempt to write a readonly database (INSERT INTO ItemTable VALUES (?,?),(?,?),(?,?)). Details: Keys: __$__targetStorageMarker, lifecyle.lastShutdownReason, codelens/cache2 Length: 2742
2025-08-24 14:01:15.286 [info] Extension host with pid 132422 exited with code: 0, signal: unknown.
2025-08-24 14:01:15.287 [error] Error: ENOENT: no such file or directory, unlink '/home/sarvarbek/.config/Code/User/workspaceStorage/217a9d78996acea8746d6ac87b3317d4/state.vscdb'
    at async Object.unlink (node:internal/fs/promises:1069:10)
    at async c6.y (file:///snap/code/204/usr/share/code/resources/app/out/main.js:35:64379)
    at async cd.w (file:///snap/code/204/usr/share/code/resources/app/out/main.js:35:86882)
    at async cd.close (file:///snap/code/204/usr/share/code/resources/app/out/main.js:35:86306)
    at async Promise.all (index 2)
    at async Object.e [as settled] (file:///snap/code/204/usr/share/code/resources/app/out/main.js:30:85083)
    at async file:///snap/code/204/usr/share/code/resources/app/out/main.js:35:58787
