2025-08-24 07:34:53.615 [info] Reading sessions from keychain...
2025-08-24 07:34:53.615 [info] Getting sessions for all scopes...
2025-08-24 07:34:53.615 [info] Got stored sessions!
2025-08-24 07:34:53.615 [info] Got 1 verified sessions.
2025-08-24 07:34:53.615 [info] Got 1 sessions for ...
2025-08-24 07:34:53.615 [info] Getting sessions for all scopes...
2025-08-24 07:34:53.615 [info] Got 1 sessions for ...
2025-08-24 07:34:53.615 [info] Getting sessions for all scopes...
2025-08-24 07:34:53.615 [info] Got 1 sessions for ...
2025-08-24 07:34:53.615 [info] Getting sessions for all scopes...
2025-08-24 07:34:53.615 [info] Got 1 sessions for ...
2025-08-24 07:34:53.615 [info] Getting sessions for all scopes...
2025-08-24 07:34:53.615 [info] Got 1 sessions for ...
2025-08-24 07:34:53.615 [info] Getting sessions for all scopes...
2025-08-24 07:34:53.615 [info] Got 1 sessions for ...
2025-08-24 07:34:53.615 [info] Getting sessions for all scopes...
2025-08-24 07:34:53.615 [info] Got 1 sessions for ...
2025-08-24 07:34:54.022 [info] Getting sessions for all scopes...
2025-08-24 07:34:54.022 [info] Got 1 sessions for ...
2025-08-24 07:34:54.023 [info] Getting sessions for all scopes...
2025-08-24 07:34:54.023 [info] Got 1 sessions for ...
2025-08-24 07:34:54.024 [info] Getting sessions for all scopes...
2025-08-24 07:34:54.024 [info] Got 1 sessions for ...
2025-08-24 07:34:54.025 [info] Getting sessions for all scopes...
2025-08-24 07:34:54.025 [info] Got 1 sessions for ...
2025-08-24 07:34:54.025 [info] Getting sessions for all scopes...
2025-08-24 07:34:54.025 [info] Got 1 sessions for ...
2025-08-24 07:34:54.025 [info] Getting sessions for all scopes...
2025-08-24 07:34:54.025 [info] Got 1 sessions for ...
2025-08-24 07:34:55.927 [info] Getting sessions for all scopes...
2025-08-24 07:34:55.927 [info] Got 1 sessions for ...
2025-08-24 07:34:56.325 [info] Getting sessions for read:user,repo,user:email...
2025-08-24 07:34:56.325 [info] Got 0 sessions for read:user,repo,user:email...
2025-08-24 07:34:57.098 [info] Getting sessions for all scopes...
2025-08-24 07:34:57.098 [info] Got 1 sessions for ...
2025-08-24 07:34:57.580 [info] Getting sessions for all scopes...
2025-08-24 07:34:57.580 [info] Got 1 sessions for ...
2025-08-24 07:34:57.585 [info] Getting sessions for all scopes...
2025-08-24 07:34:57.585 [info] Got 1 sessions for ...
2025-08-24 07:34:57.600 [info] Getting sessions for all scopes...
2025-08-24 07:34:57.600 [info] Got 1 sessions for ...
2025-08-24 07:35:11.587 [info] Getting sessions for all scopes...
2025-08-24 07:35:11.587 [info] Got 1 sessions for ...
2025-08-24 07:35:11.587 [info] Getting sessions for all scopes...
2025-08-24 07:35:11.587 [info] Got 1 sessions for ...
2025-08-24 07:35:13.121 [info] Getting sessions for read:user,repo,user:email,workflow...
2025-08-24 07:35:13.121 [info] Got 1 sessions for read:user,repo,user:email,workflow...
2025-08-24 07:35:13.148 [info] Getting sessions for all scopes...
2025-08-24 07:35:13.149 [info] Got 1 sessions for ...
2025-08-24 07:35:13.204 [info] Getting sessions for all scopes...
2025-08-24 07:35:13.204 [info] Got 1 sessions for ...
2025-08-24 07:35:13.205 [info] Getting sessions for read:user,repo,user:email,workflow...
2025-08-24 07:35:13.205 [info] Got 1 sessions for read:user,repo,user:email,workflow...
2025-08-24 07:35:13.516 [info] Getting sessions for all scopes...
2025-08-24 07:35:13.516 [info] Got 1 sessions for ...
2025-08-24 07:35:13.975 [info] Getting sessions for read:user,repo,user:email,workflow...
2025-08-24 07:35:13.975 [info] Got 1 sessions for read:user,repo,user:email,workflow...
2025-08-24 07:35:16.672 [info] Getting sessions for all scopes...
2025-08-24 07:35:16.672 [info] Got 1 sessions for ...
2025-08-24 07:35:16.734 [info] Getting sessions for read:user,repo,user:email,workflow...
2025-08-24 07:35:16.734 [info] Got 1 sessions for read:user,repo,user:email,workflow...
2025-08-24 07:35:16.752 [info] Getting sessions for all scopes...
2025-08-24 07:35:16.752 [info] Got 1 sessions for ...
2025-08-24 07:35:16.760 [info] Getting sessions for read:user,repo,user:email,workflow...
2025-08-24 07:35:16.761 [info] Got 1 sessions for read:user,repo,user:email,workflow...
2025-08-24 07:35:22.137 [info] Getting sessions for all scopes...
2025-08-24 07:35:22.137 [info] Got 1 sessions for ...
2025-08-24 07:35:22.138 [info] Getting sessions for all scopes...
2025-08-24 07:35:22.138 [info] Got 1 sessions for ...
2025-08-24 07:35:22.188 [info] Getting sessions for read:user,repo,user:email,workflow...
2025-08-24 07:35:22.188 [info] Got 1 sessions for read:user,repo,user:email,workflow...
2025-08-24 07:35:22.192 [info] Getting sessions for all scopes...
2025-08-24 07:35:22.193 [info] Got 1 sessions for ...
2025-08-24 07:35:22.194 [info] Getting sessions for read:user,repo,user:email,workflow...
2025-08-24 07:35:22.194 [info] Got 1 sessions for read:user,repo,user:email,workflow...
2025-08-24 07:35:22.360 [info] Getting sessions for all scopes...
2025-08-24 07:35:22.361 [info] Got 1 sessions for ...
2025-08-24 07:35:22.372 [info] Getting sessions for read:user,repo,user:email,workflow...
2025-08-24 07:35:22.372 [info] Got 1 sessions for read:user,repo,user:email,workflow...
2025-08-24 07:35:22.379 [info] Getting sessions for all scopes...
2025-08-24 07:35:22.379 [info] Got 1 sessions for ...
2025-08-24 07:35:22.382 [info] Getting sessions for all scopes...
2025-08-24 07:35:22.382 [info] Got 1 sessions for ...
2025-08-24 07:35:24.027 [info] Getting sessions for all scopes...
2025-08-24 07:35:24.027 [info] Got 1 sessions for ...
2025-08-24 07:42:54.972 [info] Getting sessions for read:user,repo,user:email,workflow...
2025-08-24 07:42:54.972 [info] Got 1 sessions for read:user,repo,user:email,workflow...
2025-08-24 07:45:15.596 [info] Getting sessions for all scopes...
2025-08-24 07:45:15.596 [info] Got 1 sessions for ...
2025-08-24 07:45:15.599 [info] Getting sessions for read:user,repo,user:email,workflow...
2025-08-24 07:45:15.599 [info] Got 1 sessions for read:user,repo,user:email,workflow...
