2025-08-24 07:34:06.923 [info] Reading sessions from keychain...
2025-08-24 07:34:06.923 [info] Getting sessions for all scopes...
2025-08-24 07:34:07.253 [info] Got stored sessions!
2025-08-24 07:34:07.254 [info] Got 1 verified sessions.
2025-08-24 07:34:07.254 [info] Got 1 sessions for ...
2025-08-24 07:34:07.254 [info] Getting sessions for all scopes...
2025-08-24 07:34:07.254 [info] Got 1 sessions for ...
2025-08-24 07:34:07.254 [info] Getting sessions for all scopes...
2025-08-24 07:34:07.254 [info] Got 1 sessions for ...
2025-08-24 07:34:07.255 [info] Getting sessions for all scopes...
2025-08-24 07:34:07.255 [info] Got 1 sessions for ...
2025-08-24 07:34:07.255 [info] Getting sessions for all scopes...
2025-08-24 07:34:07.255 [info] Got 1 sessions for ...
2025-08-24 07:34:07.255 [info] Getting sessions for all scopes...
2025-08-24 07:34:07.255 [info] Got 1 sessions for ...
2025-08-24 07:34:07.255 [info] Getting sessions for all scopes...
2025-08-24 07:34:07.256 [info] Got 1 sessions for ...
2025-08-24 07:34:07.667 [info] Getting sessions for all scopes...
2025-08-24 07:34:07.667 [info] Got 1 sessions for ...
2025-08-24 07:34:07.668 [info] Getting sessions for all scopes...
2025-08-24 07:34:07.668 [info] Got 1 sessions for ...
2025-08-24 07:34:07.668 [info] Getting sessions for all scopes...
2025-08-24 07:34:07.668 [info] Got 1 sessions for ...
2025-08-24 07:34:07.669 [info] Getting sessions for all scopes...
2025-08-24 07:34:07.669 [info] Got 1 sessions for ...
2025-08-24 07:34:07.669 [info] Getting sessions for all scopes...
2025-08-24 07:34:07.669 [info] Got 1 sessions for ...
2025-08-24 07:34:07.670 [info] Getting sessions for all scopes...
2025-08-24 07:34:07.670 [info] Got 1 sessions for ...
2025-08-24 07:34:07.727 [info] Getting sessions for all scopes...
2025-08-24 07:34:07.727 [info] Got 1 sessions for ...
2025-08-24 07:34:12.127 [info] Getting sessions for all scopes...
2025-08-24 07:34:12.127 [info] Got 1 sessions for ...
2025-08-24 07:34:21.143 [info] Getting sessions for all scopes...
2025-08-24 07:34:21.143 [info] Got 1 sessions for ...
2025-08-24 07:34:21.144 [info] Getting sessions for all scopes...
2025-08-24 07:34:21.144 [info] Got 1 sessions for ...
2025-08-24 07:34:21.145 [info] Getting sessions for all scopes...
2025-08-24 07:34:21.146 [info] Got 1 sessions for ...
2025-08-24 07:34:21.246 [info] Getting sessions for read:user,repo,user:email...
2025-08-24 07:34:21.247 [info] Got 0 sessions for read:user,repo,user:email...
2025-08-24 07:34:21.247 [info] Getting sessions for all scopes...
2025-08-24 07:34:21.247 [info] Got 1 sessions for ...
2025-08-24 07:34:21.248 [info] Getting sessions for all scopes...
2025-08-24 07:34:21.248 [info] Got 1 sessions for ...
2025-08-24 07:34:22.401 [info] Getting sessions for read:user,repo,user:email,workflow...
2025-08-24 07:34:22.401 [info] Got 1 sessions for read:user,repo,user:email,workflow...
2025-08-24 07:34:22.402 [info] Getting sessions for all scopes...
2025-08-24 07:34:22.402 [info] Got 1 sessions for ...
2025-08-24 07:34:22.424 [info] Getting sessions for all scopes...
2025-08-24 07:34:22.424 [info] Got 1 sessions for ...
2025-08-24 07:34:22.425 [info] Getting sessions for read:user,repo,user:email,workflow...
2025-08-24 07:34:22.425 [info] Got 1 sessions for read:user,repo,user:email,workflow...
2025-08-24 07:34:22.439 [info] Getting sessions for all scopes...
2025-08-24 07:34:22.440 [info] Got 1 sessions for ...
2025-08-24 07:34:22.763 [info] Getting sessions for read:user,repo,user:email,workflow...
2025-08-24 07:34:22.763 [info] Got 1 sessions for read:user,repo,user:email,workflow...
2025-08-24 07:34:22.795 [info] Getting sessions for all scopes...
2025-08-24 07:34:22.795 [info] Got 1 sessions for ...
2025-08-24 07:34:22.797 [info] Getting sessions for read:user,repo,user:email,workflow...
2025-08-24 07:34:22.798 [info] Got 1 sessions for read:user,repo,user:email,workflow...
2025-08-24 07:34:23.503 [info] Getting sessions for all scopes...
2025-08-24 07:34:23.503 [info] Got 1 sessions for ...
2025-08-24 07:34:23.515 [info] Getting sessions for read:user,repo,user:email,workflow...
2025-08-24 07:34:23.515 [info] Got 1 sessions for read:user,repo,user:email,workflow...
2025-08-24 07:34:26.692 [info] Getting sessions for all scopes...
2025-08-24 07:34:26.692 [info] Got 1 sessions for ...
2025-08-24 07:34:26.693 [info] Getting sessions for all scopes...
2025-08-24 07:34:26.693 [info] Got 1 sessions for ...
2025-08-24 07:34:26.845 [info] Getting sessions for read:user,repo,user:email,workflow...
2025-08-24 07:34:26.845 [info] Got 1 sessions for read:user,repo,user:email,workflow...
2025-08-24 07:34:26.890 [info] Getting sessions for all scopes...
2025-08-24 07:34:26.890 [info] Got 1 sessions for ...
2025-08-24 07:34:26.892 [info] Getting sessions for read:user,repo,user:email,workflow...
2025-08-24 07:34:26.892 [info] Got 1 sessions for read:user,repo,user:email,workflow...
2025-08-24 07:34:27.089 [info] Getting sessions for all scopes...
2025-08-24 07:34:27.089 [info] Got 1 sessions for ...
2025-08-24 07:34:27.136 [info] Getting sessions for read:user,repo,user:email,workflow...
2025-08-24 07:34:27.136 [info] Got 1 sessions for read:user,repo,user:email,workflow...
2025-08-24 07:34:27.145 [info] Getting sessions for all scopes...
2025-08-24 07:34:27.145 [info] Got 1 sessions for ...
2025-08-24 07:34:27.147 [info] Getting sessions for all scopes...
2025-08-24 07:34:27.148 [info] Got 1 sessions for ...
2025-08-24 07:34:28.819 [info] Getting sessions for all scopes...
2025-08-24 07:34:28.819 [info] Got 1 sessions for ...
